/Users/philcarbone/src/whizbang/src/Whizbang.Core/.whizbang-generated/Whizbang.Generators/Whizbang.Generators.MessageJsonContextGenerator/MessageJsonContext.g.cs(191,16): warning CS8619: Nullability of reference types in value of type 'Action<object, TProperty>' doesn't match target type 'Action<object, TProperty?>'. [/Users/philcarbone/src/whizbang/src/Whizbang.Core/Whizbang.Core.csproj]
/Users/philcarbone/src/whizbang/src/Whizbang.Core/Dispatcher.cs(369,32): warning CS8604: Possible null reference argument for parameter 'message' in 'ValueTask<TResult> ReceptorInvoker<TResult>.Invoke(object message)'. [/Users/philcarbone/src/whizbang/src/Whizbang.Core/Whizbang.Core.csproj]
/Users/philcarbone/src/whizbang/src/Whizbang.Core/Dispatcher.cs(535,19): warning CS8604: Possible null reference argument for parameter 'message' in 'ValueTask VoidReceptorInvoker.Invoke(object message)'. [/Users/philcarbone/src/whizbang/src/Whizbang.Core/Whizbang.Core.csproj]
/Users/philcarbone/src/whizbang/src/Whizbang.Core/Transports/DispatcherTransportBridge.cs(105,34): warning CS8714: The type 'TRequest' cannot be used as type parameter 'TRequest' in the generic type or method 'ITransport.SendAsync<TRequest, TResponse>(IMessageEnvelope, TransportDestination, CancellationToken)'. Nullability of type argument 'TRequest' doesn't match 'notnull' constraint. [/Users/philcarbone/src/whizbang/src/Whizbang.Core/Whizbang.Core.csproj]
/Users/philcarbone/src/whizbang/src/Whizbang.Core/Transports/DispatcherTransportBridge.cs(105,34): warning CS8714: The type 'TResponse' cannot be used as type parameter 'TResponse' in the generic type or method 'ITransport.SendAsync<TRequest, TResponse>(IMessageEnvelope, TransportDestination, CancellationToken)'. Nullability of type argument 'TResponse' doesn't match 'notnull' constraint. [/Users/philcarbone/src/whizbang/src/Whizbang.Core/Whizbang.Core.csproj]
/Users/philcarbone/src/whizbang/src/Whizbang.Core/Pooling/PooledValueTaskSource.cs(43,19): warning CS0414: The field 'PooledValueTaskSource<T>._scheduler' is assigned but its value is never used [/Users/philcarbone/src/whizbang/src/Whizbang.Core/Whizbang.Core.csproj]
/Users/philcarbone/src/whizbang/src/Whizbang.Core/Pooling/PooledValueTaskSource.cs(42,29): warning CS0414: The field 'PooledValueTaskSource<T>._executionContext' is assigned but its value is never used [/Users/philcarbone/src/whizbang/src/Whizbang.Core/Whizbang.Core.csproj]
/Users/philcarbone/src/whizbang/src/Whizbang.Core/Workers/ServiceBusConsumerWorker.cs(238,24): warning IL2026: Using member 'System.Text.Json.JsonSerializer.Serialize<TValue>(TValue, JsonSerializerOptions)' which has 'RequiresUnreferencedCodeAttribute' can break functionality when trimming application code. JSON serialization and deserialization might require types that cannot be statically analyzed. Use the overload that takes a JsonTypeInfo or JsonSerializerContext, or make sure all of the required types are preserved. [/Users/philcarbone/src/whizbang/src/Whizbang.Core/Whizbang.Core.csproj]
/Users/philcarbone/src/whizbang/src/Whizbang.Core/Workers/ServiceBusConsumerWorker.cs(239,24): warning IL2026: Using member 'System.Text.Json.JsonSerializer.Deserialize<TValue>(String, JsonSerializerOptions)' which has 'RequiresUnreferencedCodeAttribute' can break functionality when trimming application code. JSON serialization and deserialization might require types that cannot be statically analyzed. Use the overload that takes a JsonTypeInfo or JsonSerializerContext, or make sure all of the required types are preserved. [/Users/philcarbone/src/whizbang/src/Whizbang.Core/Whizbang.Core.csproj]
/Users/philcarbone/src/whizbang/src/Whizbang.Core/Workers/ServiceBusConsumerWorker.cs(266,25): warning IL2057: Unrecognized value passed to the parameter 'typeName' of method 'System.Type.GetType(String)'. It's not possible to guarantee the availability of the target type. [/Users/philcarbone/src/whizbang/src/Whizbang.Core/Whizbang.Core.csproj]
/Users/philcarbone/src/whizbang/src/Whizbang.Core/Workers/ServiceBusConsumerWorker.cs(273,20): warning IL2026: Using member 'System.Text.Json.JsonSerializer.Deserialize(JsonElement, Type, JsonSerializerOptions)' which has 'RequiresUnreferencedCodeAttribute' can break functionality when trimming application code. JSON serialization and deserialization might require types that cannot be statically analyzed. Use the overload that takes a JsonTypeInfo or JsonSerializerContext, or make sure all of the required types are preserved. [/Users/philcarbone/src/whizbang/src/Whizbang.Core/Whizbang.Core.csproj]
/Users/philcarbone/src/whizbang/src/Whizbang.Core/Dispatcher.cs(1092,24): warning IL2026: Using member 'System.Text.Json.JsonSerializer.Serialize<TValue>(TValue, JsonSerializerOptions)' which has 'RequiresUnreferencedCodeAttribute' can break functionality when trimming application code. JSON serialization and deserialization might require types that cannot be statically analyzed. Use the overload that takes a JsonTypeInfo or JsonSerializerContext, or make sure all of the required types are preserved. [/Users/philcarbone/src/whizbang/src/Whizbang.Core/Whizbang.Core.csproj]
/Users/philcarbone/src/whizbang/src/Whizbang.Core/Dispatcher.cs(1093,24): warning IL2026: Using member 'System.Text.Json.JsonSerializer.Deserialize<TValue>(String, JsonSerializerOptions)' which has 'RequiresUnreferencedCodeAttribute' can break functionality when trimming application code. JSON serialization and deserialization might require types that cannot be statically analyzed. Use the overload that takes a JsonTypeInfo or JsonSerializerContext, or make sure all of the required types are preserved. [/Users/philcarbone/src/whizbang/src/Whizbang.Core/Whizbang.Core.csproj]
/Users/philcarbone/src/whizbang/tests/Whizbang.Sequencing.Tests/.whizbang-generated/Whizbang.Generators/Whizbang.Generators.MessageJsonContextGenerator/MessageJsonContext.g.cs(191,16): warning CS8619: Nullability of reference types in value of type 'Action<object, TProperty>' doesn't match target type 'Action<object, TProperty?>'. [/Users/philcarbone/src/whizbang/tests/Whizbang.Sequencing.Tests/Whizbang.Sequencing.Tests.csproj]
CSC : warning WHIZ009: Event type 'TestEvent' implements IEvent but has no property or parameter marked with [StreamKey]. Stream key resolution will fail at runtime. [/Users/philcarbone/src/whizbang/tests/Whizbang.Core.Tests/Whizbang.Core.Tests.csproj]
CSC : warning WHIZ009: Event type '_testEvent' implements IEvent but has no property or parameter marked with [StreamKey]. Stream key resolution will fail at runtime. [/Users/philcarbone/src/whizbang/tests/Whizbang.Core.Tests/Whizbang.Core.Tests.csproj]
CSC : warning WHIZ009: Event type 'TestResponse' implements IEvent but has no property or parameter marked with [StreamKey]. Stream key resolution will fail at runtime. [/Users/philcarbone/src/whizbang/tests/Whizbang.Core.Tests/Whizbang.Core.Tests.csproj]
CSC : warning WHIZ009: Event type '_testEvent1' implements IEvent but has no property or parameter marked with [StreamKey]. Stream key resolution will fail at runtime. [/Users/philcarbone/src/whizbang/tests/Whizbang.Core.Tests/Whizbang.Core.Tests.csproj]
CSC : warning WHIZ009: Event type '_testEvent2' implements IEvent but has no property or parameter marked with [StreamKey]. Stream key resolution will fail at runtime. [/Users/philcarbone/src/whizbang/tests/Whizbang.Core.Tests/Whizbang.Core.Tests.csproj]
CSC : warning WHIZ009: Event type '_testEvent3' implements IEvent but has no property or parameter marked with [StreamKey]. Stream key resolution will fail at runtime. [/Users/philcarbone/src/whizbang/tests/Whizbang.Core.Tests/Whizbang.Core.Tests.csproj]
CSC : warning WHIZ009: Event type 'InvalidEvent' implements IEvent but has no property or parameter marked with [StreamKey]. Stream key resolution will fail at runtime. [/Users/philcarbone/src/whizbang/tests/Whizbang.Core.Tests/Whizbang.Core.Tests.csproj]
CSC : warning WHIZ009: Event type 'ServiceBusWorkerTestEvent' implements IEvent but has no property or parameter marked with [StreamKey]. Stream key resolution will fail at runtime. [/Users/philcarbone/src/whizbang/tests/Whizbang.Core.Tests/Whizbang.Core.Tests.csproj]
CSC : warning WHIZ009: Event type 'TestMessage' implements IEvent but has no property or parameter marked with [StreamKey]. Stream key resolution will fail at runtime. [/Users/philcarbone/src/whizbang/tests/Whizbang.Core.Tests/Whizbang.Core.Tests.csproj]
/Users/philcarbone/src/whizbang/tests/Whizbang.Core.Tests/JsonContextRegistryTests.cs(58,23): warning CS8602: Dereference of a possibly null reference. [/Users/philcarbone/src/whizbang/tests/Whizbang.Core.Tests/Whizbang.Core.Tests.csproj]
/Users/philcarbone/src/whizbang/tests/Whizbang.Core.Tests/Dispatcher/DispatcherTests.cs(422,23): warning CS8602: Dereference of a possibly null reference. [/Users/philcarbone/src/whizbang/tests/Whizbang.Core.Tests/Whizbang.Core.Tests.csproj]
/Users/philcarbone/src/whizbang/tests/Whizbang.Core.Tests/Dispatcher/DispatcherTests.cs(435,23): warning CS8602: Dereference of a possibly null reference. [/Users/philcarbone/src/whizbang/tests/Whizbang.Core.Tests/Whizbang.Core.Tests.csproj]
/Users/philcarbone/src/whizbang/tests/Whizbang.Core.Tests/.whizbang-generated/Whizbang.Generators/Whizbang.Generators.MessageJsonContextGenerator/MessageJsonContext.g.cs(529,16): warning CS8619: Nullability of reference types in value of type 'Action<object, TProperty>' doesn't match target type 'Action<object, TProperty?>'. [/Users/philcarbone/src/whizbang/tests/Whizbang.Core.Tests/Whizbang.Core.Tests.csproj]
/Users/philcarbone/src/whizbang/tests/Whizbang.Core.Tests/Messaging/ScopedWorkCoordinatorStrategyImmediateProcessingTests.cs(292,18): warning CS8602: Dereference of a possibly null reference. [/Users/philcarbone/src/whizbang/tests/Whizbang.Core.Tests/Whizbang.Core.Tests.csproj]
/Users/philcarbone/src/whizbang/tests/Whizbang.Core.Tests/Messaging/OrderedStreamProcessorTests.cs(329,18): warning CS8602: Dereference of a possibly null reference. [/Users/philcarbone/src/whizbang/tests/Whizbang.Core.Tests/Whizbang.Core.Tests.csproj]
/Users/philcarbone/src/whizbang/tests/Whizbang.Core.Tests/Messaging/IntervalWorkCoordinatorStrategyTests.cs(315,18): warning CS8602: Dereference of a possibly null reference. [/Users/philcarbone/src/whizbang/tests/Whizbang.Core.Tests/Whizbang.Core.Tests.csproj]
/Users/philcarbone/src/whizbang/tests/Whizbang.Core.Tests/WhizbangBuilderTests.cs(35,23): warning CS8602: Dereference of a possibly null reference. [/Users/philcarbone/src/whizbang/tests/Whizbang.Core.Tests/Whizbang.Core.Tests.csproj]
/Users/philcarbone/src/whizbang/tests/Whizbang.Core.Tests/Transports/TransportLifecycleTests.cs(148,16): warning CS0649: Field 'FailingInitializationTransport._isInitialized' is never assigned to, and will always have its default value false [/Users/philcarbone/src/whizbang/tests/Whizbang.Core.Tests/Whizbang.Core.Tests.csproj]
CSC : warning WHIZ009: Event type 'PostgresRetryTestEvent' implements IEvent but has no property or parameter marked with [StreamKey]. Stream key resolution will fail at runtime. [/Users/philcarbone/src/whizbang/tests/Whizbang.Data.Postgres.Tests/Whizbang.Data.Postgres.Tests.csproj]
/Users/philcarbone/src/whizbang/tests/Whizbang.Data.Postgres.Tests/DapperPostgresEventStore.RetryTests.cs(12,7): warning CS0105: The using directive for 'Whizbang.Core.Tests.Generated' appeared previously in this namespace [/Users/philcarbone/src/whizbang/tests/Whizbang.Data.Postgres.Tests/Whizbang.Data.Postgres.Tests.csproj]
/Users/philcarbone/src/whizbang/tests/Whizbang.Data.Postgres.Tests/DapperPostgresEventStoreTests.cs(7,7): warning CS0105: The using directive for 'Whizbang.Core.Tests.Generated' appeared previously in this namespace [/Users/philcarbone/src/whizbang/tests/Whizbang.Data.Postgres.Tests/Whizbang.Data.Postgres.Tests.csproj]
/Users/philcarbone/src/whizbang/tests/Whizbang.Data.Postgres.Tests/DapperPostgresRequestResponseStoreTests.cs(3,7): warning CS0105: The using directive for 'Whizbang.Core.Tests.Generated' appeared previously in this namespace [/Users/philcarbone/src/whizbang/tests/Whizbang.Data.Postgres.Tests/Whizbang.Data.Postgres.Tests.csproj]
/Users/philcarbone/src/whizbang/tests/Whizbang.Data.Postgres.Tests/.whizbang-generated/Whizbang.Generators/Whizbang.Generators.MessageJsonContextGenerator/MessageJsonContext.g.cs(217,16): warning CS8619: Nullability of reference types in value of type 'Action<object, TProperty>' doesn't match target type 'Action<object, TProperty?>'. [/Users/philcarbone/src/whizbang/tests/Whizbang.Data.Postgres.Tests/Whizbang.Data.Postgres.Tests.csproj]

████████╗██╗   ██╗███╗   ██╗██╗████████╗
╚══██╔══╝██║   ██║████╗  ██║██║╚══██╔══╝
   ██║   ██║   ██║██╔██╗ ██║██║   ██║
   ██║   ██║   ██║██║╚██╗██║██║   ██║
   ██║   ╚██████╔╝██║ ╚████║██║   ██║
   ╚═╝    ╚═════╝ ╚═╝  ╚═══╝╚═╝   ╚═╝

   TUnit v1.2.11.0 | 64-bit | macOS 26.1.0 | osx-arm64 | .NET 10.0.0 | Microsoft Testing Platform v2.0.2

   Engine Mode: SourceGenerated

passed Queued_CreatesReceiptWithQueuedStatusAsync (25ms)
passed Accepted_CreatesReceiptWithAcceptedStatusAsync (25ms)
passed Failed_CreatesReceiptWithFailedStatusAsync (2ms)
passed Timestamp_IsSetToCurrentTime_WhenReceiptCreatedAsync (0ms)
passed Delivered_CreatesReceiptWithDeliveredStatusAsync (0ms)
passed AllProperties_AreAccessible_ThroughInterfaceAsync (0ms)
passed Metadata_IsEmptyByDefault_WhenNoMetadataProvidedAsync (2ms)
passed Constructor_ThrowsArgumentNullException_WhenDestinationIsNullAsync (1ms)
passed Constructor_WithMetadata_CopiesMetadataDictionaryAsync (4ms)
passed LocalInvokeAsync_VoidReceptor_WithNullContext_ThrowsArgumentNullExceptionAsync (9ms)
passed LocalInvokeAsync_WithNullContext_ThrowsArgumentNullExceptionAsync (6ms)
passed LocalInvokeAsync_VoidReceptor_NoHandler_ShouldThrowHandlerNotFoundExceptionAsync (0ms)
passed LocalInvokeAsync_VoidReceptor_AsynchronousCompletion_ShouldCompleteAsync (14ms)
passed Dispatcher_ShouldTrackCausationChainInReceiptAsync (4ms)
passed Dispatcher_ShouldRouteToCorrectHandlerAsync (32ms)
passed Publish_WithEvent_ShouldNotifyAllHandlersAsync (2ms)
passed LocalInvokeMany_WithMultipleCommands_ShouldReturnAllResultsAsync (33ms)
passed LocalInvoke_WithContext_ShouldPreserveContextAsync (1ms)
passed LocalInvoke_WithUnknownMessageType_ShouldThrowHandlerNotFoundExceptionAsync (0ms)
passed Send_WithUnknownMessageType_ShouldThrowHandlerNotFoundExceptionAsync (1ms)
passed Send_WithContext_ShouldPreserveCorrelationIdInReceiptAsync (3ms)
passed SendMany_WithMultipleCommands_ShouldReturnAllReceiptsAsync (45ms)
passed Dispatcher_MultipleReceptorsSameMessage_ShouldRouteToAllAsync (1ms)
passed DiagnosticCategory_IndividualFlags_HaveUniqueValuesAsync (0ms)
passed DiagnosticCategory_None_HasValueZeroAsync (0ms)
passed DiagnosticCategory_All_CombinesAllCategoriesAsync (1ms)
passed DiagnosticCategory_SupportsFlags_BitwiseOperationsAsync (0ms)
passed DiagnosticEntry_Constructor_CreatesInstanceWithAllPropertiesAsync (0ms)
passed DiagnosticEntry_RecordEquality_ComparesAllPropertiesAsync (0ms)
passed DiagnosticEntry_ToString_ReturnsReadableStringAsync (0ms)
passed Diagnostics_ShouldFilterByCategoryAsync (1ms)
passed Diagnostics_ShouldCollectReceptorDiscoveryInfoAsync (0ms)
passed Diagnostics_ShouldCaptureTimestampAsync (1ms)
passed Diagnostics_ShouldDisplayFormattedOutputAsync (0ms)
passed InfrastructureJsonContext_IgnoresNullPropertiesWhenSerializing_Async (20ms)
passed InfrastructureJsonContext_SerializesServiceInstanceInfo_Async (0ms)
passed InfrastructureJsonContext_SerializesEnvelopeMetadata_Async (1ms)
passed InfrastructureJsonContext_SerializesMessageHop_Async (0ms)
passed Initialize_RunsBeforeMain_ViaModuleInitializerAsync (1ms)
passed Initialize_RegistersConverters_Async (0ms)
passed Initialize_RegistersContextsWithRegistry_Async (0ms)
passed Dispatcher_MessageContext_ShouldGenerateUniqueMessageIdsAsync (82ms)
passed Integration_Workflow_ShouldCarryForwardCausationHopsAsync (5ms)
passed Integration_SequentialMessages_ShouldProcessInOrderAsync (990ms)
passed Integration_ReceptorValidationFailure_ShouldPropagateExceptionAsync (1ms)
passed LocalInvoke_WithValidMessage_ShouldReturnBusinessResultAsync (1s 053ms)
passed Send_WithValidMessage_ShouldReturnDeliveryReceiptAsync (1s 053ms)
passed Integration_AsyncReceptorExecution_ShouldCompleteAsyncWorkAsync (9ms)
passed Integration_UnregisteredMessage_ShouldThrowHandlerNotFoundAsync (9ms)
passed Integration_WithContext_ShouldPreserveContextThroughFlowAsync (11ms)
passed ExtractEvents_WithNonEvent_ReturnsEmptyAsync (1ms)
passed ExtractEvents_WithNull_ReturnsEmptyAsync (1ms)
passed ExtractEvents_WithTupleOfNonEvents_ReturnsEmptyAsync (1ms)
passed ExtractEvents_WithEmptyArray_ReturnsEmptyAsync (0ms)
passed ExtractEvents_WithEmptyEnumerable_ReturnsEmptyAsync (0ms)
passed SendManyAsync_Generic_DifferentFromNonGenericVersionAsync (1s 064ms)
passed ExtractEvents_WithTuple_ExtractsOnlyEventsAsync (1ms)
passed ExtractEvents_WithEventArray_ReturnsAllEventsAsync (1ms)
passed ExtractEvents_WithValueTuple_ExtractsOnlyEventsAsync (2ms)
passed ExtractEvents_WithTupleContainingEventArray_FlattensProperlyAsync (2ms)
passed ExtractEvents_WithNestedEnumerable_FlattensProperlyAsync (2ms)
passed ExtractEvents_WithMixedComplexStructure_ExtractsAllEventsAsync (0ms)
passed ExtractEvents_WithSingleEvent_ReturnsSingleEventAsync (0ms)
passed ExtractEvents_WithEventEnumerable_ReturnsAllEventsAsync (0ms)
passed Integration_Hops_ShouldPreserveSecurityContextAsync (4ms)
passed CreateCombinedOptions_IsAOTCompatible_NoReflectionAsync (0ms)
passed RegisterConverter_WithConverterInstance_AddsToConverterCollectionAsync (0ms)
passed RegisterConverter_WithNull_ThrowsArgumentNullExceptionAsync (0ms)
passed RegisteredConverters_AreInstantiatedAtCompileTime_NotRuntimeAsync (0ms)
passed Integration_SimpleCommandFlow_ShouldProcessCompletelyAsync (32ms)
passed Integration_ParallelMessages_ShouldProcessConcurrentlyAsync (1s 023ms)
passed Integration_Dispatcher_ShouldCreateEnvelopeWithInitialHopAsync (5ms)
passed Integration_CompleteWorkflow_ShouldProcessMultiStepFlowAsync (15ms)
passed Integration_MultipleReceptorTypes_ShouldRouteCorrectlyAsync (15ms)
passed Integration_ServiceProvider_ShouldResolveAllDependenciesAsync (15ms)
passed Integration_Hops_ShouldCaptureCallerInformationAsync (6ms)
passed CreateCombinedOptions_WithRegisteredConverters_IncludesConvertersInOptionsAsync (3ms)
passed JsonElementHelper_FromInt32_WithValidInt_ReturnsJsonElementAsync (3ms)
passed JsonElementHelper_FromInt32_WithNegative_ReturnsNegativeJsonElementAsync (1ms)
passed JsonElementHelper_FromString_WithNull_ReturnsNullJsonElementAsync (2ms)
passed JsonElementHelper_FromString_WithEmptyString_ReturnsEmptyJsonStringAsync (3ms)
passed JsonElementHelper_FromString_WithValidString_ReturnsJsonElementAsync (3ms)
passed JsonElementHelper_FromInt32_WithZero_ReturnsZeroJsonElementAsync (1ms)
passed JsonElementHelper_FromString_WithSpecialCharacters_EscapesCorrectlyAsync (3ms)
passed JsonElementHelper_FromBoolean_WithTrue_ReturnsJsonElementAsync (3ms)
passed JsonElementHelper_FromBoolean_WithFalse_ReturnsJsonElementAsync (3ms)
passed New_GeneratesUniqueMessageIds_AcrossMultipleCallsAsync (0ms)
passed IsReadyAsync_WithCancelledToken_StillReturnsTrueAsync (0ms)
passed New_GeneratesAllNewIdentifiersAsync (0ms)
passed UserId_IsNullByDefaultAsync (0ms)
passed IsReadyAsync_MultipleCalls_AlwaysReturnsTrueAsync (0ms)
passed IsReadyAsync_AlwaysReturnsTrue_WithDefaultCancellationTokenAsync (0ms)
passed IsReadyAsync_ImplementsInterface_IDatabaseReadinessCheckAsync (0ms)
passed Metadata_IsEmptyByDefaultAsync (1ms)
passed IsReadyAsync_AlwaysReturnsTrue_WithCustomCancellationTokenAsync (0ms)
passed DefaultConstructor_InitializesRequiredProperties_AutomaticallyAsync (3ms)
passed EnqueueAndLeaseAsync_DuplicateMessage_ReturnsFalse_IdempotencyCheckAsync (1ms)
passed EnqueueAndLeaseAsync_NewMessage_ReturnsTrue_AndLeasesMessageAsync (1ms)
passed CompleteAsync_WithLeasedMessage_RemovesFromQueueAsync (1ms)
passed LeaseOrphanedMessagesAsync_WithExpiredLeases_ClaimsMessagesAsync (3ms)
passed Create_WithCorrelationId_GeneratesNewMessageIdAndCausationIdAsync (4ms)
passed Create_WithCorrelationIdAndCausationId_UsesProvidedCausationIdAsync (4ms)
passed Properties_CanBeSetViaInitializer_WithInitSyntaxAsync (5ms)
passed ReadAsync_FromEmptyStream_ShouldReturnEmptyAsync (1ms)
passed GetLastSequenceAsync_EmptyStream_ShouldReturnMinusOneAsync (4ms)
passed GetLastSequenceAsync_AfterAppends_ShouldReturnCorrectSequenceAsync (4ms)
passed AppendAsync_WithNullEnvelope_ShouldThrowAsync (0ms)
passed ReadAsync_FromMiddle_ShouldReturnSubsetAsync (3ms)
passed ReadAsync_ShouldReturnEventsInOrderAsync (5ms)
passed AppendAsync_ConcurrentAppends_ShouldBeThreadSafeAsync (3ms)
passed AppendAsync_DifferentStreams_ShouldBeIndependentAsync (5ms)
passed AppendAsync_ShouldStoreEventAsync (3ms)
passed SaveRequestAsync_ShouldStoreRequestAsync (1ms)
passed Integration_MultipleMessages_ShouldCreateSeparateEnvelopesAsync (16ms)
passed SaveResponseAsync_BeforeSaveRequest_ShouldNotCauseProblemAsync (2ms)
passed WaitForResponseAsync_WhenRequestNotFound_ShouldReturnNullAsync (1ms)
passed SaveResponseAsync_BeforeSaveRequest_ThenSaveRequest_ShouldGetResponseAsync (1ms)
passed SaveResponseAsync_WithNullResponse_ShouldThrowAsync (0ms)
passed CleanupExpiredAsync_ShouldNotThrowAsync (1ms)
passed MessageFailureReason_HasExpectedValuesAsync (0ms)
passed MessageFailureReason_CanConvertToIntAsync (0ms)
passed ManualFlushAsync_DoesNotWaitForTimerAsync (3ms)
passed MessageFailure_WithoutReason_DefaultsToUnknownAsync (3ms)
passed MessageFailure_WithReason_StoresReasonAsync (3ms)
passed MessageFailureReason_CanConvertFromIntAsync (3ms)
passed MessageFailure_AllReasonTypes_CanBeAssignedAsync (3ms)
passed PerspectiveCheckpointRecord_WithUUIDv7EventId_MaintainsTemporalOrderAsync (0ms)
passed FlushAsync_ImmediatelyCallsWorkCoordinatorAsync (16ms)
passed QueueOutboxMessage_FlushesOnCallAsync (16ms)
passed ProcessInboxWorkAsync_SingleStream_ProcessesInOrderAsync (6ms)
passed QueueInboxMessage_FlushesOnCallAsync (16ms)
passed ProcessOutboxWorkAsync_SameStreamSameOrder_ProcessesSequentiallyAsync (6ms)
passed QueuedMessage_WithAllProperties_CreatesInstanceAsync (0ms)
passed PerspectiveCheckpointRecord_UpdatesProcessedAt_WhenCheckpointAdvancesAsync (4ms)
passed QueuedMessage_WithoutMetadata_AllowsNullAsync (0ms)
passed QueuedMessage_ValueEquality_ComparesByValueAsync (0ms)
passed PerspectiveCheckpointRecord_WithError_StoresErrorMessageAsync (4ms)
passed PerspectiveCheckpointRecord_WithAllProperties_CreatesInstanceAsync (2ms)
passed ProcessInboxWorkAsync_StreamWithError_ContinuesOtherStreamsAsync (7ms)
passed FlushAsync_WithOrderedWork_MaintainsOrderInChannelAsync (2ms)
passed FlushAsync_MultipleFlushes_AllWorkWrittenToChannelAsync (2ms)
passed FlushAsync_NoReturnedWork_DoesNotWriteToChannelAsync (2ms)
passed FlushAsync_WithReturnedWork_WritesToChannelImmediatelyAsync (2ms)
passed ProcessInboxWorkAsync_PartialFailure_ReportsCorrectStatusAsync (8ms)
passed ServiceInstanceProvider_WithoutConfiguration_UsesAssemblyNameAsync (0ms)
passed QueuedMessage_Serialization_RoundTripsCorrectlyAsync (3ms)
passed ServiceInstanceProvider_GeneratesUUIDv7_ForInstanceIdAsync (0ms)
passed ServiceInstanceProvider_ToInfo_CachesResultAsync (0ms)
passed ServiceInstanceProvider_WithExplicitValues_UsesProvidedValuesAsync (0ms)
passed ServiceInstanceProvider_ToInfo_ReturnsServiceInstanceInfoAsync (0ms)
passed Handle_CanPreProcessRequestAsync (0ms)
passed Handle_CanPostProcessResponseAsync (0ms)
passed Handle_CanShortCircuitPipelineAsync (0ms)
passed ExecuteNextAsync_ShouldInvokeNextDelegateAsync (1ms)
passed PublishContext_HasPostCommit_ValueAsync (0ms)
passed PublishContext_HasImmediate_ValueAsync (0ms)
passed PerspectiveCheckpointRecord_Serialization_RoundTripsCorrectlyAsync (9ms)
passed PublishContext_ToString_ReturnsCorrectNamesAsync (0ms)
passed ServiceInstanceProvider_WithConfiguration_ResolvesServiceName_FromServiceNameKeyAsync (3ms)
passed ServiceInstanceProvider_ConfigurationPrecedence_WhizbangKeyOverridesServiceNameKeyAsync (3ms)
passed ServiceInstanceProvider_WithConfiguration_ResolvesServiceName_FromWhizbangKeyAsync (3ms)
passed Receive_CalculatesTotal_ShouldSumItemPricesAsync (1ms)
passed Receive_EmptyItems_ShouldThrowExceptionAsync (1ms)
passed VoidReceptor_SynchronousCompletion_ShouldCompleteWithoutAllocationAsync (1ms)
passed VoidReceptor_Validation_ShouldThrowExceptionAsync (0ms)
passed VoidReceptor_MultipleInvocations_ShouldBeStatelessAsync (1ms)
passed Receive_AsyncOperation_ShouldCompleteAsynchronouslyAsync (2ms)
passed VoidReceptor_CancellationToken_ShouldRespectCancellationAsync (1ms)
passed Receive_ValidCommand_ShouldReturnTypeSafeResponseAsync (2ms)
passed Receptor_ShouldBeStateless_NoPersistentStateAsync (2ms)
passed VoidReceptor_AsynchronousCompletion_ShouldCompleteAsync (1ms)
passed FlushAsync_BeforeDisposal_FlushesImmediatelyAsync (7ms)
passed CombineWithWhizbangContext_WithNullResolversArray_ThrowsArgumentNullExceptionAsync (0ms)
passed CombineWithWhizbangContext_WithEmptyResolversArray_CombinesWithWhizbangOnlyAsync (0ms)
passed Receptor_ArrayResponse_ShouldReturnDynamicNumberOfEventsAsync (2ms)
passed DisposeAsync_FlushesQueuedMessagesAsync (7ms)
passed CombineWithWhizbangContext_WithNullResolver_ThrowsArgumentNullExceptionAsync (0ms)
passed CombineWithWhizbangContext_WithNoRegisteredContexts_ThrowsInvalidOperationExceptionAsync (1ms)
passed CombineWithWhizbangContext_WithUserResolver_CombinesCorrectlyAsync (0ms)
passed CombineWithWhizbangContext_WithMultipleResolvers_CombinesCorrectlyAsync (0ms)
passed Receptor_TupleResponse_ShouldReturnMultipleEventsAsync (4ms)
passed AddWhizbang_RegistersCoreServices_SuccessfullyAsync (0ms)
passed StreamKeyAttribute_AttributeUsage_AllowsPropertyTargetAsync (1ms)
passed StreamKeyAttribute_AttributeUsage_AllowsParameterTargetAsync (1ms)
passed PublishContext_Immediate_IsNotEqualTo_PostCommitAsync (5ms)
passed MultipleReceptors_SameMessageType_ShouldAllHandleAsync (5ms)
passed StreamKeyAttribute_AttributeUsage_DoesNotAllowMultipleAsync (1ms)
passed StreamKeyAttribute_AttributeUsage_IsInheritedAsync (1ms)
passed AddWhizbang_WithValidServices_ReturnsWhizbangBuilderAsync (1ms)
passed ResolveStreamKey_WithGuidProperty_ReturnsStringValueAsync (0ms)
passed StreamKeyAttribute_DefaultConstructor_CreatesInstanceAsync (1ms)
passed ResolveStreamKey_WithNullValue_ThrowsAsync (0ms)
passed MultipleQueues_FlushedTogetherOnDisposalAsync (9ms)
passed ResolveStreamKey_WithStringProperty_ReturnsValueAsync (0ms)
passed ResolveStreamKey_WithNoStreamKeyAttribute_ThrowsAsync (0ms)
passed ResolveStreamKey_WithWhitespaceString_ThrowsAsync (0ms)
passed AddWhizbang_ReturnedBuilder_HasSameServicesAsync (2ms)
passed ResolveStreamKey_DifferentEventsForSameStream_ReturnsSameKeyAsync (0ms)
passed ResolveStreamKey_WithConstructorParameter_ReturnsValueAsync (0ms)
passed ResolveStreamKey_WithEmptyString_ThrowsAsync (1ms)
passed ServiceBusInfrastructureOptions_ServiceName_CanBeSetAsync (0ms)
passed GenerateAppHostCode_WithNoRequirements_ReturnsEmptyMessageAsync (0ms)
passed ServiceBusInfrastructureOptions_FailOnProvisioningError_CanBeEnabledAsync (0ms)
passed GenerateAppHostCode_WithSpecialCharacters_EscapesCorrectlyAsync (1ms)
passed GenerateAppHostCode_WithServiceName_IncludesServiceNameInCommentsAsync (1ms)
passed GenerateAppHostCode_WithMultipleRequirements_GeneratesCorrectCodeAsync (1ms)
passed GenerateAppHostCode_GroupsByTopic_WhenMultipleSubscriptionsAsync (1ms)
passed ServiceBusInfrastructureOptions_GenerateAspireConfigInDev_CanBeDisabledAsync (0ms)
passed GenerateAppHostCode_IncludesHeaderAndFooterAsync (1ms)
passed ServiceBusInfrastructureOptions_AutoCreateInProduction_CanBeDisabledAsync (0ms)
passed GenerateAppHostCode_GeneratesValidCSharpSyntaxAsync (1ms)
passed GenerateAppHostCode_WithSingleRequirement_GeneratesCorrectCodeAsync (1ms)
passed ServiceBusInfrastructureOptions_RequiredTopics_InitializedAsEmptyListAsync (1ms)
passed GenerateAppHostCode_SortsTopicsAlphabeticallyAsync (2ms)
passed ServiceBusInfrastructureOptions_RequiredTopics_CanBeModifiedAsync (0ms)
passed TopicRequirement_WithEmptyTopicName_AllowedAsync (0ms)
passed TopicRequirement_Constructor_SetsPropertiesAsync (0ms)
passed TopicRequirement_WithDifferentSubscriptionNames_AreNotEqualAsync (0ms)
passed TopicRequirement_WithSameValues_AreEqualAsync (0ms)
passed TopicRequirement_WithDifferentTopicNames_AreNotEqualAsync (0ms)
passed ServiceBusInfrastructureOptions_MultipleRequiredTopics_CanBeAddedAsync (0ms)
passed TopicRequirement_WithEmptySubscriptionName_AllowedAsync (0ms)
passed ITransport_BeforeInitialization_IsInitializedShouldBeFalseAsync (0ms)
passed TopicRequirement_ToString_ReturnsFormattedStringAsync (0ms)
passed TopicRequirement_Deconstruct_ExtractsValuesAsync (0ms)
passed ServiceBusInfrastructureOptions_DefaultValues_AreSetAsync (1ms)
passed ITransport_InitializeAsync_WithCancellation_ShouldThrowAsync (0ms)
passed AlwaysReadyCheck_ReturnsTrue_WhenCalledAsync (0ms)
passed ITransport_InitializeAsync_WithFailure_ShouldNotMarkInitializedAsync (1ms)
passed NeverReadyCheck_ReturnsFalse_WhenCalledAsync (0ms)
passed NewId_WithCustomProvider_UsesCustomProviderAsync (0ms)
passed NewId_WithUuid7Provider_ReturnsValidIdAsync (0ms)
passed ConfigurableCheck_CanChangeState_DynamicallyAsync (0ms)
passed ITransport_InitializeAsync_AfterFailure_CanRetryAsync (1ms)
passed ConfigurableCheck_ReturnsConfiguredValue_WhenCalledAsync (0ms)
passed ConfigurableCheck_RespectsCancellationToken_WhenCancelledAsync (1ms)
passed NewGuid_ShouldReturnNonEmptyGuidAsync (0ms)
passed IdTypes_New_GeneratesUniqueIdsAsync(System.Func`1[System.Guid], MessageId) (0ms)
passed IdTypes_New_GeneratesUniqueIdsAsync(System.Func`1[System.Guid], CorrelationId) (0ms)
passed Provider_WithNullBaseProvider_ThrowsArgumentNullExceptionAsync (0ms)
passed NewGuid_CalledSequentially_ShouldReturnTimeOrderedGuidsAsync (0ms)
passed NewGuid_CalledMultipleTimes_ShouldReturnUniqueGuidsAsync (0ms)
passed NewGuid_ShouldReturnValidUuidV7FormatAsync (0ms)
passed NewGuid_HighVolume_ShouldMaintainOrderingAsync (1ms)
passed AllIdTypes_UseConsistentGuidVersionAsync (2ms)
passed RegisterDICallback_WithValidCallback_RegistersSuccessfullyAsync (0ms)
passed CreateProvider_WithNullBaseProvider_ThrowsArgumentNullExceptionAsync (0ms)
passed NewGuid_ShouldBeCompatibleWithStandardGuidAsync (1ms)
passed RegisterAllWithDI_CallsAllRegisteredCallbacksAsync (0ms)
passed GetRegisteredIdTypes_ReturnsAllRegisteredTypesAsync (1ms)
passed CreateProvider_WithRegisteredType_ReturnsProviderAsync (1ms)
passed AddWhizbangIdFactory_ShouldReturnServiceCollectionAsync (0ms)
passed RegisterFactory_WithValidFactory_RegistersSuccessfullyAsync (2ms)
passed TypedProvider_InjectedInService_CreatesValidIdsAsync (0ms)
passed AddWhizbangIdFactory_FactoryLifetime_ShouldBeSingletonAsync (0ms)
passed AddWhizbangIdProviders_RegistersBaseProviderAsync (1ms)
passed NewId_GeneratesUniqueIdsAsync (4ms)
passed Constructor_WithValidServices_InitializesSuccessfullyAsync (0ms)
passed Services_ReturnsInjectedServiceCollectionAsync (0ms)
passed AddWhizbangIdProviders_RegistersAllProvidersAsync (0ms)
passed AddWhizbangIdFactory_RegisteredFactory_CanBeResolvedAsync (1ms)
passed AddWhizbangIdFactory_MultipleFactories_ShouldRegisterAllAsync (1ms)
passed Constructor_WithNullServices_ThrowsArgumentNullExceptionAsync (0ms)
passed WhizbangIdAttribute_SuppressDuplicateWarningProperty_CanBeSetAsync (0ms)
passed WhizbangIdAttribute_DefaultConstructor_HasFalseSuppressDuplicateWarningAsync (0ms)
passed WhizbangIdAttribute_DefaultConstructor_HasNullNamespaceAsync (0ms)
passed WhizbangIdAttribute_AttributeUsage_AllowsParameterTargetAsync (0ms)
passed WhizbangIdAttribute_AttributeUsage_AllowsPropertyTargetAsync (0ms)
passed WhizbangIdAttribute_NamespaceProperty_CanBeSetAsync (0ms)
passed WhizbangIdAttribute_AttributeUsage_DoesNotAllowMultipleAsync (0ms)
passed WhizbangIdAttribute_ConstructorWithNamespace_SetsNamespacePropertyAsync (0ms)
passed IsReadyAsync_Always_ReturnsTrueAsync (0ms)
passed IdTypes_New_GeneratesTimeOrderedIdsAsync(System.Func`1[System.Guid], CorrelationId) (6ms)
passed WhizbangIdAttribute_AttributeUsage_IsNotInheritedAsync (0ms)
passed WhizbangIdAttribute_AttributeUsage_AllowsStructTargetAsync (0ms)
passed IdTypes_New_GeneratesTimeOrderedIdsAsync(System.Func`1[System.Guid], MessageId) (6ms)
passed MessagePublishResult_WithoutReason_DefaultsToUnknownAsync (0ms)
passed MessagePublishResult_AllReasonTypes_CanBeAssignedAsync (0ms)
passed IsReadyAsync_MultipleCalls_AlwaysReturnsTrueAsync (1ms)
passed MessagePublishResult_Failure_HasReasonAsync (0ms)
passed MessagePublishResult_Success_HasReasonNoneAsync (0ms)
passed IMessagePublishStrategy_CustomIsReadyAsync_CanBeOverriddenAsync (0ms)
passed IMessagePublishStrategy_IsReadyAsync_RespectsCancellationTokenAsync (0ms)
passed IMessagePublishStrategy_DefaultIsReadyAsync_ShouldReturnTrueAsync (0ms)
passed IsReadyAsync_Cancellation_ThrowsOperationCanceledExceptionAsync (2ms)
passed IMessagePublishStrategy_Interface_ShouldHavePublishAsyncMethodAsync (1ms)
passed ITransport_AfterInitialization_IsInitializedShouldBeTrueAsync (13ms)
passed MessagePublishResult_Success_ShouldHaveCorrectPropertiesAsync (5ms)
passed MessagePublishResult_Failure_ShouldHaveErrorMessageAsync (5ms)
passed ITransport_InitializeAsync_ShouldBeIdempotentAsync (14ms)
passed Constructor_NullTransport_ThrowsArgumentNullExceptionAsync (5ms)
passed NewGuid_ThreadSafety_ShouldHandleConcurrentCallsAsync (11ms)
passed ProcessInboxWorkAsync_MultipleStreams_ProcessesConcurrentlyAsync (33ms)
passed AddWhizbangIdFactory_WithValidFactory_ShouldRegisterFactoryAsync (11ms)
passed PublishAsync_WithStreamId_ShouldIncludeInEnvelopeAsync (1ms)
passed PublishAsync_WithNullScope_ShouldPublishSuccessfullyAsync (0ms)
passed Constructor_NullReadinessCheck_ThrowsArgumentNullExceptionAsync (0ms)
passed IsReadyAsync_DefaultReadinessCheck_ReturnsTrueAsync (0ms)
passed PublishAsync_TransportFailure_ShouldReturnFailureResultAsync (1ms)
passed PublishAsync_SuccessfulPublish_ShouldReturnSuccessResultAsync (1ms)
passed ProcessWorkBatch_WithWork_ShouldPublishViaStrategyAsync (3ms)
passed ProcessWorkBatch_WithFailure_ShouldReportFailureAsync (3ms)
passed ConcurrentPublishing_ShouldCollectResults_Async (14ms)
passed HandleMessage_AlreadyProcessed_SkipsPerspectiveInvocationAsync (22ms)
passed LargeSequenceNumbers_VariousLargeValues_ShouldHandleCorrectlyAsync(9223372036854775707, near-max-100) (0ms)
passed LargeSequenceNumbers_VariousLargeValues_ShouldHandleCorrectlyAsync(4611686018427387903, half-max) (0ms)
passed GetNextAsync_ManyCalls_ShouldNeverSkipOrDuplicateAsync (1ms)
[testcontainers.org 00:00:00.08] Connected to Docker:
  Host: unix:///var/run/docker.sock
  Server Version: 29.1.2
  Kernel Version: 6.12.54-linuxkit
  API Version: 1.52
  Operating System: Docker Desktop
  Total Memory: 7.65 GB
  Labels: 
    com.docker.desktop.address=unix:///Users/philcarbone/Library/Containers/com.docker.docker/Data/docker-cli.sock
passed MixedOperations_GetNextAndReset_ShouldBeThreadSafeAsync (8ms)
passed ConcurrentAccess_VariousTaskCounts_ShouldMaintainConsistencyAsync(10) (17ms)
passed HandleMessage_InvokesPerspectives_BeforeScopeDisposalAsync (41ms)
passed ConcurrentAccess_VariousTaskCounts_ShouldMaintainConsistencyAsync(100) (0ms)
passed CancellationToken_WhenCancelled_ShouldThrowAsync (20ms)
passed ConcurrentAccess_VariousTaskCounts_ShouldMaintainConsistencyAsync(5000) (4ms)
passed ConcurrentAccess_VariousTaskCounts_ShouldMaintainConsistencyAsync(500) (1ms)
passed ConcurrentAccess_VariousTaskCounts_ShouldMaintainConsistencyAsync(1000) (1ms)
passed ResetAsync_MultipleTimes_ShouldAlwaysResetAsync (0ms)
passed GetNextAsync_ConcurrentCalls_ShouldMaintainMonotonicityAsync (1ms)
passed LargeSequenceNumbers_VariousLargeValues_ShouldHandleCorrectlyAsync(9000000000000000000, nine-quintillion) (0ms)
passed ResetAsync_WithDefaultValue_ShouldResetToZeroAsync (0ms)
passed LargeSequenceNumbers_VariousLargeValues_ShouldHandleCorrectlyAsync(1000000000000, trillion) (0ms)
passed ResetAsync_WithCustomValue_ShouldResetToSpecifiedValueAsync (0ms)
passed ConcurrentAccess_MultipleStreams_ShouldMaintainSeparateCountersAsync(5, 10) (1ms)
passed MultipleStreams_ManyKeys_ShouldMaintainSeparatelyAsync(10) (0ms)
passed ConcurrentAccess_MultipleStreams_ShouldMaintainSeparateCountersAsync(10, 50) (22ms)
passed MultipleStreams_ManyKeys_ShouldMaintainSeparatelyAsync(100) (0ms)
passed MultipleStreams_ManyKeys_ShouldMaintainSeparatelyAsync(1000) (10ms)
passed NegativeResetValue_ShouldWorkCorrectlyAsync(-1) (10ms)
passed NegativeResetValue_ShouldWorkCorrectlyAsync(-1000) (0ms)
passed ConcurrentAccess_MultipleStreams_ShouldMaintainSeparateCountersAsync(20, 100) (33ms)
passed MultipleStreams_ManyKeys_ShouldMaintainSeparatelyAsync(500) (11ms)
passed NegativeResetValue_ShouldWorkCorrectlyAsync(-9223372036854775708) (0ms)
passed NegativeResetValue_ShouldWorkCorrectlyAsync(-10) (0ms)
passed NegativeResetValue_ShouldWorkCorrectlyAsync(-100) (0ms)
passed ResetDuringConcurrentAccess_ShouldNotCorruptAsync (11ms)
passed SequentialAccess_VariousCallCounts_ShouldCompleteQuicklyAsync(1000, 1) (0ms)
passed UnusedStreams_ShouldReturnMinusOneAsync (0ms)
passed GetCurrent_AfterMultipleCalls_ShouldReturnLatestAsync (0ms)
passed CancellationToken_Cancelled_ShouldThrowAsync (6ms)
passed SequentialAccess_VariousCallCounts_ShouldCompleteQuicklyAsync(10000, 2) (7ms)
passed ConcurrentAccess_ManyStreams_ShouldDistributeEvenlyAsync(10, 100, 5) (7ms)
passed GetNextAsync_FirstCall_ShouldReturnZeroAsync (0ms)
passed GetNextAsync_MultipleCalls_ShouldIncrementMonotonicallyAsync (0ms)
passed GetNextAsync_DifferentStreamKeys_ShouldMaintainSeparateSequencesAsync (0ms)
passed GetCurrentAsync_WithoutGetNext_ShouldReturnNegativeOneAsync (3ms)
passed WaitForResponseAsync_WithCancellation_ShouldRespectCancellationAsync (103ms)
passed GetCurrentAsync_AfterGetNext_ShouldReturnLastIssuedSequenceAsync (0ms)
passed SaveResponseAsync_ShouldCompleteWaitingRequestAsync (103ms)
passed WaitForResponseAsync_WithoutResponse_ShouldTimeoutAsync (102ms)
passed CleanupExpiredAsync_WithExpiredRecords_ShouldRemoveThemAsync (103ms)
passed ImmediateProcessing_OnStartup_ProcessesWorkBeforeFirstPollAsync (51ms)
passed ConcurrentAccess_MultipleStreams_ShouldMaintainSeparateCountersAsync(50, 200) (50ms)
passed ImmediateProcessing_DatabaseNotReady_SkipsInitialProcessingAsync (55ms)
passed ImmediateProcessing_NoWork_DoesNotLogAsync (55ms)
passed GetCurrentAsync_DoesNotIncrement_ShouldReturnSameValueAsync (6ms)
passed LargeSequenceNumbers_VariousLargeValues_ShouldHandleCorrectlyAsync(9223372036854774807, near-max-1000) (0ms)
passed ConcurrentAccess_VariousTaskCounts_ShouldMaintainConsistencyAsync(50) (0ms)
passed MultipleStreams_ManyKeys_ShouldMaintainSeparatelyAsync(5000) (32ms)
passed CleanupExpiredAsync_WithNonExpiredRecords_ShouldKeepThemAsync (124ms)
passed SequentialAccess_VariousCallCounts_ShouldCompleteQuicklyAsync(100000, 3) (34ms)
passed ConcurrentAccess_ManyStreams_ShouldDistributeEvenlyAsync(50, 500, 8) (78ms)
passed ImmediateProcessing_WithWork_LogsMessageBatchAsync (123ms)
passed ImmediateProcessing_ExceptionDuringInitial_ContinuesStartupAsync (150ms)
passed IdTypes_New_ProducesSequentialGuidsAsync(System.Func`1[System.Guid], MessageId) (225ms)
passed BackgroundTimer_FlushesEveryIntervalAsync (252ms)
passed IdTypes_New_ProducesSequentialGuidsAsync(System.Func`1[System.Guid], CorrelationId) (227ms)
passed ConcurrentAccess_ManyStreams_ShouldDistributeEvenlyAsync(100, 1000, 10) (166ms)
[testcontainers.org 00:00:00.27] Docker container c52399c43d26 created
passed SequentialAccess_VariousCallCounts_ShouldCompleteQuicklyAsync(1000000, 5) (189ms)
passed DatabaseNotReady_ProcessWorkBatchAsync_SkippedAsync (305ms)
passed LeaseRenewals_TrackedInMetricsAsync (301ms)
passed BufferedMessages_TracksCountAsync (303ms)
passed DatabaseReady_ProcessWorkBatchAsync_CalledAsync (310ms)
passed TransportNotReady_SingleBuffer_LogsInformationAsync (302ms)
passed TransportNotReady_ConsecutiveBuffers_TracksCountAsync (301ms)
[testcontainers.org 00:00:00.31] Start Docker container c52399c43d26
[testcontainers.org 00:00:00.40] Wait for Docker container c52399c43d26 to complete readiness checks
[testcontainers.org 00:00:00.40] Docker container c52399c43d26 ready
passed TransportNotReady_ExceedsThreshold_LogsWarningAsync (501ms)
passed DatabaseNotReady_ConsecutiveChecks_TracksCountAsync (510ms)
passed DatabaseNotReady_MessagesBuffered_UntilReadyAsync (611ms)
passed DatabaseBecomesReady_ResetsConsecutiveCounterAsync (608ms)
passed TransportBecomesReady_ResetsConsecutiveCounterAsync (609ms)
passed QueuedMessages_BatchedUntilTimerAsync (652ms)
[+379/x0/?0] Whizbang.Data.Postgres.Tests.dll (net10.0|arm64) - 22 tests running (3s)

passed DisposeAsync_FlushesAndStopsTimerAsync (1s 504ms)
passed DatabaseNotReady_ExceedsThreshold_LogsWarningAsync (1s 503ms)
[testcontainers.org 00:00:02.62] Docker container 410c8b849a1e created
[testcontainers.org 00:00:02.63] Docker container 4b6617ce3bb9 created
[testcontainers.org 00:00:02.63] Start Docker container 410c8b849a1e
[testcontainers.org 00:00:02.63] Docker container aa4b8f8211d6 created
[testcontainers.org 00:00:02.63] Docker container bffa69f6c939 created
[testcontainers.org 00:00:02.64] Start Docker container 4b6617ce3bb9
[testcontainers.org 00:00:02.64] Start Docker container aa4b8f8211d6
[testcontainers.org 00:00:02.64] Docker container c6bea98db720 created
[testcontainers.org 00:00:02.64] Start Docker container bffa69f6c939
[testcontainers.org 00:00:02.65] Start Docker container c6bea98db720
[testcontainers.org 00:00:02.71] Docker container 7df15bbe7874 created
[testcontainers.org 00:00:02.71] Docker container 8537dd15efbf created
[testcontainers.org 00:00:02.72] Docker container 087934dbc287 created
[testcontainers.org 00:00:02.73] Start Docker container 8537dd15efbf
[testcontainers.org 00:00:02.73] Start Docker container 7df15bbe7874
[testcontainers.org 00:00:02.77] Start Docker container 087934dbc287
[testcontainers.org 00:00:02.80] Docker container 2794a2edfbbb created
[testcontainers.org 00:00:02.81] Start Docker container 2794a2edfbbb
[testcontainers.org 00:00:02.88] Docker container 2fb991600894 created
[testcontainers.org 00:00:02.90] Docker container 70826d059bf6 created
[testcontainers.org 00:00:02.95] Docker container 21bd55f1e238 created
[testcontainers.org 00:00:02.96] Start Docker container 2fb991600894
[testcontainers.org 00:00:02.96] Start Docker container 70826d059bf6
[testcontainers.org 00:00:02.98] Docker container 1ab48bbffc16 created
[testcontainers.org 00:00:03.05] Docker container ac494a06dcdf created
[testcontainers.org 00:00:03.05] Start Docker container 21bd55f1e238
[testcontainers.org 00:00:03.05] Start Docker container 1ab48bbffc16
[testcontainers.org 00:00:03.09] Docker container 1390c646aca8 created
[testcontainers.org 00:00:03.09] Start Docker container ac494a06dcdf
[testcontainers.org 00:00:03.11] Start Docker container 1390c646aca8
[testcontainers.org 00:00:03.34] Wait for Docker container bffa69f6c939 to complete readiness checks
[testcontainers.org 00:00:03.35] Execute "pg_isready --host localhost --dbname whizbang_test --username postgres" at Docker container bffa69f6c939
[testcontainers.org 00:00:03.39] Wait for Docker container 4b6617ce3bb9 to complete readiness checks
[testcontainers.org 00:00:03.40] Execute "pg_isready --host localhost --dbname whizbang_test --username postgres" at Docker container 4b6617ce3bb9
[testcontainers.org 00:00:03.46] Wait for Docker container c6bea98db720 to complete readiness checks
[testcontainers.org 00:00:03.48] Execute "pg_isready --host localhost --dbname whizbang_test --username postgres" at Docker container c6bea98db720
[testcontainers.org 00:00:03.51] Wait for Docker container 410c8b849a1e to complete readiness checks
[testcontainers.org 00:00:03.52] Execute "pg_isready --host localhost --dbname whizbang_test --username postgres" at Docker container 410c8b849a1e
[testcontainers.org 00:00:03.65] Wait for Docker container 7df15bbe7874 to complete readiness checks
[testcontainers.org 00:00:03.66] Execute "pg_isready --host localhost --dbname whizbang_test --username postgres" at Docker container 7df15bbe7874
[testcontainers.org 00:00:03.71] Wait for Docker container aa4b8f8211d6 to complete readiness checks
[testcontainers.org 00:00:03.73] Execute "pg_isready --host localhost --dbname whizbang_test --username postgres" at Docker container aa4b8f8211d6
[testcontainers.org 00:00:03.85] Wait for Docker container 2794a2edfbbb to complete readiness checks
[testcontainers.org 00:00:03.91] Execute "pg_isready --host localhost --dbname whizbang_test --username postgres" at Docker container 2794a2edfbbb
[testcontainers.org 00:00:03.93] Wait for Docker container 8537dd15efbf to complete readiness checks
[testcontainers.org 00:00:03.95] Execute "pg_isready --host localhost --dbname whizbang_test --username postgres" at Docker container 8537dd15efbf
[testcontainers.org 00:00:03.96] Wait for Docker container 087934dbc287 to complete readiness checks
[testcontainers.org 00:00:03.97] Execute "pg_isready --host localhost --dbname whizbang_test --username postgres" at Docker container 087934dbc287
passed RaceCondition_DatabaseNotReady_DelaysProcessingAsync (4s 004ms)
[testcontainers.org 00:00:04.02] Wait for Docker container ac494a06dcdf to complete readiness checks
[testcontainers.org 00:00:04.03] Execute "pg_isready --host localhost --dbname whizbang_test --username postgres" at Docker container ac494a06dcdf
[testcontainers.org 00:00:04.11] Wait for Docker container 2fb991600894 to complete readiness checks
[testcontainers.org 00:00:04.21] Execute "pg_isready --host localhost --dbname whizbang_test --username postgres" at Docker container 2fb991600894
[+382/x0/?0] Whizbang.Data.Postgres.Tests.dll (net10.0|arm64) - 19 tests running (6s)

[testcontainers.org 00:00:04.45] Wait for Docker container 1ab48bbffc16 to complete readiness checks
[testcontainers.org 00:00:04.47] Execute "pg_isready --host localhost --dbname whizbang_test --username postgres" at Docker container bffa69f6c939
[testcontainers.org 00:00:04.50] Execute "pg_isready --host localhost --dbname whizbang_test --username postgres" at Docker container 1ab48bbffc16
[testcontainers.org 00:00:04.57] Execute "pg_isready --host localhost --dbname whizbang_test --username postgres" at Docker container 4b6617ce3bb9
[testcontainers.org 00:00:04.67] Wait for Docker container 70826d059bf6 to complete readiness checks
[testcontainers.org 00:00:04.72] Execute "pg_isready --host localhost --dbname whizbang_test --username postgres" at Docker container 70826d059bf6
[testcontainers.org 00:00:04.77] Execute "pg_isready --host localhost --dbname whizbang_test --username postgres" at Docker container c6bea98db720
[testcontainers.org 00:00:04.86] Wait for Docker container 21bd55f1e238 to complete readiness checks
[testcontainers.org 00:00:04.88] Execute "pg_isready --host localhost --dbname whizbang_test --username postgres" at Docker container 410c8b849a1e
[testcontainers.org 00:00:04.89] Execute "pg_isready --host localhost --dbname whizbang_test --username postgres" at Docker container 21bd55f1e238
[testcontainers.org 00:00:04.90] Wait for Docker container 1390c646aca8 to complete readiness checks
[testcontainers.org 00:00:04.91] Execute "pg_isready --host localhost --dbname whizbang_test --username postgres" at Docker container 1390c646aca8
[testcontainers.org 00:00:04.94] Execute "pg_isready --host localhost --dbname whizbang_test --username postgres" at Docker container 7df15bbe7874
[testcontainers.org 00:00:05.03] Execute "pg_isready --host localhost --dbname whizbang_test --username postgres" at Docker container aa4b8f8211d6
[testcontainers.org 00:00:05.20] Execute "pg_isready --host localhost --dbname whizbang_test --username postgres" at Docker container 2794a2edfbbb
[testcontainers.org 00:00:05.43] Execute "pg_isready --host localhost --dbname whizbang_test --username postgres" at Docker container 8537dd15efbf
[testcontainers.org 00:00:05.43] Execute "pg_isready --host localhost --dbname whizbang_test --username postgres" at Docker container 087934dbc287
[testcontainers.org 00:00:05.50] Execute "pg_isready --host localhost --dbname whizbang_test --username postgres" at Docker container ac494a06dcdf
[testcontainers.org 00:00:05.85] Execute "pg_isready --host localhost --dbname whizbang_test --username postgres" at Docker container 2fb991600894
[testcontainers.org 00:00:05.89] Execute "pg_isready --host localhost --dbname whizbang_test --username postgres" at Docker container bffa69f6c939
[testcontainers.org 00:00:05.90] Execute "pg_isready --host localhost --dbname whizbang_test --username postgres" at Docker container 1ab48bbffc16
[testcontainers.org 00:00:05.98] Execute "pg_isready --host localhost --dbname whizbang_test --username postgres" at Docker container 4b6617ce3bb9
[testcontainers.org 00:00:06.03] Execute "pg_isready --host localhost --dbname whizbang_test --username postgres" at Docker container c6bea98db720
[testcontainers.org 00:00:06.05] Execute "pg_isready --host localhost --dbname whizbang_test --username postgres" at Docker container 70826d059bf6
[testcontainers.org 00:00:06.09] Execute "pg_isready --host localhost --dbname whizbang_test --username postgres" at Docker container 410c8b849a1e
[testcontainers.org 00:00:06.11] Execute "pg_isready --host localhost --dbname whizbang_test --username postgres" at Docker container 7df15bbe7874
[testcontainers.org 00:00:06.12] Execute "pg_isready --host localhost --dbname whizbang_test --username postgres" at Docker container 21bd55f1e238
[testcontainers.org 00:00:06.13] Execute "pg_isready --host localhost --dbname whizbang_test --username postgres" at Docker container 1390c646aca8
[testcontainers.org 00:00:06.16] Execute "pg_isready --host localhost --dbname whizbang_test --username postgres" at Docker container aa4b8f8211d6
[testcontainers.org 00:00:06.38] Execute "pg_isready --host localhost --dbname whizbang_test --username postgres" at Docker container 2794a2edfbbb
[testcontainers.org 00:00:06.49] Execute "pg_isready --host localhost --dbname whizbang_test --username postgres" at Docker container 8537dd15efbf
[testcontainers.org 00:00:06.49] Execute "pg_isready --host localhost --dbname whizbang_test --username postgres" at Docker container 087934dbc287
[testcontainers.org 00:00:06.54] Docker container 8537dd15efbf ready
[testcontainers.org 00:00:06.54] Docker container 087934dbc287 ready
[testcontainers.org 00:00:06.57] Execute "pg_isready --host localhost --dbname whizbang_test --username postgres" at Docker container ac494a06dcdf
[testcontainers.org 00:00:06.61] Docker container ac494a06dcdf ready
[testcontainers.org 00:00:06.69] Stop Docker container ac494a06dcdf
[testcontainers.org 00:00:06.70] Stop Docker container 087934dbc287
[testcontainers.org 00:00:06.80] Stop Docker container 8537dd15efbf
[testcontainers.org 00:00:06.89] Execute "pg_isready --host localhost --dbname whizbang_test --username postgres" at Docker container 2fb991600894
[testcontainers.org 00:00:06.94] Execute "pg_isready --host localhost --dbname whizbang_test --username postgres" at Docker container bffa69f6c939
[testcontainers.org 00:00:06.95] Execute "pg_isready --host localhost --dbname whizbang_test --username postgres" at Docker container 1ab48bbffc16
[testcontainers.org 00:00:06.95] Docker container 2fb991600894 ready
[testcontainers.org 00:00:06.99] Docker container 1ab48bbffc16 ready
passed GetLastSequenceAsync_AfterAppends_ShouldReturnCorrectSequenceAsync (382ms)
  Standard output
    [testcontainers.org 00:00:03.05] Docker container ac494a06dcdf created
    [testcontainers.org 00:00:03.09] Start Docker container ac494a06dcdf
    [testcontainers.org 00:00:04.02] Wait for Docker container ac494a06dcdf to complete readiness checks
    [testcontainers.org 00:00:04.03] Execute "pg_isready --host localhost --dbname whizbang_test --username postgres" at Docker container ac494a06dcdf
    [testcontainers.org 00:00:05.50] Execute "pg_isready --host localhost --dbname whizbang_test --username postgres" at Docker container ac494a06dcdf
    [testcontainers.org 00:00:06.57] Execute "pg_isready --host localhost --dbname whizbang_test --username postgres" at Docker container ac494a06dcdf
    [testcontainers.org 00:00:06.61] Docker container ac494a06dcdf ready
    [testcontainers.org 00:00:06.69] Stop Docker container ac494a06dcdf
    [testcontainers.org 00:00:06.99] Delete Docker container ac494a06dcdf
  Error output
passed IsUniqueConstraintViolation_WithArgumentException_DifferentMessage_ShouldReturnFalseAsync (0ms)
passed IsUniqueConstraintViolation_WithNonPostgresException_DuplicateKeyMessage_ShouldReturnTrueAsync (0ms)
passed IsUniqueConstraintViolation_WithNonPostgresException_UniqueConstraintMessage_ShouldReturnTrueAsync (0ms)
passed IsUniqueConstraintViolation_WithNonPostgresException_CaseInsensitive_ShouldReturnTrueAsync (0ms)
passed IsUniqueConstraintViolation_WithNonPostgresException_DifferentMessage_ShouldReturnFalseAsync (0ms)
passed RaceCondition_ImmediateProcessing_WithRealisticDelaysAsync (7s 003ms)
[testcontainers.org 00:00:06.99] Delete Docker container ac494a06dcdf
[testcontainers.org 00:00:06.99] Docker container bffa69f6c939 ready
[testcontainers.org 00:00:07.02] Stop Docker container 2fb991600894
[testcontainers.org 00:00:07.04] Stop Docker container bffa69f6c939
[testcontainers.org 00:00:07.04] Stop Docker container 1ab48bbffc16
[testcontainers.org 00:00:07.04] Execute "pg_isready --host localhost --dbname whizbang_test --username postgres" at Docker container 4b6617ce3bb9
[testcontainers.org 00:00:07.07] Delete Docker container 087934dbc287
passed ReadAsync_FromMiddle_ShouldReturnSubsetAsync (476ms)
  Standard output
    [testcontainers.org 00:00:02.72] Docker container 087934dbc287 created
    [testcontainers.org 00:00:02.77] Start Docker container 087934dbc287
    [testcontainers.org 00:00:03.96] Wait for Docker container 087934dbc287 to complete readiness checks
    [testcontainers.org 00:00:03.97] Execute "pg_isready --host localhost --dbname whizbang_test --username postgres" at Docker container 087934dbc287
    [testcontainers.org 00:00:05.43] Execute "pg_isready --host localhost --dbname whizbang_test --username postgres" at Docker container 087934dbc287
    [testcontainers.org 00:00:06.49] Execute "pg_isready --host localhost --dbname whizbang_test --username postgres" at Docker container 087934dbc287
    [testcontainers.org 00:00:06.54] Docker container 087934dbc287 ready
    [testcontainers.org 00:00:06.70] Stop Docker container 087934dbc287
    [testcontainers.org 00:00:07.07] Delete Docker container 087934dbc287
  Error output
passed AppendAsync_ConcurrentAppends_ShouldBeThreadSafeAsync (486ms)
  Standard output
    [testcontainers.org 00:00:02.71] Docker container 8537dd15efbf created
    [testcontainers.org 00:00:02.73] Start Docker container 8537dd15efbf
    [testcontainers.org 00:00:03.93] Wait for Docker container 8537dd15efbf to complete readiness checks
    [testcontainers.org 00:00:03.95] Execute "pg_isready --host localhost --dbname whizbang_test --username postgres" at Docker container 8537dd15efbf
    [testcontainers.org 00:00:05.43] Execute "pg_isready --host localhost --dbname whizbang_test --username postgres" at Docker container 8537dd15efbf
    [testcontainers.org 00:00:06.49] Execute "pg_isready --host localhost --dbname whizbang_test --username postgres" at Docker container 8537dd15efbf
    [testcontainers.org 00:00:06.54] Docker container 8537dd15efbf ready
    [testcontainers.org 00:00:06.80] Stop Docker container 8537dd15efbf
    [testcontainers.org 00:00:07.09] Delete Docker container 8537dd15efbf
  Error output
[testcontainers.org 00:00:07.09] Delete Docker container 8537dd15efbf
[testcontainers.org 00:00:07.09] Execute "pg_isready --host localhost --dbname whizbang_test --username postgres" at Docker container c6bea98db720
[testcontainers.org 00:00:07.09] Execute "pg_isready --host localhost --dbname whizbang_test --username postgres" at Docker container 70826d059bf6
[testcontainers.org 00:00:07.10] Docker container 4b6617ce3bb9 ready
[testcontainers.org 00:00:07.14] Execute "pg_isready --host localhost --dbname whizbang_test --username postgres" at Docker container 410c8b849a1e
[testcontainers.org 00:00:07.15] Docker container 70826d059bf6 ready
[testcontainers.org 00:00:07.15] Execute "pg_isready --host localhost --dbname whizbang_test --username postgres" at Docker container 7df15bbe7874
[testcontainers.org 00:00:07.16] Docker container c6bea98db720 ready
[testcontainers.org 00:00:07.16] Execute "pg_isready --host localhost --dbname whizbang_test --username postgres" at Docker container 1390c646aca8
[testcontainers.org 00:00:07.17] Execute "pg_isready --host localhost --dbname whizbang_test --username postgres" at Docker container 21bd55f1e238
[testcontainers.org 00:00:07.20] Docker container 410c8b849a1e ready
[testcontainers.org 00:00:07.21] Docker container 7df15bbe7874 ready
[testcontainers.org 00:00:07.21] Docker container 1390c646aca8 ready
[testcontainers.org 00:00:07.23] Stop Docker container 4b6617ce3bb9
[testcontainers.org 00:00:07.23] Execute "pg_isready --host localhost --dbname whizbang_test --username postgres" at Docker container aa4b8f8211d6
[testcontainers.org 00:00:07.23] Stop Docker container 70826d059bf6
[testcontainers.org 00:00:07.23] Docker container 21bd55f1e238 ready
passed AppendAsync_WithNullEnvelope_ShouldThrowAsync (352ms)
  Standard output
    [testcontainers.org 00:00:02.98] Docker container 1ab48bbffc16 created
    [testcontainers.org 00:00:03.05] Start Docker container 1ab48bbffc16
    [testcontainers.org 00:00:04.45] Wait for Docker container 1ab48bbffc16 to complete readiness checks
    [testcontainers.org 00:00:04.50] Execute "pg_isready --host localhost --dbname whizbang_test --username postgres" at Docker container 1ab48bbffc16
    [testcontainers.org 00:00:05.90] Execute "pg_isready --host localhost --dbname whizbang_test --username postgres" at Docker container 1ab48bbffc16
    [testcontainers.org 00:00:06.95] Execute "pg_isready --host localhost --dbname whizbang_test --username postgres" at Docker container 1ab48bbffc16
    [testcontainers.org 00:00:06.99] Docker container 1ab48bbffc16 ready
    [testcontainers.org 00:00:07.04] Stop Docker container 1ab48bbffc16
    [testcontainers.org 00:00:07.32] Delete Docker container 1ab48bbffc16
  Error output
[testcontainers.org 00:00:07.30] Docker container aa4b8f8211d6 ready
[testcontainers.org 00:00:07.31] Stop Docker container 410c8b849a1e
[testcontainers.org 00:00:07.32] Delete Docker container 1ab48bbffc16
[testcontainers.org 00:00:07.32] Stop Docker container 7df15bbe7874
[testcontainers.org 00:00:07.36] Stop Docker container 21bd55f1e238
[+392/x0/?0] Whizbang.Data.Postgres.Tests.dll (net10.0|arm64) - 18 tests running (9s)

[testcontainers.org 00:00:07.42] Delete Docker container bffa69f6c939
[testcontainers.org 00:00:07.42] Stop Docker container 1390c646aca8
[testcontainers.org 00:00:07.42] Execute "pg_isready --host localhost --dbname whizbang_test --username postgres" at Docker container 2794a2edfbbb
[testcontainers.org 00:00:07.47] Delete Docker container 2fb991600894
[testcontainers.org 00:00:07.48] Stop Docker container aa4b8f8211d6
passed GetLastSequenceAsync_EmptyStream_ShouldReturnMinusOneAsync (489ms)
  Standard output
    [testcontainers.org 00:00:02.63] Docker container bffa69f6c939 created
    [testcontainers.org 00:00:02.64] Start Docker container bffa69f6c939
    [testcontainers.org 00:00:03.34] Wait for Docker container bffa69f6c939 to complete readiness checks
    [testcontainers.org 00:00:03.35] Execute "pg_isready --host localhost --dbname whizbang_test --username postgres" at Docker container bffa69f6c939
    [testcontainers.org 00:00:04.47] Execute "pg_isready --host localhost --dbname whizbang_test --username postgres" at Docker container bffa69f6c939
    [testcontainers.org 00:00:05.89] Execute "pg_isready --host localhost --dbname whizbang_test --username postgres" at Docker container bffa69f6c939
    [testcontainers.org 00:00:06.94] Execute "pg_isready --host localhost --dbname whizbang_test --username postgres" at Docker container bffa69f6c939
    [testcontainers.org 00:00:06.99] Docker container bffa69f6c939 ready
    [testcontainers.org 00:00:07.04] Stop Docker container bffa69f6c939
    [testcontainers.org 00:00:07.42] Delete Docker container bffa69f6c939
  Error output
passed ReadAsync_ShouldReturnEventsInOrderAsync (565ms)
  Standard output
    [testcontainers.org 00:00:02.88] Docker container 2fb991600894 created
    [testcontainers.org 00:00:02.96] Start Docker container 2fb991600894
    [testcontainers.org 00:00:04.11] Wait for Docker container 2fb991600894 to complete readiness checks
    [testcontainers.org 00:00:04.21] Execute "pg_isready --host localhost --dbname whizbang_test --username postgres" at Docker container 2fb991600894
    [testcontainers.org 00:00:05.85] Execute "pg_isready --host localhost --dbname whizbang_test --username postgres" at Docker container 2fb991600894
    [testcontainers.org 00:00:06.89] Execute "pg_isready --host localhost --dbname whizbang_test --username postgres" at Docker container 2fb991600894
    [testcontainers.org 00:00:06.95] Docker container 2fb991600894 ready
    [testcontainers.org 00:00:07.02] Stop Docker container 2fb991600894
    [testcontainers.org 00:00:07.47] Delete Docker container 2fb991600894
  Error output
[testcontainers.org 00:00:07.52] Docker container 2794a2edfbbb ready
[testcontainers.org 00:00:07.57] Docker container 675b83b3cb13 created
[testcontainers.org 00:00:07.58] Start Docker container 675b83b3cb13
[testcontainers.org 00:00:07.64] Delete Docker container 70826d059bf6
[testcontainers.org 00:00:07.72] Delete Docker container 4b6617ce3bb9
passed ReadAsync_FromEmptyStream_ShouldReturnEmptyAsync (618ms)
  Standard output
    [testcontainers.org 00:00:02.90] Docker container 70826d059bf6 created
    [testcontainers.org 00:00:02.96] Start Docker container 70826d059bf6
    [testcontainers.org 00:00:04.67] Wait for Docker container 70826d059bf6 to complete readiness checks
    [testcontainers.org 00:00:04.72] Execute "pg_isready --host localhost --dbname whizbang_test --username postgres" at Docker container 70826d059bf6
    [testcontainers.org 00:00:06.05] Execute "pg_isready --host localhost --dbname whizbang_test --username postgres" at Docker container 70826d059bf6
    [testcontainers.org 00:00:07.09] Execute "pg_isready --host localhost --dbname whizbang_test --username postgres" at Docker container 70826d059bf6
    [testcontainers.org 00:00:07.15] Docker container 70826d059bf6 ready
    [testcontainers.org 00:00:07.23] Stop Docker container 70826d059bf6
    [testcontainers.org 00:00:07.64] Delete Docker container 70826d059bf6
  Error output
passed AppendAsync_WithRetryBackoff_ShouldEventuallySucceedAsync (731ms)
  Standard output
    [testcontainers.org 00:00:02.63] Docker container 4b6617ce3bb9 created
    [testcontainers.org 00:00:02.64] Start Docker container 4b6617ce3bb9
    [testcontainers.org 00:00:03.39] Wait for Docker container 4b6617ce3bb9 to complete readiness checks
    [testcontainers.org 00:00:03.40] Execute "pg_isready --host localhost --dbname whizbang_test --username postgres" at Docker container 4b6617ce3bb9
    [testcontainers.org 00:00:04.57] Execute "pg_isready --host localhost --dbname whizbang_test --username postgres" at Docker container 4b6617ce3bb9
    [testcontainers.org 00:00:05.98] Execute "pg_isready --host localhost --dbname whizbang_test --username postgres" at Docker container 4b6617ce3bb9
    [testcontainers.org 00:00:07.04] Execute "pg_isready --host localhost --dbname whizbang_test --username postgres" at Docker container 4b6617ce3bb9
    [testcontainers.org 00:00:07.10] Docker container 4b6617ce3bb9 ready
    [testcontainers.org 00:00:07.23] Stop Docker container 4b6617ce3bb9
    [testcontainers.org 00:00:07.72] Delete Docker container 4b6617ce3bb9
  Error output
[testcontainers.org 00:00:07.87] Docker container 896220c54cb9 created
[testcontainers.org 00:00:07.87] Delete Docker container 410c8b849a1e
[testcontainers.org 00:00:07.87] Docker container 284180c94a71 created
[testcontainers.org 00:00:07.88] Start Docker container 896220c54cb9
[testcontainers.org 00:00:07.88] Start Docker container 284180c94a71
passed AppendAsync_WithNonUniqueViolationException_ShouldPropagateExceptionAsync (655ms)
  Standard output
    [testcontainers.org 00:00:00.08] Connected to Docker:
      Host: unix:///var/run/docker.sock
      Server Version: 29.1.2
      Kernel Version: 6.12.54-linuxkit
      API Version: 1.52
      Operating System: Docker Desktop
      Total Memory: 7.65 GB
      Labels: 
        com.docker.desktop.address=unix:///Users/philcarbone/Library/Containers/com.docker.docker/Data/docker-cli.sock
    [testcontainers.org 00:00:02.62] Docker container 410c8b849a1e created
    [testcontainers.org 00:00:02.63] Start Docker container 410c8b849a1e
    [testcontainers.org 00:00:03.51] Wait for Docker container 410c8b849a1e to complete readiness checks
    [testcontainers.org 00:00:03.52] Execute "pg_isready --host localhost --dbname whizbang_test --username postgres" at Docker container 410c8b849a1e
    [testcontainers.org 00:00:04.88] Execute "pg_isready --host localhost --dbname whizbang_test --username postgres" at Docker container 410c8b849a1e
    [testcontainers.org 00:00:06.09] Execute "pg_isready --host localhost --dbname whizbang_test --username postgres" at Docker container 410c8b849a1e
    [testcontainers.org 00:00:07.14] Execute "pg_isready --host localhost --dbname whizbang_test --username postgres" at Docker container 410c8b849a1e
    [testcontainers.org 00:00:07.20] Docker container 410c8b849a1e ready
    [testcontainers.org 00:00:07.31] Stop Docker container 410c8b849a1e
    [testcontainers.org 00:00:07.87] Delete Docker container 410c8b849a1e
  Error output
[testcontainers.org 00:00:07.90] Delete Docker container 7df15bbe7874
[testcontainers.org 00:00:07.95] Stop Docker container 2794a2edfbbb
passed AppendAsync_DifferentStreams_ShouldBeIndependentAsync (717ms)
  Standard output
    [testcontainers.org 00:00:00.27] Docker container c52399c43d26 created
    [testcontainers.org 00:00:00.31] Start Docker container c52399c43d26
    [testcontainers.org 00:00:00.40] Wait for Docker container c52399c43d26 to complete readiness checks
    [testcontainers.org 00:00:00.40] Docker container c52399c43d26 ready
    [testcontainers.org 00:00:02.71] Docker container 7df15bbe7874 created
    [testcontainers.org 00:00:02.73] Start Docker container 7df15bbe7874
    [testcontainers.org 00:00:03.65] Wait for Docker container 7df15bbe7874 to complete readiness checks
    [testcontainers.org 00:00:03.66] Execute "pg_isready --host localhost --dbname whizbang_test --username postgres" at Docker container 7df15bbe7874
    [testcontainers.org 00:00:04.94] Execute "pg_isready --host localhost --dbname whizbang_test --username postgres" at Docker container 7df15bbe7874
    [testcontainers.org 00:00:06.11] Execute "pg_isready --host localhost --dbname whizbang_test --username postgres" at Docker container 7df15bbe7874
    [testcontainers.org 00:00:07.15] Execute "pg_isready --host localhost --dbname whizbang_test --username postgres" at Docker container 7df15bbe7874
    [testcontainers.org 00:00:07.21] Docker container 7df15bbe7874 ready
    [testcontainers.org 00:00:07.32] Stop Docker container 7df15bbe7874
    [testcontainers.org 00:00:07.90] Delete Docker container 7df15bbe7874
  Error output
passed RaceCondition_DatabaseSlowness_DoesNotBlockPublishingAsync (8s 001ms)
[testcontainers.org 00:00:08.02] Delete Docker container 21bd55f1e238
[testcontainers.org 00:00:08.06] Delete Docker container 1390c646aca8
passed AppendAsync_ShouldStoreEventAsync (805ms)
  Standard output
    [testcontainers.org 00:00:02.95] Docker container 21bd55f1e238 created
    [testcontainers.org 00:00:03.05] Start Docker container 21bd55f1e238
    [testcontainers.org 00:00:04.86] Wait for Docker container 21bd55f1e238 to complete readiness checks
    [testcontainers.org 00:00:04.89] Execute "pg_isready --host localhost --dbname whizbang_test --username postgres" at Docker container 21bd55f1e238
    [testcontainers.org 00:00:06.12] Execute "pg_isready --host localhost --dbname whizbang_test --username postgres" at Docker container 21bd55f1e238
    [testcontainers.org 00:00:07.17] Execute "pg_isready --host localhost --dbname whizbang_test --username postgres" at Docker container 21bd55f1e238
    [testcontainers.org 00:00:07.23] Docker container 21bd55f1e238 ready
    [testcontainers.org 00:00:07.36] Stop Docker container 21bd55f1e238
    [testcontainers.org 00:00:08.02] Delete Docker container 21bd55f1e238
  Error output
passed AppendAsync_ExtremelyHighConcurrency_ShouldHandleRetriesAsync (887ms)
  Standard output
    [testcontainers.org 00:00:03.09] Docker container 1390c646aca8 created
    [testcontainers.org 00:00:03.11] Start Docker container 1390c646aca8
    [testcontainers.org 00:00:04.90] Wait for Docker container 1390c646aca8 to complete readiness checks
    [testcontainers.org 00:00:04.91] Execute "pg_isready --host localhost --dbname whizbang_test --username postgres" at Docker container 1390c646aca8
    [testcontainers.org 00:00:06.13] Execute "pg_isready --host localhost --dbname whizbang_test --username postgres" at Docker container 1390c646aca8
    [testcontainers.org 00:00:07.16] Execute "pg_isready --host localhost --dbname whizbang_test --username postgres" at Docker container 1390c646aca8
    [testcontainers.org 00:00:07.21] Docker container 1390c646aca8 ready
    [testcontainers.org 00:00:07.42] Stop Docker container 1390c646aca8
    [testcontainers.org 00:00:08.06] Delete Docker container 1390c646aca8
  Error output
[testcontainers.org 00:00:08.10] Docker container 6e8e82827f18 created
[testcontainers.org 00:00:08.10] Stop Docker container c6bea98db720
[testcontainers.org 00:00:08.11] Start Docker container 6e8e82827f18
[testcontainers.org 00:00:08.11] Wait for Docker container 675b83b3cb13 to complete readiness checks
[testcontainers.org 00:00:08.12] Execute "pg_isready --host localhost --dbname whizbang_test --username postgres" at Docker container 675b83b3cb13
[testcontainers.org 00:00:08.25] Delete Docker container aa4b8f8211d6
[testcontainers.org 00:00:08.26] Docker container 8f84f381d11c created
[testcontainers.org 00:00:08.28] Start Docker container 8f84f381d11c
passed AppendAsync_WithHighConcurrency_ShouldRetryAndSucceedAsync (1s 011ms)
  Standard output
    [testcontainers.org 00:00:02.63] Docker container aa4b8f8211d6 created
    [testcontainers.org 00:00:02.64] Start Docker container aa4b8f8211d6
    [testcontainers.org 00:00:03.71] Wait for Docker container aa4b8f8211d6 to complete readiness checks
    [testcontainers.org 00:00:03.73] Execute "pg_isready --host localhost --dbname whizbang_test --username postgres" at Docker container aa4b8f8211d6
    [testcontainers.org 00:00:05.03] Execute "pg_isready --host localhost --dbname whizbang_test --username postgres" at Docker container aa4b8f8211d6
    [testcontainers.org 00:00:06.16] Execute "pg_isready --host localhost --dbname whizbang_test --username postgres" at Docker container aa4b8f8211d6
    [testcontainers.org 00:00:07.23] Execute "pg_isready --host localhost --dbname whizbang_test --username postgres" at Docker container aa4b8f8211d6
    [testcontainers.org 00:00:07.30] Docker container aa4b8f8211d6 ready
    [testcontainers.org 00:00:07.48] Stop Docker container aa4b8f8211d6
    [testcontainers.org 00:00:08.25] Delete Docker container aa4b8f8211d6
  Error output
[testcontainers.org 00:00:08.37] Delete Docker container 2794a2edfbbb
[testcontainers.org 00:00:08.39] Wait for Docker container 284180c94a71 to complete readiness checks
[testcontainers.org 00:00:08.41] Execute "pg_isready --host localhost --dbname whizbang_test --username postgres" at Docker container 284180c94a71
[testcontainers.org 00:00:08.41] Docker container e698a77ea9b0 created
[testcontainers.org 00:00:08.42] Start Docker container e698a77ea9b0
[testcontainers.org 00:00:08.48] Wait for Docker container 896220c54cb9 to complete readiness checks
passed AppendAsync_ConcurrentAppendsToSameSequence_ShouldResolveConflictsAsync (911ms)
  Standard output
    [testcontainers.org 00:00:02.80] Docker container 2794a2edfbbb created
    [testcontainers.org 00:00:02.81] Start Docker container 2794a2edfbbb
    [testcontainers.org 00:00:03.85] Wait for Docker container 2794a2edfbbb to complete readiness checks
    [testcontainers.org 00:00:03.91] Execute "pg_isready --host localhost --dbname whizbang_test --username postgres" at Docker container 2794a2edfbbb
    [testcontainers.org 00:00:05.20] Execute "pg_isready --host localhost --dbname whizbang_test --username postgres" at Docker container 2794a2edfbbb
    [testcontainers.org 00:00:06.38] Execute "pg_isready --host localhost --dbname whizbang_test --username postgres" at Docker container 2794a2edfbbb
    [testcontainers.org 00:00:07.42] Execute "pg_isready --host localhost --dbname whizbang_test --username postgres" at Docker container 2794a2edfbbb
    [testcontainers.org 00:00:07.52] Docker container 2794a2edfbbb ready
    [testcontainers.org 00:00:07.95] Stop Docker container 2794a2edfbbb
    [testcontainers.org 00:00:08.37] Delete Docker container 2794a2edfbbb
  Error output
[testcontainers.org 00:00:08.50] Execute "pg_isready --host localhost --dbname whizbang_test --username postgres" at Docker container 896220c54cb9
[testcontainers.org 00:00:08.55] Wait for Docker container 6e8e82827f18 to complete readiness checks
[testcontainers.org 00:00:08.56] Delete Docker container c6bea98db720
[testcontainers.org 00:00:08.56] Execute "pg_isready --host localhost --dbname whizbang_test --username postgres" at Docker container 6e8e82827f18
[testcontainers.org 00:00:08.65] Docker container ba232994ccca created
[testcontainers.org 00:00:08.66] Start Docker container ba232994ccca
[testcontainers.org 00:00:08.67] Docker container be92b1956920 created
[testcontainers.org 00:00:08.68] Start Docker container be92b1956920
passed AppendAsync_ExtremeContention_ShouldEventuallyThrowMaxRetriesAsync (1s 443ms)
  Standard output
    [testcontainers.org 00:00:02.64] Docker container c6bea98db720 created
    [testcontainers.org 00:00:02.65] Start Docker container c6bea98db720
    [testcontainers.org 00:00:03.46] Wait for Docker container c6bea98db720 to complete readiness checks
    [testcontainers.org 00:00:03.48] Execute "pg_isready --host localhost --dbname whizbang_test --username postgres" at Docker container c6bea98db720
    [testcontainers.org 00:00:04.77] Execute "pg_isready --host localhost --dbname whizbang_test --username postgres" at Docker container c6bea98db720
    [testcontainers.org 00:00:06.03] Execute "pg_isready --host localhost --dbname whizbang_test --username postgres" at Docker container c6bea98db720
    [testcontainers.org 00:00:07.09] Execute "pg_isready --host localhost --dbname whizbang_test --username postgres" at Docker container c6bea98db720
    [testcontainers.org 00:00:07.16] Docker container c6bea98db720 ready
    [testcontainers.org 00:00:08.10] Stop Docker container c6bea98db720
    [testcontainers.org 00:00:08.56] Delete Docker container c6bea98db720
  Error output
[testcontainers.org 00:00:08.73] Wait for Docker container 8f84f381d11c to complete readiness checks
[testcontainers.org 00:00:08.75] Execute "pg_isready --host localhost --dbname whizbang_test --username postgres" at Docker container 8f84f381d11c
[testcontainers.org 00:00:08.77] Docker container ea578727d441 created
[testcontainers.org 00:00:08.77] Start Docker container ea578727d441
[testcontainers.org 00:00:08.82] Docker container 59daa11a446b created
[testcontainers.org 00:00:08.84] Start Docker container 59daa11a446b
[testcontainers.org 00:00:09.02] Wait for Docker container e698a77ea9b0 to complete readiness checks
[testcontainers.org 00:00:09.02] Docker container 4a72c3cda239 created
[testcontainers.org 00:00:09.06] Execute "pg_isready --host localhost --dbname whizbang_test --username postgres" at Docker container e698a77ea9b0
[testcontainers.org 00:00:09.08] Start Docker container 4a72c3cda239
[testcontainers.org 00:00:09.08] Docker container 1fed333c503d created
[testcontainers.org 00:00:09.12] Start Docker container 1fed333c503d
[testcontainers.org 00:00:09.22] Execute "pg_isready --host localhost --dbname whizbang_test --username postgres" at Docker container 675b83b3cb13
[testcontainers.org 00:00:09.30] Docker container df4bf4c49c81 created
[testcontainers.org 00:00:09.32] Start Docker container df4bf4c49c81
[testcontainers.org 00:00:09.32] Wait for Docker container be92b1956920 to complete readiness checks
[testcontainers.org 00:00:09.33] Wait for Docker container ba232994ccca to complete readiness checks
[testcontainers.org 00:00:09.34] Execute "pg_isready --host localhost --dbname whizbang_test --username postgres" at Docker container be92b1956920
[testcontainers.org 00:00:09.35] Execute "pg_isready --host localhost --dbname whizbang_test --username postgres" at Docker container ba232994ccca
[testcontainers.org 00:00:09.39] Wait for Docker container ea578727d441 to complete readiness checks
[testcontainers.org 00:00:09.41] Execute "pg_isready --host localhost --dbname whizbang_test --username postgres" at Docker container ea578727d441
[testcontainers.org 00:00:09.47] Docker container 63d4bb63cb71 created
[testcontainers.org 00:00:09.48] Docker container 988a1bf6ee34 created
[testcontainers.org 00:00:09.49] Start Docker container 63d4bb63cb71
[testcontainers.org 00:00:09.49] Wait for Docker container 59daa11a446b to complete readiness checks
[testcontainers.org 00:00:09.50] Start Docker container 988a1bf6ee34
[testcontainers.org 00:00:09.52] Execute "pg_isready --host localhost --dbname whizbang_test --username postgres" at Docker container 284180c94a71
[testcontainers.org 00:00:09.52] Execute "pg_isready --host localhost --dbname whizbang_test --username postgres" at Docker container 59daa11a446b
[testcontainers.org 00:00:09.62] Execute "pg_isready --host localhost --dbname whizbang_test --username postgres" at Docker container 896220c54cb9
[testcontainers.org 00:00:09.70] Execute "pg_isready --host localhost --dbname whizbang_test --username postgres" at Docker container 6e8e82827f18
[testcontainers.org 00:00:09.75] Wait for Docker container 4a72c3cda239 to complete readiness checks
[testcontainers.org 00:00:09.76] Execute "pg_isready --host localhost --dbname whizbang_test --username postgres" at Docker container 4a72c3cda239
[testcontainers.org 00:00:09.78] Wait for Docker container 1fed333c503d to complete readiness checks
[testcontainers.org 00:00:09.80] Execute "pg_isready --host localhost --dbname whizbang_test --username postgres" at Docker container 1fed333c503d
[testcontainers.org 00:00:09.82] Execute "pg_isready --host localhost --dbname whizbang_test --username postgres" at Docker container 8f84f381d11c
[testcontainers.org 00:00:09.92] Wait for Docker container df4bf4c49c81 to complete readiness checks
[testcontainers.org 00:00:09.94] Wait for Docker container 988a1bf6ee34 to complete readiness checks
[testcontainers.org 00:00:09.95] Execute "pg_isready --host localhost --dbname whizbang_test --username postgres" at Docker container df4bf4c49c81
[testcontainers.org 00:00:09.95] Execute "pg_isready --host localhost --dbname whizbang_test --username postgres" at Docker container 988a1bf6ee34
passed RaceCondition_TransportFailures_RetriesSuccessfullyAsync (10s 001ms)
passed RaceCondition_MultipleInstances_NoDuplicatePublishingAsync (10s 002ms)
[testcontainers.org 00:00:10.00] Wait for Docker container 63d4bb63cb71 to complete readiness checks
[testcontainers.org 00:00:10.01] Execute "pg_isready --host localhost --dbname whizbang_test --username postgres" at Docker container 63d4bb63cb71
[testcontainers.org 00:00:10.35] Execute "pg_isready --host localhost --dbname whizbang_test --username postgres" at Docker container e698a77ea9b0
[+406/x0/?0] Whizbang.Data.Postgres.Tests.dll (net10.0|arm64) - 15 tests running (12s)

[testcontainers.org 00:00:10.39] Execute "pg_isready --host localhost --dbname whizbang_test --username postgres" at Docker container 675b83b3cb13
[testcontainers.org 00:00:10.47] Execute "pg_isready --host localhost --dbname whizbang_test --username postgres" at Docker container ba232994ccca
[testcontainers.org 00:00:10.47] Execute "pg_isready --host localhost --dbname whizbang_test --username postgres" at Docker container be92b1956920
[testcontainers.org 00:00:10.49] Docker container 675b83b3cb13 ready
[testcontainers.org 00:00:10.50] Execute "pg_isready --host localhost --dbname whizbang_test --username postgres" at Docker container ea578727d441
[testcontainers.org 00:00:10.63] Execute "pg_isready --host localhost --dbname whizbang_test --username postgres" at Docker container 59daa11a446b
[testcontainers.org 00:00:10.64] Execute "pg_isready --host localhost --dbname whizbang_test --username postgres" at Docker container 284180c94a71
[testcontainers.org 00:00:10.64] Stop Docker container 675b83b3cb13
[testcontainers.org 00:00:10.74] Execute "pg_isready --host localhost --dbname whizbang_test --username postgres" at Docker container 896220c54cb9
[testcontainers.org 00:00:10.74] Docker container 284180c94a71 ready
[testcontainers.org 00:00:10.82] Docker container 896220c54cb9 ready
[testcontainers.org 00:00:10.86] Execute "pg_isready --host localhost --dbname whizbang_test --username postgres" at Docker container 6e8e82827f18
[testcontainers.org 00:00:10.90] Stop Docker container 896220c54cb9
[testcontainers.org 00:00:10.90] Docker container 6e8e82827f18 ready
[testcontainers.org 00:00:10.94] Execute "pg_isready --host localhost --dbname whizbang_test --username postgres" at Docker container 1fed333c503d
[testcontainers.org 00:00:10.97] Stop Docker container 284180c94a71
[testcontainers.org 00:00:10.97] Execute "pg_isready --host localhost --dbname whizbang_test --username postgres" at Docker container 8f84f381d11c
[testcontainers.org 00:00:10.98] Execute "pg_isready --host localhost --dbname whizbang_test --username postgres" at Docker container 4a72c3cda239
passed SaveResponseAsync_BeforeSaveRequest_ShouldNotCauseProblemAsync (482ms)
  Standard output
    [testcontainers.org 00:00:07.57] Docker container 675b83b3cb13 created
    [testcontainers.org 00:00:07.58] Start Docker container 675b83b3cb13
    [testcontainers.org 00:00:08.11] Wait for Docker container 675b83b3cb13 to complete readiness checks
    [testcontainers.org 00:00:08.12] Execute "pg_isready --host localhost --dbname whizbang_test --username postgres" at Docker container 675b83b3cb13
    [testcontainers.org 00:00:09.22] Execute "pg_isready --host localhost --dbname whizbang_test --username postgres" at Docker container 675b83b3cb13
    [testcontainers.org 00:00:10.39] Execute "pg_isready --host localhost --dbname whizbang_test --username postgres" at Docker container 675b83b3cb13
    [testcontainers.org 00:00:10.49] Docker container 675b83b3cb13 ready
    [testcontainers.org 00:00:10.64] Stop Docker container 675b83b3cb13
    [testcontainers.org 00:00:11.02] Delete Docker container 675b83b3cb13
  Error output
[testcontainers.org 00:00:11.02] Delete Docker container 675b83b3cb13
[testcontainers.org 00:00:11.07] Docker container 8f84f381d11c ready
[testcontainers.org 00:00:11.08] Execute "pg_isready --host localhost --dbname whizbang_test --username postgres" at Docker container df4bf4c49c81
[testcontainers.org 00:00:11.08] Execute "pg_isready --host localhost --dbname whizbang_test --username postgres" at Docker container 988a1bf6ee34
[testcontainers.org 00:00:11.14] Stop Docker container 8f84f381d11c
[testcontainers.org 00:00:11.15] Execute "pg_isready --host localhost --dbname whizbang_test --username postgres" at Docker container 63d4bb63cb71
[testcontainers.org 00:00:11.15] Delete Docker container 896220c54cb9
[testcontainers.org 00:00:11.17] Stop Docker container 6e8e82827f18
passed SaveResponseAsync_WithNullResponse_ShouldThrowAsync (322ms)
  Standard output
    [testcontainers.org 00:00:07.87] Docker container 896220c54cb9 created
    [testcontainers.org 00:00:07.88] Start Docker container 896220c54cb9
    [testcontainers.org 00:00:08.48] Wait for Docker container 896220c54cb9 to complete readiness checks
    [testcontainers.org 00:00:08.50] Execute "pg_isready --host localhost --dbname whizbang_test --username postgres" at Docker container 896220c54cb9
    [testcontainers.org 00:00:09.62] Execute "pg_isready --host localhost --dbname whizbang_test --username postgres" at Docker container 896220c54cb9
    [testcontainers.org 00:00:10.74] Execute "pg_isready --host localhost --dbname whizbang_test --username postgres" at Docker container 896220c54cb9
    [testcontainers.org 00:00:10.82] Docker container 896220c54cb9 ready
    [testcontainers.org 00:00:10.90] Stop Docker container 896220c54cb9
    [testcontainers.org 00:00:11.15] Delete Docker container 896220c54cb9
  Error output
[testcontainers.org 00:00:11.26] Delete Docker container 284180c94a71
passed WaitForResponseAsync_WithoutResponse_ShouldTimeoutAsync (479ms)
  Standard output
    [testcontainers.org 00:00:07.87] Docker container 284180c94a71 created
    [testcontainers.org 00:00:07.88] Start Docker container 284180c94a71
    [testcontainers.org 00:00:08.39] Wait for Docker container 284180c94a71 to complete readiness checks
    [testcontainers.org 00:00:08.41] Execute "pg_isready --host localhost --dbname whizbang_test --username postgres" at Docker container 284180c94a71
    [testcontainers.org 00:00:09.52] Execute "pg_isready --host localhost --dbname whizbang_test --username postgres" at Docker container 284180c94a71
    [testcontainers.org 00:00:10.64] Execute "pg_isready --host localhost --dbname whizbang_test --username postgres" at Docker container 284180c94a71
    [testcontainers.org 00:00:10.74] Docker container 284180c94a71 ready
    [testcontainers.org 00:00:10.97] Stop Docker container 284180c94a71
    [testcontainers.org 00:00:11.26] Delete Docker container 284180c94a71
  Error output
[testcontainers.org 00:00:11.37] Docker container d56043bf5dba created
[testcontainers.org 00:00:11.38] Start Docker container d56043bf5dba
[testcontainers.org 00:00:11.38] Delete Docker container 8f84f381d11c
[testcontainers.org 00:00:11.50] Execute "pg_isready --host localhost --dbname whizbang_test --username postgres" at Docker container e698a77ea9b0
[testcontainers.org 00:00:11.55] Delete Docker container 6e8e82827f18
[testcontainers.org 00:00:11.59] Execute "pg_isready --host localhost --dbname whizbang_test --username postgres" at Docker container ba232994ccca
[testcontainers.org 00:00:11.59] Execute "pg_isready --host localhost --dbname whizbang_test --username postgres" at Docker container ea578727d441
[testcontainers.org 00:00:11.59] Execute "pg_isready --host localhost --dbname whizbang_test --username postgres" at Docker container be92b1956920
passed CleanupExpiredAsync_ShouldNotThrowAsync (496ms)
  Standard output
    [testcontainers.org 00:00:08.26] Docker container 8f84f381d11c created
    [testcontainers.org 00:00:08.28] Start Docker container 8f84f381d11c
    [testcontainers.org 00:00:08.73] Wait for Docker container 8f84f381d11c to complete readiness checks
    [testcontainers.org 00:00:08.75] Execute "pg_isready --host localhost --dbname whizbang_test --username postgres" at Docker container 8f84f381d11c
    [testcontainers.org 00:00:09.82] Execute "pg_isready --host localhost --dbname whizbang_test --username postgres" at Docker container 8f84f381d11c
    [testcontainers.org 00:00:10.97] Execute "pg_isready --host localhost --dbname whizbang_test --username postgres" at Docker container 8f84f381d11c
    [testcontainers.org 00:00:11.07] Docker container 8f84f381d11c ready
    [testcontainers.org 00:00:11.14] Stop Docker container 8f84f381d11c
    [testcontainers.org 00:00:11.38] Delete Docker container 8f84f381d11c
  Error output
passed SaveResponseAsync_ShouldCompleteWaitingRequestAsync (728ms)
  Standard output
    [testcontainers.org 00:00:08.10] Docker container 6e8e82827f18 created
    [testcontainers.org 00:00:08.11] Start Docker container 6e8e82827f18
    [testcontainers.org 00:00:08.55] Wait for Docker container 6e8e82827f18 to complete readiness checks
    [testcontainers.org 00:00:08.56] Execute "pg_isready --host localhost --dbname whizbang_test --username postgres" at Docker container 6e8e82827f18
    [testcontainers.org 00:00:09.70] Execute "pg_isready --host localhost --dbname whizbang_test --username postgres" at Docker container 6e8e82827f18
    [testcontainers.org 00:00:10.86] Execute "pg_isready --host localhost --dbname whizbang_test --username postgres" at Docker container 6e8e82827f18
    [testcontainers.org 00:00:10.90] Docker container 6e8e82827f18 ready
    [testcontainers.org 00:00:11.17] Stop Docker container 6e8e82827f18
    [testcontainers.org 00:00:11.55] Delete Docker container 6e8e82827f18
  Error output
[testcontainers.org 00:00:11.75] Docker container e698a77ea9b0 ready
[testcontainers.org 00:00:11.76] Execute "pg_isready --host localhost --dbname whizbang_test --username postgres" at Docker container 59daa11a446b
[testcontainers.org 00:00:11.78] Docker container be92b1956920 ready
[testcontainers.org 00:00:11.79] Docker container ba232994ccca ready
[testcontainers.org 00:00:11.83] Docker container ea578727d441 ready
[testcontainers.org 00:00:11.85] Docker container 59daa11a446b ready
[testcontainers.org 00:00:11.92] Stop Docker container ba232994ccca
[testcontainers.org 00:00:11.94] Docker container 4bfe23bee714 created
[testcontainers.org 00:00:11.95] Start Docker container 4bfe23bee714
[testcontainers.org 00:00:11.98] Stop Docker container ea578727d441
[testcontainers.org 00:00:12.03] Execute "pg_isready --host localhost --dbname whizbang_test --username postgres" at Docker container 1fed333c503d
[testcontainers.org 00:00:12.07] Stop Docker container e698a77ea9b0
[testcontainers.org 00:00:12.07] Execute "pg_isready --host localhost --dbname whizbang_test --username postgres" at Docker container 4a72c3cda239
[testcontainers.org 00:00:12.09] Wait for Docker container d56043bf5dba to complete readiness checks
[testcontainers.org 00:00:12.10] Execute "pg_isready --host localhost --dbname whizbang_test --username postgres" at Docker container d56043bf5dba
[testcontainers.org 00:00:12.13] Execute "pg_isready --host localhost --dbname whizbang_test --username postgres" at Docker container df4bf4c49c81
[testcontainers.org 00:00:12.13] Execute "pg_isready --host localhost --dbname whizbang_test --username postgres" at Docker container 988a1bf6ee34
[testcontainers.org 00:00:12.17] Docker container 4a72c3cda239 ready
[testcontainers.org 00:00:12.20] Docker container 1fed333c503d ready
[testcontainers.org 00:00:12.21] Execute "pg_isready --host localhost --dbname whizbang_test --username postgres" at Docker container 63d4bb63cb71
[testcontainers.org 00:00:12.28] Docker container f90c73954595 created
[testcontainers.org 00:00:12.29] Start Docker container f90c73954595
[testcontainers.org 00:00:12.30] Stop Docker container 4a72c3cda239
[testcontainers.org 00:00:12.34] Docker container df4bf4c49c81 ready
[testcontainers.org 00:00:12.35] Docker container 988a1bf6ee34 ready
[testcontainers.org 00:00:12.36] Stop Docker container 59daa11a446b
[testcontainers.org 00:00:12.37] Docker container 63d4bb63cb71 ready
[testcontainers.org 00:00:12.38] Stop Docker container 1fed333c503d
[testcontainers.org 00:00:12.47] Stop Docker container df4bf4c49c81
[testcontainers.org 00:00:12.48] Docker container 642d15fdb3e7 created
[testcontainers.org 00:00:12.48] Stop Docker container 988a1bf6ee34
[testcontainers.org 00:00:12.51] Start Docker container 642d15fdb3e7
[testcontainers.org 00:00:12.52] Stop Docker container 63d4bb63cb71
[testcontainers.org 00:00:12.53] Docker container 97c755daa544 created
[testcontainers.org 00:00:12.56] Start Docker container 97c755daa544
[testcontainers.org 00:00:12.56] Delete Docker container ba232994ccca
passed SaveRequestAsync_ShouldStoreRequestAsync (817ms)
  Standard output
    [testcontainers.org 00:00:08.65] Docker container ba232994ccca created
    [testcontainers.org 00:00:08.66] Start Docker container ba232994ccca
    [testcontainers.org 00:00:09.33] Wait for Docker container ba232994ccca to complete readiness checks
    [testcontainers.org 00:00:09.35] Execute "pg_isready --host localhost --dbname whizbang_test --username postgres" at Docker container ba232994ccca
    [testcontainers.org 00:00:10.47] Execute "pg_isready --host localhost --dbname whizbang_test --username postgres" at Docker container ba232994ccca
    [testcontainers.org 00:00:11.59] Execute "pg_isready --host localhost --dbname whizbang_test --username postgres" at Docker container ba232994ccca
    [testcontainers.org 00:00:11.79] Docker container ba232994ccca ready
    [testcontainers.org 00:00:11.92] Stop Docker container ba232994ccca
    [testcontainers.org 00:00:12.56] Delete Docker container ba232994ccca
  Error output
[testcontainers.org 00:00:12.77] Delete Docker container ea578727d441
passed CancellationToken_WhenCancelled_ShouldThrowAsync (873ms)
  Standard output
    [testcontainers.org 00:00:08.77] Docker container ea578727d441 created
    [testcontainers.org 00:00:08.77] Start Docker container ea578727d441
    [testcontainers.org 00:00:09.39] Wait for Docker container ea578727d441 to complete readiness checks
    [testcontainers.org 00:00:09.41] Execute "pg_isready --host localhost --dbname whizbang_test --username postgres" at Docker container ea578727d441
    [testcontainers.org 00:00:10.50] Execute "pg_isready --host localhost --dbname whizbang_test --username postgres" at Docker container ea578727d441
    [testcontainers.org 00:00:11.59] Execute "pg_isready --host localhost --dbname whizbang_test --username postgres" at Docker container ea578727d441
    [testcontainers.org 00:00:11.83] Docker container ea578727d441 ready
    [testcontainers.org 00:00:11.98] Stop Docker container ea578727d441
    [testcontainers.org 00:00:12.77] Delete Docker container ea578727d441
  Error output
passed WaitForResponseAsync_WithCancellation_ShouldRespectCancellationAsync (931ms)
  Standard output
    [testcontainers.org 00:00:08.41] Docker container e698a77ea9b0 created
    [testcontainers.org 00:00:08.42] Start Docker container e698a77ea9b0
    [testcontainers.org 00:00:09.02] Wait for Docker container e698a77ea9b0 to complete readiness checks
    [testcontainers.org 00:00:09.06] Execute "pg_isready --host localhost --dbname whizbang_test --username postgres" at Docker container e698a77ea9b0
    [testcontainers.org 00:00:10.35] Execute "pg_isready --host localhost --dbname whizbang_test --username postgres" at Docker container e698a77ea9b0
    [testcontainers.org 00:00:11.50] Execute "pg_isready --host localhost --dbname whizbang_test --username postgres" at Docker container e698a77ea9b0
    [testcontainers.org 00:00:11.75] Docker container e698a77ea9b0 ready
    [testcontainers.org 00:00:12.07] Stop Docker container e698a77ea9b0
    [testcontainers.org 00:00:12.80] Delete Docker container e698a77ea9b0
  Error output
[testcontainers.org 00:00:12.80] Delete Docker container e698a77ea9b0
passed GetCurrentAsync_WithoutGetNext_ShouldReturnNegativeOneAsync (602ms)
  Standard output
    [testcontainers.org 00:00:09.08] Docker container 1fed333c503d created
    [testcontainers.org 00:00:09.12] Start Docker container 1fed333c503d
    [testcontainers.org 00:00:09.78] Wait for Docker container 1fed333c503d to complete readiness checks
    [testcontainers.org 00:00:09.80] Execute "pg_isready --host localhost --dbname whizbang_test --username postgres" at Docker container 1fed333c503d
    [testcontainers.org 00:00:10.94] Execute "pg_isready --host localhost --dbname whizbang_test --username postgres" at Docker container 1fed333c503d
    [testcontainers.org 00:00:12.03] Execute "pg_isready --host localhost --dbname whizbang_test --username postgres" at Docker container 1fed333c503d
    [testcontainers.org 00:00:12.20] Docker container 1fed333c503d ready
    [testcontainers.org 00:00:12.38] Stop Docker container 1fed333c503d
    [testcontainers.org 00:00:12.91] Delete Docker container 1fed333c503d
  Error output
[testcontainers.org 00:00:12.91] Delete Docker container 1fed333c503d
passed ResetAsync_WithCustomValue_ShouldResetToSpecifiedValueAsync (765ms)
  Standard output
    [testcontainers.org 00:00:09.02] Docker container 4a72c3cda239 created
    [testcontainers.org 00:00:09.08] Start Docker container 4a72c3cda239
    [testcontainers.org 00:00:09.75] Wait for Docker container 4a72c3cda239 to complete readiness checks
    [testcontainers.org 00:00:09.76] Execute "pg_isready --host localhost --dbname whizbang_test --username postgres" at Docker container 4a72c3cda239
    [testcontainers.org 00:00:10.98] Execute "pg_isready --host localhost --dbname whizbang_test --username postgres" at Docker container 4a72c3cda239
    [testcontainers.org 00:00:12.07] Execute "pg_isready --host localhost --dbname whizbang_test --username postgres" at Docker container 4a72c3cda239
    [testcontainers.org 00:00:12.17] Docker container 4a72c3cda239 ready
    [testcontainers.org 00:00:12.30] Stop Docker container 4a72c3cda239
    [testcontainers.org 00:00:12.99] Delete Docker container 4a72c3cda239
  Error output
[testcontainers.org 00:00:12.99] Delete Docker container 4a72c3cda239
[testcontainers.org 00:00:13.03] Delete Docker container 63d4bb63cb71
passed GetCurrentAsync_DoesNotIncrement_ShouldReturnSameValueAsync (690ms)
  Standard output
    [testcontainers.org 00:00:09.47] Docker container 63d4bb63cb71 created
    [testcontainers.org 00:00:09.49] Start Docker container 63d4bb63cb71
    [testcontainers.org 00:00:10.00] Wait for Docker container 63d4bb63cb71 to complete readiness checks
    [testcontainers.org 00:00:10.01] Execute "pg_isready --host localhost --dbname whizbang_test --username postgres" at Docker container 63d4bb63cb71
    [testcontainers.org 00:00:11.15] Execute "pg_isready --host localhost --dbname whizbang_test --username postgres" at Docker container 63d4bb63cb71
    [testcontainers.org 00:00:12.21] Execute "pg_isready --host localhost --dbname whizbang_test --username postgres" at Docker container 63d4bb63cb71
    [testcontainers.org 00:00:12.37] Docker container 63d4bb63cb71 ready
    [testcontainers.org 00:00:12.52] Stop Docker container 63d4bb63cb71
    [testcontainers.org 00:00:13.03] Delete Docker container 63d4bb63cb71
  Error output
[testcontainers.org 00:00:13.13] Delete Docker container df4bf4c49c81
passed ResetAsync_WithDefaultValue_ShouldResetToZeroAsync (831ms)
  Standard output
    [testcontainers.org 00:00:09.30] Docker container df4bf4c49c81 created
    [testcontainers.org 00:00:09.32] Start Docker container df4bf4c49c81
    [testcontainers.org 00:00:09.92] Wait for Docker container df4bf4c49c81 to complete readiness checks
    [testcontainers.org 00:00:09.95] Execute "pg_isready --host localhost --dbname whizbang_test --username postgres" at Docker container df4bf4c49c81
    [testcontainers.org 00:00:11.08] Execute "pg_isready --host localhost --dbname whizbang_test --username postgres" at Docker container df4bf4c49c81
    [testcontainers.org 00:00:12.13] Execute "pg_isready --host localhost --dbname whizbang_test --username postgres" at Docker container df4bf4c49c81
    [testcontainers.org 00:00:12.34] Docker container df4bf4c49c81 ready
    [testcontainers.org 00:00:12.47] Stop Docker container df4bf4c49c81
    [testcontainers.org 00:00:13.13] Delete Docker container df4bf4c49c81
  Error output
[testcontainers.org 00:00:13.26] Wait for Docker container 4bfe23bee714 to complete readiness checks
[testcontainers.org 00:00:13.30] Execute "pg_isready --host localhost --dbname whizbang_test --username postgres" at Docker container 4bfe23bee714
[testcontainers.org 00:00:13.31] Delete Docker container 59daa11a446b
[testcontainers.org 00:00:13.32] Execute "pg_isready --host localhost --dbname whizbang_test --username postgres" at Docker container d56043bf5dba
[testcontainers.org 00:00:13.37] Delete Docker container 988a1bf6ee34
passed GetNextAsync_ConcurrentCalls_ShouldMaintainMonotonicityAsync (1s 452ms)
  Standard output
    [testcontainers.org 00:00:08.82] Docker container 59daa11a446b created
    [testcontainers.org 00:00:08.84] Start Docker container 59daa11a446b
    [testcontainers.org 00:00:09.49] Wait for Docker container 59daa11a446b to complete readiness checks
    [testcontainers.org 00:00:09.52] Execute "pg_isready --host localhost --dbname whizbang_test --username postgres" at Docker container 59daa11a446b
    [testcontainers.org 00:00:10.63] Execute "pg_isready --host localhost --dbname whizbang_test --username postgres" at Docker container 59daa11a446b
    [testcontainers.org 00:00:11.76] Execute "pg_isready --host localhost --dbname whizbang_test --username postgres" at Docker container 59daa11a446b
    [testcontainers.org 00:00:11.85] Docker container 59daa11a446b ready
    [testcontainers.org 00:00:12.36] Stop Docker container 59daa11a446b
    [testcontainers.org 00:00:13.31] Delete Docker container 59daa11a446b
  Error output
passed GetCurrentAsync_AfterGetNext_ShouldReturnLastIssuedSequenceAsync (1s 012ms)
  Standard output
    [testcontainers.org 00:00:09.48] Docker container 988a1bf6ee34 created
    [testcontainers.org 00:00:09.50] Start Docker container 988a1bf6ee34
    [testcontainers.org 00:00:09.94] Wait for Docker container 988a1bf6ee34 to complete readiness checks
    [testcontainers.org 00:00:09.95] Execute "pg_isready --host localhost --dbname whizbang_test --username postgres" at Docker container 988a1bf6ee34
    [testcontainers.org 00:00:11.08] Execute "pg_isready --host localhost --dbname whizbang_test --username postgres" at Docker container 988a1bf6ee34
    [testcontainers.org 00:00:12.13] Execute "pg_isready --host localhost --dbname whizbang_test --username postgres" at Docker container 988a1bf6ee34
    [testcontainers.org 00:00:12.35] Docker container 988a1bf6ee34 ready
    [testcontainers.org 00:00:12.48] Stop Docker container 988a1bf6ee34
    [testcontainers.org 00:00:13.37] Delete Docker container 988a1bf6ee34
  Error output
[+420/x0/?0] Whizbang.Data.Postgres.Tests.dll (net10.0|arm64) - 15 tests running (15s)

[testcontainers.org 00:00:13.39] Wait for Docker container 642d15fdb3e7 to complete readiness checks
[testcontainers.org 00:00:13.41] Execute "pg_isready --host localhost --dbname whizbang_test --username postgres" at Docker container 642d15fdb3e7
[testcontainers.org 00:00:13.45] Wait for Docker container f90c73954595 to complete readiness checks
[testcontainers.org 00:00:13.47] Execute "pg_isready --host localhost --dbname whizbang_test --username postgres" at Docker container f90c73954595
[testcontainers.org 00:00:13.49] Docker container 1ec4ad164467 created
[testcontainers.org 00:00:13.53] Start Docker container 1ec4ad164467
[testcontainers.org 00:00:13.53] Wait for Docker container 97c755daa544 to complete readiness checks
[testcontainers.org 00:00:13.56] Execute "pg_isready --host localhost --dbname whizbang_test --username postgres" at Docker container 97c755daa544
[testcontainers.org 00:00:13.58] Docker container 03030e1f0496 created
[testcontainers.org 00:00:13.59] Start Docker container 03030e1f0496
[testcontainers.org 00:00:13.65] Docker container 4d093aa0286a created
[testcontainers.org 00:00:13.65] Docker container 35c536eae956 created
[testcontainers.org 00:00:13.67] Start Docker container 4d093aa0286a
[testcontainers.org 00:00:13.69] Start Docker container 35c536eae956
[testcontainers.org 00:00:13.74] Docker container 68303eb7fcb9 created
[testcontainers.org 00:00:13.75] Start Docker container 68303eb7fcb9
[testcontainers.org 00:00:13.88] Wait for Docker container 1ec4ad164467 to complete readiness checks
[testcontainers.org 00:00:13.89] Execute "pg_isready --host localhost --dbname whizbang_test --username postgres" at Docker container 1ec4ad164467
[testcontainers.org 00:00:14.06] Wait for Docker container 03030e1f0496 to complete readiness checks
[testcontainers.org 00:00:14.08] Execute "pg_isready --host localhost --dbname whizbang_test --username postgres" at Docker container 03030e1f0496
[testcontainers.org 00:00:14.14] Wait for Docker container 4d093aa0286a to complete readiness checks
[testcontainers.org 00:00:14.15] Docker container c2c357dc9043 created
[testcontainers.org 00:00:14.15] Execute "pg_isready --host localhost --dbname whizbang_test --username postgres" at Docker container 4d093aa0286a
[testcontainers.org 00:00:14.16] Start Docker container c2c357dc9043
[testcontainers.org 00:00:14.22] Docker container febf08ba1b8a created
[testcontainers.org 00:00:14.25] Start Docker container febf08ba1b8a
[testcontainers.org 00:00:14.28] Wait for Docker container 68303eb7fcb9 to complete readiness checks
[testcontainers.org 00:00:14.29] Execute "pg_isready --host localhost --dbname whizbang_test --username postgres" at Docker container 68303eb7fcb9
[testcontainers.org 00:00:14.37] Wait for Docker container 35c536eae956 to complete readiness checks
[testcontainers.org 00:00:14.38] Execute "pg_isready --host localhost --dbname whizbang_test --username postgres" at Docker container 35c536eae956
[testcontainers.org 00:00:14.44] Execute "pg_isready --host localhost --dbname whizbang_test --username postgres" at Docker container d56043bf5dba
[testcontainers.org 00:00:14.50] Execute "pg_isready --host localhost --dbname whizbang_test --username postgres" at Docker container 4bfe23bee714
[testcontainers.org 00:00:14.51] Execute "pg_isready --host localhost --dbname whizbang_test --username postgres" at Docker container 642d15fdb3e7
[testcontainers.org 00:00:14.56] Execute "pg_isready --host localhost --dbname whizbang_test --username postgres" at Docker container f90c73954595
[testcontainers.org 00:00:14.62] Docker container 4633f80ed4c1 created
[testcontainers.org 00:00:14.62] Execute "pg_isready --host localhost --dbname whizbang_test --username postgres" at Docker container 97c755daa544
[testcontainers.org 00:00:14.64] Start Docker container 4633f80ed4c1
[testcontainers.org 00:00:14.68] Docker container d56043bf5dba ready
[testcontainers.org 00:00:14.79] Docker container 6751fcbf544f created
[testcontainers.org 00:00:14.80] Start Docker container 6751fcbf544f
[testcontainers.org 00:00:14.80] Wait for Docker container c2c357dc9043 to complete readiness checks
[testcontainers.org 00:00:14.82] Execute "pg_isready --host localhost --dbname whizbang_test --username postgres" at Docker container c2c357dc9043
[testcontainers.org 00:00:14.88] Stop Docker container d56043bf5dba
[testcontainers.org 00:00:14.91] Wait for Docker container febf08ba1b8a to complete readiness checks
[testcontainers.org 00:00:14.93] Execute "pg_isready --host localhost --dbname whizbang_test --username postgres" at Docker container febf08ba1b8a
[testcontainers.org 00:00:15.13] Execute "pg_isready --host localhost --dbname whizbang_test --username postgres" at Docker container 1ec4ad164467
[testcontainers.org 00:00:15.16] Execute "pg_isready --host localhost --dbname whizbang_test --username postgres" at Docker container 03030e1f0496
[testcontainers.org 00:00:15.27] Wait for Docker container 4633f80ed4c1 to complete readiness checks
[testcontainers.org 00:00:15.29] Execute "pg_isready --host localhost --dbname whizbang_test --username postgres" at Docker container 4633f80ed4c1
[testcontainers.org 00:00:15.41] Execute "pg_isready --host localhost --dbname whizbang_test --username postgres" at Docker container 4d093aa0286a
[testcontainers.org 00:00:15.42] Wait for Docker container 6751fcbf544f to complete readiness checks
[testcontainers.org 00:00:15.44] Execute "pg_isready --host localhost --dbname whizbang_test --username postgres" at Docker container 6751fcbf544f
[testcontainers.org 00:00:15.57] Execute "pg_isready --host localhost --dbname whizbang_test --username postgres" at Docker container 68303eb7fcb9
[testcontainers.org 00:00:15.64] Execute "pg_isready --host localhost --dbname whizbang_test --username postgres" at Docker container 642d15fdb3e7
[testcontainers.org 00:00:15.66] Execute "pg_isready --host localhost --dbname whizbang_test --username postgres" at Docker container 4bfe23bee714
[testcontainers.org 00:00:15.66] Execute "pg_isready --host localhost --dbname whizbang_test --username postgres" at Docker container 35c536eae956
[testcontainers.org 00:00:15.72] Execute "pg_isready --host localhost --dbname whizbang_test --username postgres" at Docker container f90c73954595
[testcontainers.org 00:00:15.72] Delete Docker container d56043bf5dba
passed GetNextAsync_DifferentStreamKeys_ShouldMaintainSeparateSequencesAsync (1s 018ms)
  Standard output
    [testcontainers.org 00:00:11.37] Docker container d56043bf5dba created
    [testcontainers.org 00:00:11.38] Start Docker container d56043bf5dba
    [testcontainers.org 00:00:12.09] Wait for Docker container d56043bf5dba to complete readiness checks
    [testcontainers.org 00:00:12.10] Execute "pg_isready --host localhost --dbname whizbang_test --username postgres" at Docker container d56043bf5dba
    [testcontainers.org 00:00:13.32] Execute "pg_isready --host localhost --dbname whizbang_test --username postgres" at Docker container d56043bf5dba
    [testcontainers.org 00:00:14.44] Execute "pg_isready --host localhost --dbname whizbang_test --username postgres" at Docker container d56043bf5dba
    [testcontainers.org 00:00:14.68] Docker container d56043bf5dba ready
    [testcontainers.org 00:00:14.88] Stop Docker container d56043bf5dba
    [testcontainers.org 00:00:15.72] Delete Docker container d56043bf5dba
  Error output
[testcontainers.org 00:00:15.80] Execute "pg_isready --host localhost --dbname whizbang_test --username postgres" at Docker container 97c755daa544
[testcontainers.org 00:00:15.81] Docker container 4bfe23bee714 ready
[testcontainers.org 00:00:15.81] Stop Docker container be92b1956920
[testcontainers.org 00:00:15.85] Docker container 642d15fdb3e7 ready
[testcontainers.org 00:00:15.94] Stop Docker container 4bfe23bee714
[testcontainers.org 00:00:15.97] Stop Docker container 642d15fdb3e7
[testcontainers.org 00:00:15.99] Execute "pg_isready --host localhost --dbname whizbang_test --username postgres" at Docker container c2c357dc9043
[testcontainers.org 00:00:16.13] Delete Docker container be92b1956920
[testcontainers.org 00:00:16.14] Execute "pg_isready --host localhost --dbname whizbang_test --username postgres" at Docker container febf08ba1b8a
passed GetNextAsync_ManyCalls_ShouldNeverSkipOrDuplicateAsync (4s 279ms)
  Standard output
    [testcontainers.org 00:00:08.67] Docker container be92b1956920 created
    [testcontainers.org 00:00:08.68] Start Docker container be92b1956920
    [testcontainers.org 00:00:09.32] Wait for Docker container be92b1956920 to complete readiness checks
    [testcontainers.org 00:00:09.34] Execute "pg_isready --host localhost --dbname whizbang_test --username postgres" at Docker container be92b1956920
    [testcontainers.org 00:00:10.47] Execute "pg_isready --host localhost --dbname whizbang_test --username postgres" at Docker container be92b1956920
    [testcontainers.org 00:00:11.59] Execute "pg_isready --host localhost --dbname whizbang_test --username postgres" at Docker container be92b1956920
    [testcontainers.org 00:00:11.78] Docker container be92b1956920 ready
    [testcontainers.org 00:00:15.81] Stop Docker container be92b1956920
    [testcontainers.org 00:00:16.13] Delete Docker container be92b1956920
  Error output
[testcontainers.org 00:00:16.24] Docker container 60f3ce8f2c68 created
[testcontainers.org 00:00:16.27] Start Docker container 60f3ce8f2c68
[testcontainers.org 00:00:16.32] Delete Docker container 4bfe23bee714
passed GetNextAsync_MultipleCalls_ShouldIncrementMonotonicallyAsync (470ms)
  Standard output
    [testcontainers.org 00:00:11.94] Docker container 4bfe23bee714 created
    [testcontainers.org 00:00:11.95] Start Docker container 4bfe23bee714
    [testcontainers.org 00:00:13.26] Wait for Docker container 4bfe23bee714 to complete readiness checks
    [testcontainers.org 00:00:13.30] Execute "pg_isready --host localhost --dbname whizbang_test --username postgres" at Docker container 4bfe23bee714
    [testcontainers.org 00:00:14.50] Execute "pg_isready --host localhost --dbname whizbang_test --username postgres" at Docker container 4bfe23bee714
    [testcontainers.org 00:00:15.66] Execute "pg_isready --host localhost --dbname whizbang_test --username postgres" at Docker container 4bfe23bee714
    [testcontainers.org 00:00:15.81] Docker container 4bfe23bee714 ready
    [testcontainers.org 00:00:15.94] Stop Docker container 4bfe23bee714
    [testcontainers.org 00:00:16.32] Delete Docker container 4bfe23bee714
  Error output
[testcontainers.org 00:00:16.43] Execute "pg_isready --host localhost --dbname whizbang_test --username postgres" at Docker container 1ec4ad164467
[testcontainers.org 00:00:16.46] Delete Docker container 642d15fdb3e7
[+423/x0/?0] Whizbang.Data.Postgres.Tests.dll (net10.0|arm64) - 15 tests running (18s)

passed ResetAsync_MultipleTimes_ShouldAlwaysResetAsync (637ms)
  Standard output
    [testcontainers.org 00:00:12.48] Docker container 642d15fdb3e7 created
    [testcontainers.org 00:00:12.51] Start Docker container 642d15fdb3e7
    [testcontainers.org 00:00:13.39] Wait for Docker container 642d15fdb3e7 to complete readiness checks
    [testcontainers.org 00:00:13.41] Execute "pg_isready --host localhost --dbname whizbang_test --username postgres" at Docker container 642d15fdb3e7
    [testcontainers.org 00:00:14.51] Execute "pg_isready --host localhost --dbname whizbang_test --username postgres" at Docker container 642d15fdb3e7
    [testcontainers.org 00:00:15.64] Execute "pg_isready --host localhost --dbname whizbang_test --username postgres" at Docker container 642d15fdb3e7
    [testcontainers.org 00:00:15.85] Docker container 642d15fdb3e7 ready
    [testcontainers.org 00:00:15.97] Stop Docker container 642d15fdb3e7
    [testcontainers.org 00:00:16.46] Delete Docker container 642d15fdb3e7
  Error output
[testcontainers.org 00:00:16.60] Execute "pg_isready --host localhost --dbname whizbang_test --username postgres" at Docker container 4633f80ed4c1
[testcontainers.org 00:00:16.61] Docker container 1ec4ad164467 ready
[testcontainers.org 00:00:16.61] Execute "pg_isready --host localhost --dbname whizbang_test --username postgres" at Docker container 03030e1f0496
[testcontainers.org 00:00:16.63] Execute "pg_isready --host localhost --dbname whizbang_test --username postgres" at Docker container 4d093aa0286a
[testcontainers.org 00:00:16.64] Wait for Docker container 60f3ce8f2c68 to complete readiness checks
[testcontainers.org 00:00:16.65] Execute "pg_isready --host localhost --dbname whizbang_test --username postgres" at Docker container 60f3ce8f2c68
[testcontainers.org 00:00:16.66] Execute "pg_isready --host localhost --dbname whizbang_test --username postgres" at Docker container 6751fcbf544f
[testcontainers.org 00:00:16.68] Execute "pg_isready --host localhost --dbname whizbang_test --username postgres" at Docker container 68303eb7fcb9
[testcontainers.org 00:00:16.72] Docker container 03030e1f0496 ready
[testcontainers.org 00:00:16.78] Docker container 4d093aa0286a ready
[testcontainers.org 00:00:16.79] Docker container 68303eb7fcb9 ready
[testcontainers.org 00:00:16.80] Stop Docker container 1ec4ad164467
[testcontainers.org 00:00:16.85] Docker container 34a4e8d81254 created
[testcontainers.org 00:00:16.86] Start Docker container 34a4e8d81254
[testcontainers.org 00:00:16.86] Execute "pg_isready --host localhost --dbname whizbang_test --username postgres" at Docker container 35c536eae956
[testcontainers.org 00:00:16.90] Execute "pg_isready --host localhost --dbname whizbang_test --username postgres" at Docker container f90c73954595
[testcontainers.org 00:00:16.91] Stop Docker container 03030e1f0496
[testcontainers.org 00:00:16.94] Execute "pg_isready --host localhost --dbname whizbang_test --username postgres" at Docker container 97c755daa544
[testcontainers.org 00:00:16.95] Stop Docker container 4d093aa0286a
[testcontainers.org 00:00:16.97] Stop Docker container 68303eb7fcb9
[testcontainers.org 00:00:16.98] Docker container 35c536eae956 ready
[testcontainers.org 00:00:17.00] Docker container 97c755daa544 ready
[testcontainers.org 00:00:17.02] Docker container f90c73954595 ready
[testcontainers.org 00:00:17.04] Execute "pg_isready --host localhost --dbname whizbang_test --username postgres" at Docker container c2c357dc9043
[testcontainers.org 00:00:17.11] Docker container c2c357dc9043 ready
[testcontainers.org 00:00:17.13] Stop Docker container 35c536eae956
[testcontainers.org 00:00:17.13] Stop Docker container f90c73954595
[testcontainers.org 00:00:17.16] Stop Docker container 97c755daa544
[testcontainers.org 00:00:17.17] Docker container 84863154bb18 created
[testcontainers.org 00:00:17.19] Start Docker container 84863154bb18
[testcontainers.org 00:00:17.19] Execute "pg_isready --host localhost --dbname whizbang_test --username postgres" at Docker container febf08ba1b8a
[testcontainers.org 00:00:17.26] Delete Docker container 1ec4ad164467
[testcontainers.org 00:00:17.27] Stop Docker container c2c357dc9043
passed ProcessWorkBatchAsync_NoWork_UpdatesHeartbeatAsync (684ms)
  Standard output
    [testcontainers.org 00:00:13.49] Docker container 1ec4ad164467 created
    [testcontainers.org 00:00:13.53] Start Docker container 1ec4ad164467
    [testcontainers.org 00:00:13.88] Wait for Docker container 1ec4ad164467 to complete readiness checks
    [testcontainers.org 00:00:13.89] Execute "pg_isready --host localhost --dbname whizbang_test --username postgres" at Docker container 1ec4ad164467
    [testcontainers.org 00:00:15.13] Execute "pg_isready --host localhost --dbname whizbang_test --username postgres" at Docker container 1ec4ad164467
    [testcontainers.org 00:00:16.43] Execute "pg_isready --host localhost --dbname whizbang_test --username postgres" at Docker container 1ec4ad164467
    [testcontainers.org 00:00:16.61] Docker container 1ec4ad164467 ready
    [testcontainers.org 00:00:16.80] Stop Docker container 1ec4ad164467
    [testcontainers.org 00:00:17.26] Delete Docker container 1ec4ad164467
  Error output
[testcontainers.org 00:00:17.31] Docker container ff0f4322bb30 created
[testcontainers.org 00:00:17.38] Start Docker container ff0f4322bb30
[testcontainers.org 00:00:17.40] Docker container febf08ba1b8a ready
[testcontainers.org 00:00:17.53] Delete Docker container 03030e1f0496
[testcontainers.org 00:00:17.53] Wait for Docker container 34a4e8d81254 to complete readiness checks
[testcontainers.org 00:00:17.57] Execute "pg_isready --host localhost --dbname whizbang_test --username postgres" at Docker container 34a4e8d81254
failed ProcessWorkBatchAsync_CompletesOutboxMessages_MarksAsPublishedAsync (779ms)
  TUnit.Engine.Exceptions.TestFailedException: AssertionException: Expected to be equal to "Published"
  but found ""
  
  at Assert.That(status1).IsEqualTo("Published")
  Standard output
    [testcontainers.org 00:00:13.58] Docker container 03030e1f0496 created
    [testcontainers.org 00:00:13.59] Start Docker container 03030e1f0496
    [testcontainers.org 00:00:14.06] Wait for Docker container 03030e1f0496 to complete readiness checks
    [testcontainers.org 00:00:14.08] Execute "pg_isready --host localhost --dbname whizbang_test --username postgres" at Docker container 03030e1f0496
    [testcontainers.org 00:00:15.16] Execute "pg_isready --host localhost --dbname whizbang_test --username postgres" at Docker container 03030e1f0496
    [testcontainers.org 00:00:16.61] Execute "pg_isready --host localhost --dbname whizbang_test --username postgres" at Docker container 03030e1f0496
    [testcontainers.org 00:00:16.72] Docker container 03030e1f0496 ready
    [testcontainers.org 00:00:16.91] Stop Docker container 03030e1f0496
    [testcontainers.org 00:00:17.53] Delete Docker container 03030e1f0496
  Error output
passed ProcessWorkBatchAsync_RecoversOrphanedInboxMessages_ReturnsExpiredLeasesAsync (804ms)
  Standard output
    [testcontainers.org 00:00:13.74] Docker container 68303eb7fcb9 created
    [testcontainers.org 00:00:13.75] Start Docker container 68303eb7fcb9
    [testcontainers.org 00:00:14.28] Wait for Docker container 68303eb7fcb9 to complete readiness checks
    [testcontainers.org 00:00:14.29] Execute "pg_isready --host localhost --dbname whizbang_test --username postgres" at Docker container 68303eb7fcb9
    [testcontainers.org 00:00:15.57] Execute "pg_isready --host localhost --dbname whizbang_test --username postgres" at Docker container 68303eb7fcb9
    [testcontainers.org 00:00:16.68] Execute "pg_isready --host localhost --dbname whizbang_test --username postgres" at Docker container 68303eb7fcb9
    [testcontainers.org 00:00:16.79] Docker container 68303eb7fcb9 ready
    [testcontainers.org 00:00:16.97] Stop Docker container 68303eb7fcb9
    [testcontainers.org 00:00:17.62] Delete Docker container 68303eb7fcb9
  Error output
[testcontainers.org 00:00:17.62] Delete Docker container 68303eb7fcb9
[testcontainers.org 00:00:17.65] Stop Docker container febf08ba1b8a
[testcontainers.org 00:00:17.69] Execute "pg_isready --host localhost --dbname whizbang_test --username postgres" at Docker container 4633f80ed4c1
passed ProcessWorkBatchAsync_FailsInboxMessages_MarksAsFailedWithErrorAsync (912ms)
  Standard output
    [testcontainers.org 00:00:13.65] Docker container 4d093aa0286a created
    [testcontainers.org 00:00:13.67] Start Docker container 4d093aa0286a
    [testcontainers.org 00:00:14.14] Wait for Docker container 4d093aa0286a to complete readiness checks
    [testcontainers.org 00:00:14.15] Execute "pg_isready --host localhost --dbname whizbang_test --username postgres" at Docker container 4d093aa0286a
    [testcontainers.org 00:00:15.41] Execute "pg_isready --host localhost --dbname whizbang_test --username postgres" at Docker container 4d093aa0286a
    [testcontainers.org 00:00:16.63] Execute "pg_isready --host localhost --dbname whizbang_test --username postgres" at Docker container 4d093aa0286a
    [testcontainers.org 00:00:16.78] Docker container 4d093aa0286a ready
    [testcontainers.org 00:00:16.95] Stop Docker container 4d093aa0286a
    [testcontainers.org 00:00:17.72] Delete Docker container 4d093aa0286a
  Error output
[testcontainers.org 00:00:17.72] Delete Docker container 4d093aa0286a
[testcontainers.org 00:00:17.76] Execute "pg_isready --host localhost --dbname whizbang_test --username postgres" at Docker container 60f3ce8f2c68
[testcontainers.org 00:00:17.76] Docker container 4633f80ed4c1 ready
[testcontainers.org 00:00:17.79] Execute "pg_isready --host localhost --dbname whizbang_test --username postgres" at Docker container 6751fcbf544f
[testcontainers.org 00:00:17.87] Delete Docker container f90c73954595
[testcontainers.org 00:00:17.88] Stop Docker container 4633f80ed4c1
passed GetNextAsync_FirstCall_ShouldReturnZeroAsync (850ms)
  Standard output
    [testcontainers.org 00:00:12.28] Docker container f90c73954595 created
    [testcontainers.org 00:00:12.29] Start Docker container f90c73954595
    [testcontainers.org 00:00:13.45] Wait for Docker container f90c73954595 to complete readiness checks
    [testcontainers.org 00:00:13.47] Execute "pg_isready --host localhost --dbname whizbang_test --username postgres" at Docker container f90c73954595
    [testcontainers.org 00:00:14.56] Execute "pg_isready --host localhost --dbname whizbang_test --username postgres" at Docker container f90c73954595
    [testcontainers.org 00:00:15.72] Execute "pg_isready --host localhost --dbname whizbang_test --username postgres" at Docker container f90c73954595
    [testcontainers.org 00:00:16.90] Execute "pg_isready --host localhost --dbname whizbang_test --username postgres" at Docker container f90c73954595
    [testcontainers.org 00:00:17.02] Docker container f90c73954595 ready
    [testcontainers.org 00:00:17.13] Stop Docker container f90c73954595
    [testcontainers.org 00:00:17.87] Delete Docker container f90c73954595
  Error output
[testcontainers.org 00:00:17.92] Docker container 6751fcbf544f ready
[testcontainers.org 00:00:18.00] Delete Docker container 35c536eae956
[testcontainers.org 00:00:18.05] Delete Docker container 97c755daa544
[testcontainers.org 00:00:18.06] Stop Docker container 6751fcbf544f
passed ProcessWorkBatchAsync_FailsOutboxMessages_MarksAsFailedWithErrorAsync (1s 019ms)
  Standard output
    [testcontainers.org 00:00:13.65] Docker container 35c536eae956 created
    [testcontainers.org 00:00:13.69] Start Docker container 35c536eae956
    [testcontainers.org 00:00:14.37] Wait for Docker container 35c536eae956 to complete readiness checks
    [testcontainers.org 00:00:14.38] Execute "pg_isready --host localhost --dbname whizbang_test --username postgres" at Docker container 35c536eae956
    [testcontainers.org 00:00:15.66] Execute "pg_isready --host localhost --dbname whizbang_test --username postgres" at Docker container 35c536eae956
    [testcontainers.org 00:00:16.86] Execute "pg_isready --host localhost --dbname whizbang_test --username postgres" at Docker container 35c536eae956
    [testcontainers.org 00:00:16.98] Docker container 35c536eae956 ready
    [testcontainers.org 00:00:17.13] Stop Docker container 35c536eae956
    [testcontainers.org 00:00:18.00] Delete Docker container 35c536eae956
  Error output
passed ProcessWorkBatchAsync_RecoversOrphanedOutboxMessages_ReturnsExpiredLeasesAsync (1s 069ms)
  Standard output
    [testcontainers.org 00:00:12.53] Docker container 97c755daa544 created
    [testcontainers.org 00:00:12.56] Start Docker container 97c755daa544
    [testcontainers.org 00:00:13.53] Wait for Docker container 97c755daa544 to complete readiness checks
    [testcontainers.org 00:00:13.56] Execute "pg_isready --host localhost --dbname whizbang_test --username postgres" at Docker container 97c755daa544
    [testcontainers.org 00:00:14.62] Execute "pg_isready --host localhost --dbname whizbang_test --username postgres" at Docker container 97c755daa544
    [testcontainers.org 00:00:15.80] Execute "pg_isready --host localhost --dbname whizbang_test --username postgres" at Docker container 97c755daa544
    [testcontainers.org 00:00:16.94] Execute "pg_isready --host localhost --dbname whizbang_test --username postgres" at Docker container 97c755daa544
    [testcontainers.org 00:00:17.00] Docker container 97c755daa544 ready
    [testcontainers.org 00:00:17.16] Stop Docker container 97c755daa544
    [testcontainers.org 00:00:18.05] Delete Docker container 97c755daa544
  Error output
[testcontainers.org 00:00:18.09] Wait for Docker container 84863154bb18 to complete readiness checks
[testcontainers.org 00:00:18.11] Execute "pg_isready --host localhost --dbname whizbang_test --username postgres" at Docker container 84863154bb18
[testcontainers.org 00:00:18.13] Delete Docker container c2c357dc9043
passed ProcessWorkBatchAsync_EventVersionConflict_HandlesOptimisticConcurrencyAsync (987ms)
  Standard output
    [testcontainers.org 00:00:14.15] Docker container c2c357dc9043 created
    [testcontainers.org 00:00:14.16] Start Docker container c2c357dc9043
    [testcontainers.org 00:00:14.80] Wait for Docker container c2c357dc9043 to complete readiness checks
    [testcontainers.org 00:00:14.82] Execute "pg_isready --host localhost --dbname whizbang_test --username postgres" at Docker container c2c357dc9043
    [testcontainers.org 00:00:15.99] Execute "pg_isready --host localhost --dbname whizbang_test --username postgres" at Docker container c2c357dc9043
    [testcontainers.org 00:00:17.04] Execute "pg_isready --host localhost --dbname whizbang_test --username postgres" at Docker container c2c357dc9043
    [testcontainers.org 00:00:17.11] Docker container c2c357dc9043 ready
    [testcontainers.org 00:00:17.27] Stop Docker container c2c357dc9043
    [testcontainers.org 00:00:18.13] Delete Docker container c2c357dc9043
  Error output
[testcontainers.org 00:00:18.19] Wait for Docker container ff0f4322bb30 to complete readiness checks
[testcontainers.org 00:00:18.20] Execute "pg_isready --host localhost --dbname whizbang_test --username postgres" at Docker container ff0f4322bb30
[testcontainers.org 00:00:18.23] Docker container 33c4564aeb72 created
[testcontainers.org 00:00:18.24] Start Docker container 33c4564aeb72
[testcontainers.org 00:00:18.29] Delete Docker container febf08ba1b8a
[testcontainers.org 00:00:18.30] Docker container 16a96509dcdc created
[testcontainers.org 00:00:18.31] Start Docker container 16a96509dcdc
passed ProcessWorkBatchAsync_NewOutboxMessage_StoresAndReturnsImmediatelyAsync (859ms)
  Standard output
    [testcontainers.org 00:00:14.22] Docker container febf08ba1b8a created
    [testcontainers.org 00:00:14.25] Start Docker container febf08ba1b8a
    [testcontainers.org 00:00:14.91] Wait for Docker container febf08ba1b8a to complete readiness checks
    [testcontainers.org 00:00:14.93] Execute "pg_isready --host localhost --dbname whizbang_test --username postgres" at Docker container febf08ba1b8a
    [testcontainers.org 00:00:16.14] Execute "pg_isready --host localhost --dbname whizbang_test --username postgres" at Docker container febf08ba1b8a
    [testcontainers.org 00:00:17.19] Execute "pg_isready --host localhost --dbname whizbang_test --username postgres" at Docker container febf08ba1b8a
    [testcontainers.org 00:00:17.40] Docker container febf08ba1b8a ready
    [testcontainers.org 00:00:17.65] Stop Docker container febf08ba1b8a
    [testcontainers.org 00:00:18.29] Delete Docker container febf08ba1b8a
  Error output
[testcontainers.org 00:00:18.48] Docker container f0c511fb08a3 created
[testcontainers.org 00:00:18.52] Start Docker container f0c511fb08a3
[testcontainers.org 00:00:18.56] Delete Docker container 4633f80ed4c1
[testcontainers.org 00:00:18.58] Delete Docker container 6751fcbf544f
passed ProcessWorkBatchAsync_NewInboxMessage_WithIsEventFalse_StoresIsEventFlagAsync (825ms)
  Standard output
    [testcontainers.org 00:00:14.62] Docker container 4633f80ed4c1 created
    [testcontainers.org 00:00:14.64] Start Docker container 4633f80ed4c1
    [testcontainers.org 00:00:15.27] Wait for Docker container 4633f80ed4c1 to complete readiness checks
    [testcontainers.org 00:00:15.29] Execute "pg_isready --host localhost --dbname whizbang_test --username postgres" at Docker container 4633f80ed4c1
    [testcontainers.org 00:00:16.60] Execute "pg_isready --host localhost --dbname whizbang_test --username postgres" at Docker container 4633f80ed4c1
    [testcontainers.org 00:00:17.69] Execute "pg_isready --host localhost --dbname whizbang_test --username postgres" at Docker container 4633f80ed4c1
    [testcontainers.org 00:00:17.76] Docker container 4633f80ed4c1 ready
    [testcontainers.org 00:00:17.88] Stop Docker container 4633f80ed4c1
    [testcontainers.org 00:00:18.56] Delete Docker container 4633f80ed4c1
  Error output
[testcontainers.org 00:00:18.61] Docker container 2bf63db753c2 created
[testcontainers.org 00:00:18.62] Start Docker container 2bf63db753c2
[testcontainers.org 00:00:18.62] Wait for Docker container 33c4564aeb72 to complete readiness checks
[testcontainers.org 00:00:18.64] Execute "pg_isready --host localhost --dbname whizbang_test --username postgres" at Docker container 33c4564aeb72
[testcontainers.org 00:00:18.65] Execute "pg_isready --host localhost --dbname whizbang_test --username postgres" at Docker container 34a4e8d81254
passed ProcessWorkBatchAsync_NewInboxMessage_WithIsEventTrue_StoresIsEventFlagAsync (713ms)
  Standard output
    [testcontainers.org 00:00:14.79] Docker container 6751fcbf544f created
    [testcontainers.org 00:00:14.80] Start Docker container 6751fcbf544f
    [testcontainers.org 00:00:15.42] Wait for Docker container 6751fcbf544f to complete readiness checks
    [testcontainers.org 00:00:15.44] Execute "pg_isready --host localhost --dbname whizbang_test --username postgres" at Docker container 6751fcbf544f
    [testcontainers.org 00:00:16.66] Execute "pg_isready --host localhost --dbname whizbang_test --username postgres" at Docker container 6751fcbf544f
    [testcontainers.org 00:00:17.79] Execute "pg_isready --host localhost --dbname whizbang_test --username postgres" at Docker container 6751fcbf544f
    [testcontainers.org 00:00:17.92] Docker container 6751fcbf544f ready
    [testcontainers.org 00:00:18.06] Stop Docker container 6751fcbf544f
    [testcontainers.org 00:00:18.58] Delete Docker container 6751fcbf544f
  Error output
[testcontainers.org 00:00:18.87] Execute "pg_isready --host localhost --dbname whizbang_test --username postgres" at Docker container 60f3ce8f2c68
[testcontainers.org 00:00:18.88] Wait for Docker container 16a96509dcdc to complete readiness checks
[testcontainers.org 00:00:18.91] Docker container d42e6f07701d created
[testcontainers.org 00:00:18.92] Execute "pg_isready --host localhost --dbname whizbang_test --username postgres" at Docker container 16a96509dcdc
[testcontainers.org 00:00:18.92] Start Docker container d42e6f07701d
[testcontainers.org 00:00:19.08] Docker container 968b56c3244a created
[testcontainers.org 00:00:19.08] Wait for Docker container f0c511fb08a3 to complete readiness checks
[testcontainers.org 00:00:19.12] Start Docker container 968b56c3244a
[testcontainers.org 00:00:19.12] Execute "pg_isready --host localhost --dbname whizbang_test --username postgres" at Docker container f0c511fb08a3
[testcontainers.org 00:00:19.18] Execute "pg_isready --host localhost --dbname whizbang_test --username postgres" at Docker container 84863154bb18
[testcontainers.org 00:00:19.25] Docker container 242837ba165b created
[testcontainers.org 00:00:19.27] Start Docker container 242837ba165b
[testcontainers.org 00:00:19.31] Wait for Docker container 2bf63db753c2 to complete readiness checks
[testcontainers.org 00:00:19.31] Execute "pg_isready --host localhost --dbname whizbang_test --username postgres" at Docker container ff0f4322bb30
[testcontainers.org 00:00:19.32] Execute "pg_isready --host localhost --dbname whizbang_test --username postgres" at Docker container 2bf63db753c2
[testcontainers.org 00:00:19.35] Docker container 05395e7ae5f3 created
[testcontainers.org 00:00:19.36] Start Docker container 05395e7ae5f3
[+434/x1/?0] Whizbang.Data.Postgres.Tests.dll (net10.0|arm64) - 15 tests running (21s)

[testcontainers.org 00:00:19.48] Wait for Docker container d42e6f07701d to complete readiness checks
[testcontainers.org 00:00:19.56] Execute "pg_isready --host localhost --dbname whizbang_test --username postgres" at Docker container d42e6f07701d
[testcontainers.org 00:00:19.58] Wait for Docker container 968b56c3244a to complete readiness checks
[testcontainers.org 00:00:19.59] Execute "pg_isready --host localhost --dbname whizbang_test --username postgres" at Docker container 968b56c3244a
[testcontainers.org 00:00:19.79] Wait for Docker container 242837ba165b to complete readiness checks
[testcontainers.org 00:00:19.79] Execute "pg_isready --host localhost --dbname whizbang_test --username postgres" at Docker container 242837ba165b
[testcontainers.org 00:00:19.85] Docker container add9d6ad3953 created
[testcontainers.org 00:00:19.86] Start Docker container add9d6ad3953
[testcontainers.org 00:00:19.90] Execute "pg_isready --host localhost --dbname whizbang_test --username postgres" at Docker container 34a4e8d81254
[testcontainers.org 00:00:19.90] Execute "pg_isready --host localhost --dbname whizbang_test --username postgres" at Docker container 33c4564aeb72
[testcontainers.org 00:00:19.96] Wait for Docker container 05395e7ae5f3 to complete readiness checks
[testcontainers.org 00:00:19.97] Execute "pg_isready --host localhost --dbname whizbang_test --username postgres" at Docker container 05395e7ae5f3
[testcontainers.org 00:00:20.02] Docker container 34a4e8d81254 ready
[testcontainers.org 00:00:20.02] Execute "pg_isready --host localhost --dbname whizbang_test --username postgres" at Docker container 60f3ce8f2c68
[testcontainers.org 00:00:20.03] Docker container c7efde4617bf created
[testcontainers.org 00:00:20.04] Execute "pg_isready --host localhost --dbname whizbang_test --username postgres" at Docker container 16a96509dcdc
[testcontainers.org 00:00:20.04] Start Docker container c7efde4617bf
[testcontainers.org 00:00:20.04] Docker container 2f4ede90cf42 created
[testcontainers.org 00:00:20.06] Start Docker container 2f4ede90cf42
[testcontainers.org 00:00:20.13] Docker container 60f3ce8f2c68 ready
[testcontainers.org 00:00:20.23] Stop Docker container 34a4e8d81254
[testcontainers.org 00:00:20.24] Execute "pg_isready --host localhost --dbname whizbang_test --username postgres" at Docker container f0c511fb08a3
[testcontainers.org 00:00:20.27] Stop Docker container 60f3ce8f2c68
[testcontainers.org 00:00:20.27] Execute "pg_isready --host localhost --dbname whizbang_test --username postgres" at Docker container 84863154bb18
[testcontainers.org 00:00:20.28] Wait for Docker container add9d6ad3953 to complete readiness checks
[testcontainers.org 00:00:20.32] Execute "pg_isready --host localhost --dbname whizbang_test --username postgres" at Docker container add9d6ad3953
[testcontainers.org 00:00:20.59] Execute "pg_isready --host localhost --dbname whizbang_test --username postgres" at Docker container ff0f4322bb30
[testcontainers.org 00:00:20.59] Execute "pg_isready --host localhost --dbname whizbang_test --username postgres" at Docker container 2bf63db753c2
[testcontainers.org 00:00:20.59] Wait for Docker container 2f4ede90cf42 to complete readiness checks
[testcontainers.org 00:00:20.68] Wait for Docker container c7efde4617bf to complete readiness checks
[testcontainers.org 00:00:20.68] Execute "pg_isready --host localhost --dbname whizbang_test --username postgres" at Docker container 2f4ede90cf42
[testcontainers.org 00:00:20.69] Execute "pg_isready --host localhost --dbname whizbang_test --username postgres" at Docker container d42e6f07701d
[testcontainers.org 00:00:20.72] Execute "pg_isready --host localhost --dbname whizbang_test --username postgres" at Docker container 968b56c3244a
[testcontainers.org 00:00:20.73] Execute "pg_isready --host localhost --dbname whizbang_test --username postgres" at Docker container c7efde4617bf
[testcontainers.org 00:00:20.83] Docker container ff0f4322bb30 ready
[testcontainers.org 00:00:21.00] Execute "pg_isready --host localhost --dbname whizbang_test --username postgres" at Docker container 242837ba165b
[testcontainers.org 00:00:21.00] Delete Docker container 34a4e8d81254
[testcontainers.org 00:00:21.05] Execute "pg_isready --host localhost --dbname whizbang_test --username postgres" at Docker container 33c4564aeb72
[testcontainers.org 00:00:21.07] Stop Docker container ff0f4322bb30
failed ProcessWorkBatchAsync_MixedOperations_HandlesAllCorrectlyAsync (1s 036ms)
  TUnit.Engine.Exceptions.TestFailedException: AssertionException: Expected to be equal to "Published"
  but found ""
  
  at Assert.That(await GetOutboxStatusAsync(completedOutboxId)).IsEqualTo("Published")
  Standard output
    [testcontainers.org 00:00:16.85] Docker container 34a4e8d81254 created
    [testcontainers.org 00:00:16.86] Start Docker container 34a4e8d81254
    [testcontainers.org 00:00:17.53] Wait for Docker container 34a4e8d81254 to complete readiness checks
    [testcontainers.org 00:00:17.57] Execute "pg_isready --host localhost --dbname whizbang_test --username postgres" at Docker container 34a4e8d81254
    [testcontainers.org 00:00:18.65] Execute "pg_isready --host localhost --dbname whizbang_test --username postgres" at Docker container 34a4e8d81254
    [testcontainers.org 00:00:19.90] Execute "pg_isready --host localhost --dbname whizbang_test --username postgres" at Docker container 34a4e8d81254
    [testcontainers.org 00:00:20.02] Docker container 34a4e8d81254 ready
    [testcontainers.org 00:00:20.23] Stop Docker container 34a4e8d81254
    [testcontainers.org 00:00:21.00] Delete Docker container 34a4e8d81254
  Error output
[testcontainers.org 00:00:21.10] Execute "pg_isready --host localhost --dbname whizbang_test --username postgres" at Docker container 05395e7ae5f3
passed ProcessWorkBatchAsync_NewOutboxMessage_WithIsEventFalse_StoresIsEventFlagAsync (1s 062ms)
  Standard output
    [testcontainers.org 00:00:16.24] Docker container 60f3ce8f2c68 created
    [testcontainers.org 00:00:16.27] Start Docker container 60f3ce8f2c68
    [testcontainers.org 00:00:16.64] Wait for Docker container 60f3ce8f2c68 to complete readiness checks
    [testcontainers.org 00:00:16.65] Execute "pg_isready --host localhost --dbname whizbang_test --username postgres" at Docker container 60f3ce8f2c68
    [testcontainers.org 00:00:17.76] Execute "pg_isready --host localhost --dbname whizbang_test --username postgres" at Docker container 60f3ce8f2c68
    [testcontainers.org 00:00:18.87] Execute "pg_isready --host localhost --dbname whizbang_test --username postgres" at Docker container 60f3ce8f2c68
    [testcontainers.org 00:00:20.02] Execute "pg_isready --host localhost --dbname whizbang_test --username postgres" at Docker container 60f3ce8f2c68
    [testcontainers.org 00:00:20.13] Docker container 60f3ce8f2c68 ready
    [testcontainers.org 00:00:20.27] Stop Docker container 60f3ce8f2c68
    [testcontainers.org 00:00:21.22] Delete Docker container 60f3ce8f2c68
  Error output
[testcontainers.org 00:00:21.21] Docker container 33c4564aeb72 ready
[testcontainers.org 00:00:21.22] Delete Docker container 60f3ce8f2c68
[testcontainers.org 00:00:21.24] Execute "pg_isready --host localhost --dbname whizbang_test --username postgres" at Docker container 16a96509dcdc
[testcontainers.org 00:00:21.34] Stop Docker container 33c4564aeb72
[testcontainers.org 00:00:21.35] Docker container 16a96509dcdc ready
[testcontainers.org 00:00:21.43] Delete Docker container ff0f4322bb30
[testcontainers.org 00:00:21.47] Execute "pg_isready --host localhost --dbname whizbang_test --username postgres" at Docker container add9d6ad3953
[testcontainers.org 00:00:21.48] Execute "pg_isready --host localhost --dbname whizbang_test --username postgres" at Docker container f0c511fb08a3
[testcontainers.org 00:00:21.48] Execute "pg_isready --host localhost --dbname whizbang_test --username postgres" at Docker container 84863154bb18
passed ProcessWorkBatchAsync_StaleInstances_CleanedUpAsync (517ms)
  Standard output
    [testcontainers.org 00:00:17.31] Docker container ff0f4322bb30 created
    [testcontainers.org 00:00:17.38] Start Docker container ff0f4322bb30
    [testcontainers.org 00:00:18.19] Wait for Docker container ff0f4322bb30 to complete readiness checks
    [testcontainers.org 00:00:18.20] Execute "pg_isready --host localhost --dbname whizbang_test --username postgres" at Docker container ff0f4322bb30
    [testcontainers.org 00:00:19.31] Execute "pg_isready --host localhost --dbname whizbang_test --username postgres" at Docker container ff0f4322bb30
    [testcontainers.org 00:00:20.59] Execute "pg_isready --host localhost --dbname whizbang_test --username postgres" at Docker container ff0f4322bb30
    [testcontainers.org 00:00:20.83] Docker container ff0f4322bb30 ready
    [testcontainers.org 00:00:21.07] Stop Docker container ff0f4322bb30
    [testcontainers.org 00:00:21.43] Delete Docker container ff0f4322bb30
  Error output
[testcontainers.org 00:00:21.54] Stop Docker container 16a96509dcdc
[testcontainers.org 00:00:21.56] Docker container 84863154bb18 ready
[testcontainers.org 00:00:21.59] Docker container f0c511fb08a3 ready
[testcontainers.org 00:00:21.65] Stop Docker container 84863154bb18
[testcontainers.org 00:00:21.70] Delete Docker container 33c4564aeb72
[testcontainers.org 00:00:21.75] Stop Docker container f0c511fb08a3
[testcontainers.org 00:00:21.77] Docker container 6e03165a3ab8 created
[testcontainers.org 00:00:21.78] Start Docker container 6e03165a3ab8
passed ProcessWorkBatchAsync_WorkBatchFlags_SetCorrectlyAsync (523ms)
  Standard output
    [testcontainers.org 00:00:18.23] Docker container 33c4564aeb72 created
    [testcontainers.org 00:00:18.24] Start Docker container 33c4564aeb72
    [testcontainers.org 00:00:18.62] Wait for Docker container 33c4564aeb72 to complete readiness checks
    [testcontainers.org 00:00:18.64] Execute "pg_isready --host localhost --dbname whizbang_test --username postgres" at Docker container 33c4564aeb72
    [testcontainers.org 00:00:19.90] Execute "pg_isready --host localhost --dbname whizbang_test --username postgres" at Docker container 33c4564aeb72
    [testcontainers.org 00:00:21.05] Execute "pg_isready --host localhost --dbname whizbang_test --username postgres" at Docker container 33c4564aeb72
    [testcontainers.org 00:00:21.21] Docker container 33c4564aeb72 ready
    [testcontainers.org 00:00:21.34] Stop Docker container 33c4564aeb72
    [testcontainers.org 00:00:21.70] Delete Docker container 33c4564aeb72
  Error output
[testcontainers.org 00:00:21.83] Execute "pg_isready --host localhost --dbname whizbang_test --username postgres" at Docker container 968b56c3244a
[testcontainers.org 00:00:21.83] Execute "pg_isready --host localhost --dbname whizbang_test --username postgres" at Docker container c7efde4617bf
[testcontainers.org 00:00:21.83] Execute "pg_isready --host localhost --dbname whizbang_test --username postgres" at Docker container 2bf63db753c2
[testcontainers.org 00:00:21.85] Execute "pg_isready --host localhost --dbname whizbang_test --username postgres" at Docker container 2f4ede90cf42
[testcontainers.org 00:00:21.85] Execute "pg_isready --host localhost --dbname whizbang_test --username postgres" at Docker container d42e6f07701d
[testcontainers.org 00:00:21.86] Docker container e86a2fbf6f36 created
[testcontainers.org 00:00:21.88] Start Docker container e86a2fbf6f36
[testcontainers.org 00:00:21.91] Delete Docker container 16a96509dcdc
[testcontainers.org 00:00:21.94] Docker container 968b56c3244a ready
[testcontainers.org 00:00:21.96] Docker container 2bf63db753c2 ready
[testcontainers.org 00:00:21.98] Docker container d42e6f07701d ready
passed ProcessWorkBatchAsync_PartialCompletion_TracksCorrectlyAsync (521ms)
  Standard output
    [testcontainers.org 00:00:18.30] Docker container 16a96509dcdc created
    [testcontainers.org 00:00:18.31] Start Docker container 16a96509dcdc
    [testcontainers.org 00:00:18.88] Wait for Docker container 16a96509dcdc to complete readiness checks
    [testcontainers.org 00:00:18.92] Execute "pg_isready --host localhost --dbname whizbang_test --username postgres" at Docker container 16a96509dcdc
    [testcontainers.org 00:00:20.04] Execute "pg_isready --host localhost --dbname whizbang_test --username postgres" at Docker container 16a96509dcdc
    [testcontainers.org 00:00:21.24] Execute "pg_isready --host localhost --dbname whizbang_test --username postgres" at Docker container 16a96509dcdc
    [testcontainers.org 00:00:21.35] Docker container 16a96509dcdc ready
    [testcontainers.org 00:00:21.54] Stop Docker container 16a96509dcdc
    [testcontainers.org 00:00:21.91] Delete Docker container 16a96509dcdc
  Error output
[testcontainers.org 00:00:22.18] Execute "pg_isready --host localhost --dbname whizbang_test --username postgres" at Docker container 242837ba165b
[testcontainers.org 00:00:22.19] Docker container 5fd9034f2da3 created
[testcontainers.org 00:00:22.19] Execute "pg_isready --host localhost --dbname whizbang_test --username postgres" at Docker container 05395e7ae5f3
[testcontainers.org 00:00:22.20] Start Docker container 5fd9034f2da3
[testcontainers.org 00:00:22.22] Stop Docker container d42e6f07701d
[testcontainers.org 00:00:22.27] Wait for Docker container 6e03165a3ab8 to complete readiness checks
[testcontainers.org 00:00:22.27] Delete Docker container 84863154bb18
[testcontainers.org 00:00:22.27] Execute "pg_isready --host localhost --dbname whizbang_test --username postgres" at Docker container 6e03165a3ab8
[testcontainers.org 00:00:22.29] Docker container 05395e7ae5f3 ready
[testcontainers.org 00:00:22.29] Stop Docker container 2bf63db753c2
[testcontainers.org 00:00:22.29] Docker container 242837ba165b ready
passed ProcessWorkBatchAsync_ActiveInstances_NotCleanedAsync (736ms)
  Standard output
    [testcontainers.org 00:00:17.17] Docker container 84863154bb18 created
    [testcontainers.org 00:00:17.19] Start Docker container 84863154bb18
    [testcontainers.org 00:00:18.09] Wait for Docker container 84863154bb18 to complete readiness checks
    [testcontainers.org 00:00:18.11] Execute "pg_isready --host localhost --dbname whizbang_test --username postgres" at Docker container 84863154bb18
    [testcontainers.org 00:00:19.18] Execute "pg_isready --host localhost --dbname whizbang_test --username postgres" at Docker container 84863154bb18
    [testcontainers.org 00:00:20.27] Execute "pg_isready --host localhost --dbname whizbang_test --username postgres" at Docker container 84863154bb18
    [testcontainers.org 00:00:21.48] Execute "pg_isready --host localhost --dbname whizbang_test --username postgres" at Docker container 84863154bb18
    [testcontainers.org 00:00:21.56] Docker container 84863154bb18 ready
    [testcontainers.org 00:00:21.65] Stop Docker container 84863154bb18
    [testcontainers.org 00:00:22.27] Delete Docker container 84863154bb18
  Error output
passed EmptyUuidArray_CreatesEmptyUuidArrayParameterAsync (39ms)
passed ToIntegerArray_ValidIntArray_CreatesIntegerArrayParameterAsync (0ms)
passed ToIntegerArray_NullInput_CreatesEmptyArrayParameterAsync (0ms)
passed ToUuidArray_NullInput_CreatesEmptyArrayParameterAsync (0ms)
passed ToUuidArray_ValidGuidArray_CreatesUuidArrayParameterAsync (0ms)
passed ToVarcharArray_NullInput_CreatesEmptyArrayParameterAsync (0ms)
passed ToVarcharArray_ValidStringArray_CreatesVarcharArrayParameterAsync (0ms)
[testcontainers.org 00:00:22.44] Stop Docker container 05395e7ae5f3
[testcontainers.org 00:00:22.44] Delete Docker container f0c511fb08a3
[testcontainers.org 00:00:22.49] Stop Docker container 968b56c3244a
[+446/x2/?0] Whizbang.Data.Postgres.Tests.dll (net10.0|arm64) - 15 tests running (24s)

failed ProcessWorkBatchAsync_StatusFlags_AccumulateCorrectlyAsync (856ms)
  TUnit.Engine.Exceptions.TestFailedException: AssertionException: Expected to be true
  but found False
  
  at Assert.That((status2 & MessageProcessingStatus.Stored) == MessageProcessingStatus.Stored).IsTrue().Because("Status should retain Stored flag")
  
  because Status should retain Stored flag
  Standard output
    [testcontainers.org 00:00:18.48] Docker container f0c511fb08a3 created
    [testcontainers.org 00:00:18.52] Start Docker container f0c511fb08a3
    [testcontainers.org 00:00:19.08] Wait for Docker container f0c511fb08a3 to complete readiness checks
    [testcontainers.org 00:00:19.12] Execute "pg_isready --host localhost --dbname whizbang_test --username postgres" at Docker container f0c511fb08a3
    [testcontainers.org 00:00:20.24] Execute "pg_isready --host localhost --dbname whizbang_test --username postgres" at Docker container f0c511fb08a3
    [testcontainers.org 00:00:21.48] Execute "pg_isready --host localhost --dbname whizbang_test --username postgres" at Docker container f0c511fb08a3
    [testcontainers.org 00:00:21.59] Docker container f0c511fb08a3 ready
    [testcontainers.org 00:00:21.75] Stop Docker container f0c511fb08a3
    [testcontainers.org 00:00:22.44] Delete Docker container f0c511fb08a3
  Error output
[testcontainers.org 00:00:22.51] Wait for Docker container e86a2fbf6f36 to complete readiness checks
[testcontainers.org 00:00:22.51] Execute "pg_isready --host localhost --dbname whizbang_test --username postgres" at Docker container e86a2fbf6f36
[testcontainers.org 00:00:22.53] Stop Docker container 242837ba165b
[testcontainers.org 00:00:22.59] Execute "pg_isready --host localhost --dbname whizbang_test --username postgres" at Docker container add9d6ad3953
[testcontainers.org 00:00:22.60] Delete Docker container d42e6f07701d
passed ProcessWorkBatchAsync_NewOutboxMessage_WithIsEventTrue_StoresIsEventFlagAsync (496ms)
  Standard output
    [testcontainers.org 00:00:18.91] Docker container d42e6f07701d created
    [testcontainers.org 00:00:18.92] Start Docker container d42e6f07701d
    [testcontainers.org 00:00:19.48] Wait for Docker container d42e6f07701d to complete readiness checks
    [testcontainers.org 00:00:19.56] Execute "pg_isready --host localhost --dbname whizbang_test --username postgres" at Docker container d42e6f07701d
    [testcontainers.org 00:00:20.69] Execute "pg_isready --host localhost --dbname whizbang_test --username postgres" at Docker container d42e6f07701d
    [testcontainers.org 00:00:21.85] Execute "pg_isready --host localhost --dbname whizbang_test --username postgres" at Docker container d42e6f07701d
    [testcontainers.org 00:00:21.98] Docker container d42e6f07701d ready
    [testcontainers.org 00:00:22.22] Stop Docker container d42e6f07701d
    [testcontainers.org 00:00:22.60] Delete Docker container d42e6f07701d
  Error output
[testcontainers.org 00:00:22.69] Wait for Docker container 5fd9034f2da3 to complete readiness checks
[testcontainers.org 00:00:22.70] Execute "pg_isready --host localhost --dbname whizbang_test --username postgres" at Docker container 5fd9034f2da3
[testcontainers.org 00:00:22.75] Docker container add9d6ad3953 ready
[testcontainers.org 00:00:22.83] Delete Docker container 2bf63db753c2
[testcontainers.org 00:00:22.85] Docker container 718d73638a3b created
passed ProcessWorkBatchAsync_InstanceFailover_RedistributesPartitionsAsync (906ms)
  Standard output
    [testcontainers.org 00:00:18.61] Docker container 2bf63db753c2 created
    [testcontainers.org 00:00:18.62] Start Docker container 2bf63db753c2
    [testcontainers.org 00:00:19.31] Wait for Docker container 2bf63db753c2 to complete readiness checks
    [testcontainers.org 00:00:19.32] Execute "pg_isready --host localhost --dbname whizbang_test --username postgres" at Docker container 2bf63db753c2
    [testcontainers.org 00:00:20.59] Execute "pg_isready --host localhost --dbname whizbang_test --username postgres" at Docker container 2bf63db753c2
    [testcontainers.org 00:00:21.83] Execute "pg_isready --host localhost --dbname whizbang_test --username postgres" at Docker container 2bf63db753c2
    [testcontainers.org 00:00:21.96] Docker container 2bf63db753c2 ready
    [testcontainers.org 00:00:22.29] Stop Docker container 2bf63db753c2
    [testcontainers.org 00:00:22.83] Delete Docker container 2bf63db753c2
  Error output
[testcontainers.org 00:00:22.90] Start Docker container 718d73638a3b
[testcontainers.org 00:00:22.91] Stop Docker container add9d6ad3953
[testcontainers.org 00:00:22.92] Execute "pg_isready --host localhost --dbname whizbang_test --username postgres" at Docker container 2f4ede90cf42
[testcontainers.org 00:00:22.96] Execute "pg_isready --host localhost --dbname whizbang_test --username postgres" at Docker container c7efde4617bf
[testcontainers.org 00:00:23.05] Docker container 2f4ede90cf42 ready
[testcontainers.org 00:00:23.08] Docker container 98b269378f6e created
[testcontainers.org 00:00:23.09] Delete Docker container 05395e7ae5f3
[testcontainers.org 00:00:23.10] Start Docker container 98b269378f6e
[testcontainers.org 00:00:23.15] Docker container c7efde4617bf ready
[testcontainers.org 00:00:23.16] Delete Docker container 968b56c3244a
failed ProcessWorkBatchAsync_NewInboxMessage_StoresWithDeduplicationAsync (820ms)
  TUnit.Engine.Exceptions.TestFailedException: AssertionException: Expected to have count 1
  but found 0
  
  at Assert.That(result1.InboxWork).HasCount().EqualTo(1)
  Standard output
    [testcontainers.org 00:00:19.35] Docker container 05395e7ae5f3 created
    [testcontainers.org 00:00:19.36] Start Docker container 05395e7ae5f3
    [testcontainers.org 00:00:19.96] Wait for Docker container 05395e7ae5f3 to complete readiness checks
    [testcontainers.org 00:00:19.97] Execute "pg_isready --host localhost --dbname whizbang_test --username postgres" at Docker container 05395e7ae5f3
    [testcontainers.org 00:00:21.10] Execute "pg_isready --host localhost --dbname whizbang_test --username postgres" at Docker container 05395e7ae5f3
    [testcontainers.org 00:00:22.19] Execute "pg_isready --host localhost --dbname whizbang_test --username postgres" at Docker container 05395e7ae5f3
    [testcontainers.org 00:00:22.29] Docker container 05395e7ae5f3 ready
    [testcontainers.org 00:00:22.44] Stop Docker container 05395e7ae5f3
    [testcontainers.org 00:00:23.09] Delete Docker container 05395e7ae5f3
  Error output
passed ProcessWorkBatchAsync_PartitionAssignment_WithinRangeAsync (1s 196ms)
  Standard output
    [testcontainers.org 00:00:19.08] Docker container 968b56c3244a created
    [testcontainers.org 00:00:19.12] Start Docker container 968b56c3244a
    [testcontainers.org 00:00:19.58] Wait for Docker container 968b56c3244a to complete readiness checks
    [testcontainers.org 00:00:19.59] Execute "pg_isready --host localhost --dbname whizbang_test --username postgres" at Docker container 968b56c3244a
    [testcontainers.org 00:00:20.72] Execute "pg_isready --host localhost --dbname whizbang_test --username postgres" at Docker container 968b56c3244a
    [testcontainers.org 00:00:21.83] Execute "pg_isready --host localhost --dbname whizbang_test --username postgres" at Docker container 968b56c3244a
    [testcontainers.org 00:00:21.94] Docker container 968b56c3244a ready
    [testcontainers.org 00:00:22.49] Stop Docker container 968b56c3244a
    [testcontainers.org 00:00:23.16] Delete Docker container 968b56c3244a
  Error output
[testcontainers.org 00:00:23.23] Stop Docker container 2f4ede90cf42
[testcontainers.org 00:00:23.30] Docker container 917ea6db315e created
[testcontainers.org 00:00:23.32] Delete Docker container 242837ba165b
[testcontainers.org 00:00:23.34] Start Docker container 917ea6db315e
[testcontainers.org 00:00:23.35] Stop Docker container c7efde4617bf
[testcontainers.org 00:00:23.38] Execute "pg_isready --host localhost --dbname whizbang_test --username postgres" at Docker container 6e03165a3ab8
passed ProcessWorkBatchAsync_LoadBalancing_DistributesAcrossInstancesAsync (1s 025ms)
  Standard output
    [testcontainers.org 00:00:19.25] Docker container 242837ba165b created
    [testcontainers.org 00:00:19.27] Start Docker container 242837ba165b
    [testcontainers.org 00:00:19.79] Wait for Docker container 242837ba165b to complete readiness checks
    [testcontainers.org 00:00:19.79] Execute "pg_isready --host localhost --dbname whizbang_test --username postgres" at Docker container 242837ba165b
    [testcontainers.org 00:00:21.00] Execute "pg_isready --host localhost --dbname whizbang_test --username postgres" at Docker container 242837ba165b
    [testcontainers.org 00:00:22.18] Execute "pg_isready --host localhost --dbname whizbang_test --username postgres" at Docker container 242837ba165b
    [testcontainers.org 00:00:22.29] Docker container 242837ba165b ready
    [testcontainers.org 00:00:22.53] Stop Docker container 242837ba165b
    [testcontainers.org 00:00:23.32] Delete Docker container 242837ba165b
  Error output
passed EmptyJsonbArray_CreatesEmptyArrayParameterAsync (0ms)
passed NullJsonb_CreatesNullJsonbParameterAsync (0ms)
passed JsonStringToJsonb_NullInput_CreatesNullJsonbParameterAsync (0ms)
passed JsonStringToJsonb_ValidJsonString_CreatesJsonbParameterAsync (0ms)
[testcontainers.org 00:00:23.47] Delete Docker container add9d6ad3953
[testcontainers.org 00:00:23.48] Docker container 3a912b01e206 created
[testcontainers.org 00:00:23.49] Docker container ec4acf098f50 created
[testcontainers.org 00:00:23.49] Start Docker container 3a912b01e206
failed ProcessWorkBatchAsync_NewInboxMessage_WithStreamId_AssignsPartitionAsync (845ms)
  TUnit.Engine.Exceptions.TestFailedException: AssertionException: Expected to have count 1
  but found 0
  
  at Assert.That(result.InboxWork).HasCount().EqualTo(1)
  Standard output
    [testcontainers.org 00:00:19.85] Docker container add9d6ad3953 created
    [testcontainers.org 00:00:19.86] Start Docker container add9d6ad3953
    [testcontainers.org 00:00:20.28] Wait for Docker container add9d6ad3953 to complete readiness checks
    [testcontainers.org 00:00:20.32] Execute "pg_isready --host localhost --dbname whizbang_test --username postgres" at Docker container add9d6ad3953
    [testcontainers.org 00:00:21.47] Execute "pg_isready --host localhost --dbname whizbang_test --username postgres" at Docker container add9d6ad3953
    [testcontainers.org 00:00:22.59] Execute "pg_isready --host localhost --dbname whizbang_test --username postgres" at Docker container add9d6ad3953
    [testcontainers.org 00:00:22.75] Docker container add9d6ad3953 ready
    [testcontainers.org 00:00:22.91] Stop Docker container add9d6ad3953
    [testcontainers.org 00:00:23.47] Delete Docker container add9d6ad3953
  Error output
[testcontainers.org 00:00:23.64] Start Docker container ec4acf098f50
[testcontainers.org 00:00:23.67] Execute "pg_isready --host localhost --dbname whizbang_test --username postgres" at Docker container e86a2fbf6f36
[testcontainers.org 00:00:23.73] Wait for Docker container 718d73638a3b to complete readiness checks
[testcontainers.org 00:00:23.74] Execute "pg_isready --host localhost --dbname whizbang_test --username postgres" at Docker container 718d73638a3b
[testcontainers.org 00:00:23.77] Wait for Docker container 98b269378f6e to complete readiness checks
[testcontainers.org 00:00:23.78] Execute "pg_isready --host localhost --dbname whizbang_test --username postgres" at Docker container 98b269378f6e
[testcontainers.org 00:00:23.85] Execute "pg_isready --host localhost --dbname whizbang_test --username postgres" at Docker container 5fd9034f2da3
[testcontainers.org 00:00:23.87] Delete Docker container 2f4ede90cf42
passed ProcessWorkBatchAsync_NewOutboxMessage_WithStreamId_AssignsPartitionAsync (780ms)
  Standard output
    [testcontainers.org 00:00:20.04] Docker container 2f4ede90cf42 created
    [testcontainers.org 00:00:20.06] Start Docker container 2f4ede90cf42
    [testcontainers.org 00:00:20.59] Wait for Docker container 2f4ede90cf42 to complete readiness checks
    [testcontainers.org 00:00:20.68] Execute "pg_isready --host localhost --dbname whizbang_test --username postgres" at Docker container 2f4ede90cf42
    [testcontainers.org 00:00:21.85] Execute "pg_isready --host localhost --dbname whizbang_test --username postgres" at Docker container 2f4ede90cf42
    [testcontainers.org 00:00:22.92] Execute "pg_isready --host localhost --dbname whizbang_test --username postgres" at Docker container 2f4ede90cf42
    [testcontainers.org 00:00:23.05] Docker container 2f4ede90cf42 ready
    [testcontainers.org 00:00:23.23] Stop Docker container 2f4ede90cf42
    [testcontainers.org 00:00:23.87] Delete Docker container 2f4ede90cf42
  Error output
[testcontainers.org 00:00:23.89] Docker container e851b6d10f56 created
[testcontainers.org 00:00:23.90] Start Docker container e851b6d10f56
[testcontainers.org 00:00:23.99] Wait for Docker container 917ea6db315e to complete readiness checks
[testcontainers.org 00:00:24.00] Execute "pg_isready --host localhost --dbname whizbang_test --username postgres" at Docker container 917ea6db315e
[testcontainers.org 00:00:24.00] Delete Docker container c7efde4617bf
[testcontainers.org 00:00:24.05] Wait for Docker container 3a912b01e206 to complete readiness checks
[testcontainers.org 00:00:24.06] Execute "pg_isready --host localhost --dbname whizbang_test --username postgres" at Docker container 3a912b01e206
passed ProcessWorkBatchAsync_CompletesInboxMessages_MarksAsCompletedAsync (809ms)
  Standard output
    [testcontainers.org 00:00:20.03] Docker container c7efde4617bf created
    [testcontainers.org 00:00:20.04] Start Docker container c7efde4617bf
    [testcontainers.org 00:00:20.68] Wait for Docker container c7efde4617bf to complete readiness checks
    [testcontainers.org 00:00:20.73] Execute "pg_isready --host localhost --dbname whizbang_test --username postgres" at Docker container c7efde4617bf
    [testcontainers.org 00:00:21.83] Execute "pg_isready --host localhost --dbname whizbang_test --username postgres" at Docker container c7efde4617bf
    [testcontainers.org 00:00:22.96] Execute "pg_isready --host localhost --dbname whizbang_test --username postgres" at Docker container c7efde4617bf
    [testcontainers.org 00:00:23.15] Docker container c7efde4617bf ready
    [testcontainers.org 00:00:23.35] Stop Docker container c7efde4617bf
    [testcontainers.org 00:00:24.00] Delete Docker container c7efde4617bf
  Error output
[testcontainers.org 00:00:24.24] Wait for Docker container ec4acf098f50 to complete readiness checks
[testcontainers.org 00:00:24.25] Execute "pg_isready --host localhost --dbname whizbang_test --username postgres" at Docker container ec4acf098f50
[testcontainers.org 00:00:24.28] Docker container 9eb8734c3a38 created
[testcontainers.org 00:00:24.29] Start Docker container 9eb8734c3a38
[testcontainers.org 00:00:24.37] Docker container e8b5c8f074ed created
[testcontainers.org 00:00:24.38] Start Docker container e8b5c8f074ed
[testcontainers.org 00:00:24.39] Wait for Docker container e851b6d10f56 to complete readiness checks
[testcontainers.org 00:00:24.41] Execute "pg_isready --host localhost --dbname whizbang_test --username postgres" at Docker container e851b6d10f56
[testcontainers.org 00:00:24.45] Execute "pg_isready --host localhost --dbname whizbang_test --username postgres" at Docker container 6e03165a3ab8
[testcontainers.org 00:00:24.69] Docker container 6e03165a3ab8 ready
[testcontainers.org 00:00:24.72] Docker container ef1687c0206b created
[testcontainers.org 00:00:24.73] Start Docker container ef1687c0206b
[testcontainers.org 00:00:24.84] Execute "pg_isready --host localhost --dbname whizbang_test --username postgres" at Docker container e86a2fbf6f36
[testcontainers.org 00:00:24.85] Execute "pg_isready --host localhost --dbname whizbang_test --username postgres" at Docker container 718d73638a3b
[testcontainers.org 00:00:24.85] Execute "pg_isready --host localhost --dbname whizbang_test --username postgres" at Docker container 98b269378f6e
[testcontainers.org 00:00:24.85] Wait for Docker container 9eb8734c3a38 to complete readiness checks
[testcontainers.org 00:00:24.86] Docker container f137301575a6 created
[testcontainers.org 00:00:24.87] Start Docker container f137301575a6
[testcontainers.org 00:00:24.88] Execute "pg_isready --host localhost --dbname whizbang_test --username postgres" at Docker container 9eb8734c3a38
[testcontainers.org 00:00:24.98] Stop Docker container 6e03165a3ab8
[testcontainers.org 00:00:24.99] Docker container e86a2fbf6f36 ready
[testcontainers.org 00:00:24.99] Execute "pg_isready --host localhost --dbname whizbang_test --username postgres" at Docker container 5fd9034f2da3
[testcontainers.org 00:00:25.01] Wait for Docker container e8b5c8f074ed to complete readiness checks
[testcontainers.org 00:00:25.02] Execute "pg_isready --host localhost --dbname whizbang_test --username postgres" at Docker container e8b5c8f074ed
[testcontainers.org 00:00:25.08] Docker container a21c824180c3 created
[testcontainers.org 00:00:25.13] Execute "pg_isready --host localhost --dbname whizbang_test --username postgres" at Docker container 917ea6db315e
[testcontainers.org 00:00:25.13] Start Docker container a21c824180c3
[testcontainers.org 00:00:25.21] Execute "pg_isready --host localhost --dbname whizbang_test --username postgres" at Docker container 3a912b01e206
[testcontainers.org 00:00:25.25] Stop Docker container e86a2fbf6f36
[testcontainers.org 00:00:25.32] Docker container 70e88205f841 created
[testcontainers.org 00:00:25.35] Wait for Docker container ef1687c0206b to complete readiness checks
[testcontainers.org 00:00:25.35] Start Docker container 70e88205f841
[testcontainers.org 00:00:25.37] Execute "pg_isready --host localhost --dbname whizbang_test --username postgres" at Docker container ef1687c0206b
[testcontainers.org 00:00:25.38] Execute "pg_isready --host localhost --dbname whizbang_test --username postgres" at Docker container ec4acf098f50
[+456/x5/?0] Whizbang.Data.Postgres.Tests.dll (net10.0|arm64) - 15 tests running (27s)

[testcontainers.org 00:00:25.55] Wait for Docker container f137301575a6 to complete readiness checks
[testcontainers.org 00:00:25.56] Execute "pg_isready --host localhost --dbname whizbang_test --username postgres" at Docker container e851b6d10f56
[testcontainers.org 00:00:25.58] Execute "pg_isready --host localhost --dbname whizbang_test --username postgres" at Docker container f137301575a6
[testcontainers.org 00:00:25.73] Delete Docker container 6e03165a3ab8
passed ProcessWorkBatchAsync_WithEventInbox_PersistsToEventStoreAsync (1s 056ms)
  Standard output
    [testcontainers.org 00:00:21.77] Docker container 6e03165a3ab8 created
    [testcontainers.org 00:00:21.78] Start Docker container 6e03165a3ab8
    [testcontainers.org 00:00:22.27] Wait for Docker container 6e03165a3ab8 to complete readiness checks
    [testcontainers.org 00:00:22.27] Execute "pg_isready --host localhost --dbname whizbang_test --username postgres" at Docker container 6e03165a3ab8
    [testcontainers.org 00:00:23.38] Execute "pg_isready --host localhost --dbname whizbang_test --username postgres" at Docker container 6e03165a3ab8
    [testcontainers.org 00:00:24.45] Execute "pg_isready --host localhost --dbname whizbang_test --username postgres" at Docker container 6e03165a3ab8
    [testcontainers.org 00:00:24.69] Docker container 6e03165a3ab8 ready
    [testcontainers.org 00:00:24.98] Stop Docker container 6e03165a3ab8
    [testcontainers.org 00:00:25.73] Delete Docker container 6e03165a3ab8
  Error output
[testcontainers.org 00:00:25.79] Wait for Docker container a21c824180c3 to complete readiness checks
[testcontainers.org 00:00:25.80] Execute "pg_isready --host localhost --dbname whizbang_test --username postgres" at Docker container a21c824180c3
[testcontainers.org 00:00:26.02] Wait for Docker container 70e88205f841 to complete readiness checks
[testcontainers.org 00:00:26.03] Execute "pg_isready --host localhost --dbname whizbang_test --username postgres" at Docker container 98b269378f6e
[testcontainers.org 00:00:26.03] Execute "pg_isready --host localhost --dbname whizbang_test --username postgres" at Docker container 70e88205f841
[testcontainers.org 00:00:26.10] Execute "pg_isready --host localhost --dbname whizbang_test --username postgres" at Docker container 9eb8734c3a38
[testcontainers.org 00:00:26.12] Execute "pg_isready --host localhost --dbname whizbang_test --username postgres" at Docker container 5fd9034f2da3
[testcontainers.org 00:00:26.17] Execute "pg_isready --host localhost --dbname whizbang_test --username postgres" at Docker container 718d73638a3b
[testcontainers.org 00:00:26.19] Delete Docker container e86a2fbf6f36
[testcontainers.org 00:00:26.23] Execute "pg_isready --host localhost --dbname whizbang_test --username postgres" at Docker container e8b5c8f074ed
[testcontainers.org 00:00:26.24] Docker container 718d73638a3b ready
[testcontainers.org 00:00:26.25] Docker container 5fd9034f2da3 ready
passed ProcessWorkBatchAsync_MultipleEventsInStream_IncrementsVersionAsync (1s 181ms)
  Standard output
    [testcontainers.org 00:00:21.86] Docker container e86a2fbf6f36 created
    [testcontainers.org 00:00:21.88] Start Docker container e86a2fbf6f36
    [testcontainers.org 00:00:22.51] Wait for Docker container e86a2fbf6f36 to complete readiness checks
    [testcontainers.org 00:00:22.51] Execute "pg_isready --host localhost --dbname whizbang_test --username postgres" at Docker container e86a2fbf6f36
    [testcontainers.org 00:00:23.67] Execute "pg_isready --host localhost --dbname whizbang_test --username postgres" at Docker container e86a2fbf6f36
    [testcontainers.org 00:00:24.84] Execute "pg_isready --host localhost --dbname whizbang_test --username postgres" at Docker container e86a2fbf6f36
    [testcontainers.org 00:00:24.99] Docker container e86a2fbf6f36 ready
    [testcontainers.org 00:00:25.25] Stop Docker container e86a2fbf6f36
    [testcontainers.org 00:00:26.19] Delete Docker container e86a2fbf6f36
  Error output
[testcontainers.org 00:00:26.31] Execute "pg_isready --host localhost --dbname whizbang_test --username postgres" at Docker container 917ea6db315e
[testcontainers.org 00:00:26.37] Execute "pg_isready --host localhost --dbname whizbang_test --username postgres" at Docker container 3a912b01e206
[testcontainers.org 00:00:26.44] Stop Docker container 5fd9034f2da3
[testcontainers.org 00:00:26.44] Stop Docker container 718d73638a3b
[testcontainers.org 00:00:26.45] Docker container 917ea6db315e ready
[testcontainers.org 00:00:26.46] Execute "pg_isready --host localhost --dbname whizbang_test --username postgres" at Docker container ec4acf098f50
[testcontainers.org 00:00:26.46] Execute "pg_isready --host localhost --dbname whizbang_test --username postgres" at Docker container ef1687c0206b
[testcontainers.org 00:00:26.48] Docker container 3a912b01e206 ready
[testcontainers.org 00:00:26.49] Docker container 63f58b1e8ff9 created
[testcontainers.org 00:00:26.51] Start Docker container 63f58b1e8ff9
[testcontainers.org 00:00:26.66] Execute "pg_isready --host localhost --dbname whizbang_test --username postgres" at Docker container e851b6d10f56
[testcontainers.org 00:00:26.69] Stop Docker container 3a912b01e206
[testcontainers.org 00:00:26.69] Stop Docker container 917ea6db315e
[testcontainers.org 00:00:26.73] Execute "pg_isready --host localhost --dbname whizbang_test --username postgres" at Docker container f137301575a6
[testcontainers.org 00:00:26.90] Docker container 08f6e43d9343 created
[testcontainers.org 00:00:26.91] Start Docker container 08f6e43d9343
[testcontainers.org 00:00:27.01] Delete Docker container 5fd9034f2da3
passed ProcessWorkBatchAsync_NonEvent_DoesNotPersistToEventStoreAsync (741ms)
  Standard output
    [testcontainers.org 00:00:22.19] Docker container 5fd9034f2da3 created
    [testcontainers.org 00:00:22.20] Start Docker container 5fd9034f2da3
    [testcontainers.org 00:00:22.69] Wait for Docker container 5fd9034f2da3 to complete readiness checks
    [testcontainers.org 00:00:22.70] Execute "pg_isready --host localhost --dbname whizbang_test --username postgres" at Docker container 5fd9034f2da3
    [testcontainers.org 00:00:23.85] Execute "pg_isready --host localhost --dbname whizbang_test --username postgres" at Docker container 5fd9034f2da3
    [testcontainers.org 00:00:24.99] Execute "pg_isready --host localhost --dbname whizbang_test --username postgres" at Docker container 5fd9034f2da3
    [testcontainers.org 00:00:26.12] Execute "pg_isready --host localhost --dbname whizbang_test --username postgres" at Docker container 5fd9034f2da3
    [testcontainers.org 00:00:26.25] Docker container 5fd9034f2da3 ready
    [testcontainers.org 00:00:26.44] Stop Docker container 5fd9034f2da3
    [testcontainers.org 00:00:27.01] Delete Docker container 5fd9034f2da3
  Error output
[testcontainers.org 00:00:27.09] Delete Docker container 718d73638a3b
[testcontainers.org 00:00:27.17] Execute "pg_isready --host localhost --dbname whizbang_test --username postgres" at Docker container a21c824180c3
[testcontainers.org 00:00:27.18] Execute "pg_isready --host localhost --dbname whizbang_test --username postgres" at Docker container 70e88205f841
[testcontainers.org 00:00:27.19] Execute "pg_isready --host localhost --dbname whizbang_test --username postgres" at Docker container 98b269378f6e
passed ProcessWorkBatchAsync_WithEventOutbox_PersistsToEventStoreAsync (890ms)
  Standard output
    [testcontainers.org 00:00:22.85] Docker container 718d73638a3b created
    [testcontainers.org 00:00:22.90] Start Docker container 718d73638a3b
    [testcontainers.org 00:00:23.73] Wait for Docker container 718d73638a3b to complete readiness checks
    [testcontainers.org 00:00:23.74] Execute "pg_isready --host localhost --dbname whizbang_test --username postgres" at Docker container 718d73638a3b
    [testcontainers.org 00:00:24.85] Execute "pg_isready --host localhost --dbname whizbang_test --username postgres" at Docker container 718d73638a3b
    [testcontainers.org 00:00:26.17] Execute "pg_isready --host localhost --dbname whizbang_test --username postgres" at Docker container 718d73638a3b
    [testcontainers.org 00:00:26.24] Docker container 718d73638a3b ready
    [testcontainers.org 00:00:26.44] Stop Docker container 718d73638a3b
    [testcontainers.org 00:00:27.09] Delete Docker container 718d73638a3b
  Error output
[testcontainers.org 00:00:27.26] Execute "pg_isready --host localhost --dbname whizbang_test --username postgres" at Docker container 9eb8734c3a38
[testcontainers.org 00:00:27.27] Docker container 98b269378f6e ready
[testcontainers.org 00:00:27.31] Execute "pg_isready --host localhost --dbname whizbang_test --username postgres" at Docker container e8b5c8f074ed
[testcontainers.org 00:00:27.32] Delete Docker container 917ea6db315e
[testcontainers.org 00:00:27.32] Wait for Docker container 63f58b1e8ff9 to complete readiness checks
[testcontainers.org 00:00:27.34] Execute "pg_isready --host localhost --dbname whizbang_test --username postgres" at Docker container 63f58b1e8ff9
[testcontainers.org 00:00:27.35] Delete Docker container 3a912b01e206
[testcontainers.org 00:00:27.36] Docker container 9eb8734c3a38 ready
passed IsReadyAsync_ChecksAllRequiredTables_VerifiesInboxOutboxEventStoreAsync (769ms)
  Standard output
    [testcontainers.org 00:00:23.30] Docker container 917ea6db315e created
    [testcontainers.org 00:00:23.34] Start Docker container 917ea6db315e
    [testcontainers.org 00:00:23.99] Wait for Docker container 917ea6db315e to complete readiness checks
    [testcontainers.org 00:00:24.00] Execute "pg_isready --host localhost --dbname whizbang_test --username postgres" at Docker container 917ea6db315e
    [testcontainers.org 00:00:25.13] Execute "pg_isready --host localhost --dbname whizbang_test --username postgres" at Docker container 917ea6db315e
    [testcontainers.org 00:00:26.31] Execute "pg_isready --host localhost --dbname whizbang_test --username postgres" at Docker container 917ea6db315e
    [testcontainers.org 00:00:26.45] Docker container 917ea6db315e ready
    [testcontainers.org 00:00:26.69] Stop Docker container 917ea6db315e
    [testcontainers.org 00:00:27.32] Delete Docker container 917ea6db315e
  Error output
[testcontainers.org 00:00:27.39] Wait for Docker container 08f6e43d9343 to complete readiness checks
[testcontainers.org 00:00:27.40] Docker container e8b5c8f074ed ready
[testcontainers.org 00:00:27.40] Execute "pg_isready --host localhost --dbname whizbang_test --username postgres" at Docker container 08f6e43d9343
passed IsReadyAsync_MultipleCalls_ReturnsConsistentResultAsync (831ms)
  Standard output
    [testcontainers.org 00:00:23.48] Docker container 3a912b01e206 created
    [testcontainers.org 00:00:23.49] Start Docker container 3a912b01e206
    [testcontainers.org 00:00:24.05] Wait for Docker container 3a912b01e206 to complete readiness checks
    [testcontainers.org 00:00:24.06] Execute "pg_isready --host localhost --dbname whizbang_test --username postgres" at Docker container 3a912b01e206
    [testcontainers.org 00:00:25.21] Execute "pg_isready --host localhost --dbname whizbang_test --username postgres" at Docker container 3a912b01e206
    [testcontainers.org 00:00:26.37] Execute "pg_isready --host localhost --dbname whizbang_test --username postgres" at Docker container 3a912b01e206
    [testcontainers.org 00:00:26.48] Docker container 3a912b01e206 ready
    [testcontainers.org 00:00:26.69] Stop Docker container 3a912b01e206
    [testcontainers.org 00:00:27.35] Delete Docker container 3a912b01e206
  Error output
[testcontainers.org 00:00:27.51] Stop Docker container 9eb8734c3a38
[testcontainers.org 00:00:27.54] Execute "pg_isready --host localhost --dbname whizbang_test --username postgres" at Docker container ef1687c0206b
[testcontainers.org 00:00:27.57] Stop Docker container e8b5c8f074ed
[testcontainers.org 00:00:27.63] Stop Docker container 98b269378f6e
[testcontainers.org 00:00:27.65] Docker container ef1687c0206b ready
[testcontainers.org 00:00:27.67] Docker container a7856522ce2a created
[testcontainers.org 00:00:27.69] Start Docker container a7856522ce2a
[testcontainers.org 00:00:27.71] Stop Docker container ef1687c0206b
[testcontainers.org 00:00:27.74] Execute "pg_isready --host localhost --dbname whizbang_test --username postgres" at Docker container ec4acf098f50
[testcontainers.org 00:00:27.78] Execute "pg_isready --host localhost --dbname whizbang_test --username postgres" at Docker container e851b6d10f56
[testcontainers.org 00:00:27.80] Execute "pg_isready --host localhost --dbname whizbang_test --username postgres" at Docker container f137301575a6
[testcontainers.org 00:00:27.81] Docker container ec4acf098f50 ready
[testcontainers.org 00:00:27.86] Delete Docker container 9eb8734c3a38
[testcontainers.org 00:00:27.89] Docker container e851b6d10f56 ready
[testcontainers.org 00:00:27.94] Docker container f137301575a6 ready
passed IsReadyAsync_WithInvalidConnectionString_ReturnsFalseAsync (584ms)
  Standard output
    [testcontainers.org 00:00:24.28] Docker container 9eb8734c3a38 created
    [testcontainers.org 00:00:24.29] Start Docker container 9eb8734c3a38
    [testcontainers.org 00:00:24.85] Wait for Docker container 9eb8734c3a38 to complete readiness checks
    [testcontainers.org 00:00:24.88] Execute "pg_isready --host localhost --dbname whizbang_test --username postgres" at Docker container 9eb8734c3a38
    [testcontainers.org 00:00:26.10] Execute "pg_isready --host localhost --dbname whizbang_test --username postgres" at Docker container 9eb8734c3a38
    [testcontainers.org 00:00:27.26] Execute "pg_isready --host localhost --dbname whizbang_test --username postgres" at Docker container 9eb8734c3a38
    [testcontainers.org 00:00:27.36] Docker container 9eb8734c3a38 ready
    [testcontainers.org 00:00:27.51] Stop Docker container 9eb8734c3a38
    [testcontainers.org 00:00:27.86] Delete Docker container 9eb8734c3a38
  Error output
[testcontainers.org 00:00:28.05] Stop Docker container ec4acf098f50
[testcontainers.org 00:00:28.07] Stop Docker container f137301575a6
[testcontainers.org 00:00:28.07] Docker container d1b9f0fe9369 created
[testcontainers.org 00:00:28.08] Start Docker container d1b9f0fe9369
[testcontainers.org 00:00:28.15] Delete Docker container e8b5c8f074ed
[testcontainers.org 00:00:28.18] Docker container 436fb2d8b175 created
passed IsReadyAsync_WithRunningDatabaseAndSchema_ReturnsTrueAsync (687ms)
  Standard output
    [testcontainers.org 00:00:24.37] Docker container e8b5c8f074ed created
    [testcontainers.org 00:00:24.38] Start Docker container e8b5c8f074ed
    [testcontainers.org 00:00:25.01] Wait for Docker container e8b5c8f074ed to complete readiness checks
    [testcontainers.org 00:00:25.02] Execute "pg_isready --host localhost --dbname whizbang_test --username postgres" at Docker container e8b5c8f074ed
    [testcontainers.org 00:00:26.23] Execute "pg_isready --host localhost --dbname whizbang_test --username postgres" at Docker container e8b5c8f074ed
    [testcontainers.org 00:00:27.31] Execute "pg_isready --host localhost --dbname whizbang_test --username postgres" at Docker container e8b5c8f074ed
    [testcontainers.org 00:00:27.40] Docker container e8b5c8f074ed ready
    [testcontainers.org 00:00:27.57] Stop Docker container e8b5c8f074ed
    [testcontainers.org 00:00:28.15] Delete Docker container e8b5c8f074ed
  Error output
[testcontainers.org 00:00:28.19] Start Docker container 436fb2d8b175
[testcontainers.org 00:00:28.25] Execute "pg_isready --host localhost --dbname whizbang_test --username postgres" at Docker container a21c824180c3
[testcontainers.org 00:00:28.27] Delete Docker container 98b269378f6e
[testcontainers.org 00:00:28.27] Execute "pg_isready --host localhost --dbname whizbang_test --username postgres" at Docker container 70e88205f841
passed ProcessWorkBatchAsync_ConsistentHashing_SameStreamSamePartitionAsync (1s 078ms)
  Standard output
    [testcontainers.org 00:00:23.08] Docker container 98b269378f6e created
    [testcontainers.org 00:00:23.10] Start Docker container 98b269378f6e
    [testcontainers.org 00:00:23.77] Wait for Docker container 98b269378f6e to complete readiness checks
    [testcontainers.org 00:00:23.78] Execute "pg_isready --host localhost --dbname whizbang_test --username postgres" at Docker container 98b269378f6e
    [testcontainers.org 00:00:24.85] Execute "pg_isready --host localhost --dbname whizbang_test --username postgres" at Docker container 98b269378f6e
    [testcontainers.org 00:00:26.03] Execute "pg_isready --host localhost --dbname whizbang_test --username postgres" at Docker container 98b269378f6e
    [testcontainers.org 00:00:27.19] Execute "pg_isready --host localhost --dbname whizbang_test --username postgres" at Docker container 98b269378f6e
    [testcontainers.org 00:00:27.27] Docker container 98b269378f6e ready
    [testcontainers.org 00:00:27.63] Stop Docker container 98b269378f6e
    [testcontainers.org 00:00:28.27] Delete Docker container 98b269378f6e
  Error output
[testcontainers.org 00:00:28.42] Docker container 1407d99ca021 created
[testcontainers.org 00:00:28.44] Start Docker container 1407d99ca021
[testcontainers.org 00:00:28.45] Wait for Docker container a7856522ce2a to complete readiness checks
[testcontainers.org 00:00:28.47] Execute "pg_isready --host localhost --dbname whizbang_test --username postgres" at Docker container a7856522ce2a
[+465/x5/?0] Whizbang.Data.Postgres.Tests.dll (net10.0|arm64) - 14 tests running (30s)

[testcontainers.org 00:00:28.50] Docker container 70e88205f841 ready
[testcontainers.org 00:00:28.51] Docker container a21c824180c3 ready
[testcontainers.org 00:00:28.53] Delete Docker container ef1687c0206b
[testcontainers.org 00:00:28.53] Execute "pg_isready --host localhost --dbname whizbang_test --username postgres" at Docker container 08f6e43d9343
[testcontainers.org 00:00:28.53] Execute "pg_isready --host localhost --dbname whizbang_test --username postgres" at Docker container 63f58b1e8ff9
failed InitializeSchema_NoPerspectiveSql_ExecutesInfrastructureOnlyAsync (978ms)
  TUnit.Engine.Exceptions.TestFailedException: AssertionException: Expected to be true
  but found False
  
  at Assert.That((bool)exists!).IsTrue()
  Standard output
    [testcontainers.org 00:00:24.72] Docker container ef1687c0206b created
    [testcontainers.org 00:00:24.73] Start Docker container ef1687c0206b
    [testcontainers.org 00:00:25.35] Wait for Docker container ef1687c0206b to complete readiness checks
    [testcontainers.org 00:00:25.37] Execute "pg_isready --host localhost --dbname whizbang_test --username postgres" at Docker container ef1687c0206b
    [testcontainers.org 00:00:26.46] Execute "pg_isready --host localhost --dbname whizbang_test --username postgres" at Docker container ef1687c0206b
    [testcontainers.org 00:00:27.54] Execute "pg_isready --host localhost --dbname whizbang_test --username postgres" at Docker container ef1687c0206b
    [testcontainers.org 00:00:27.65] Docker container ef1687c0206b ready
    [testcontainers.org 00:00:27.71] Stop Docker container ef1687c0206b
    [testcontainers.org 00:00:28.53] Delete Docker container ef1687c0206b
  Error output
[testcontainers.org 00:00:28.61] Stop Docker container 70e88205f841
[testcontainers.org 00:00:28.62] Stop Docker container a21c824180c3
passed IsReadyAsync_WithCancellation_ThrowsOperationCanceledExceptionAsync (741ms)
  Standard output
    [testcontainers.org 00:00:23.49] Docker container ec4acf098f50 created
    [testcontainers.org 00:00:23.64] Start Docker container ec4acf098f50
    [testcontainers.org 00:00:24.24] Wait for Docker container ec4acf098f50 to complete readiness checks
    [testcontainers.org 00:00:24.25] Execute "pg_isready --host localhost --dbname whizbang_test --username postgres" at Docker container ec4acf098f50
    [testcontainers.org 00:00:25.38] Execute "pg_isready --host localhost --dbname whizbang_test --username postgres" at Docker container ec4acf098f50
    [testcontainers.org 00:00:26.46] Execute "pg_isready --host localhost --dbname whizbang_test --username postgres" at Docker container ec4acf098f50
    [testcontainers.org 00:00:27.74] Execute "pg_isready --host localhost --dbname whizbang_test --username postgres" at Docker container ec4acf098f50
    [testcontainers.org 00:00:27.81] Docker container ec4acf098f50 ready
    [testcontainers.org 00:00:28.05] Stop Docker container ec4acf098f50
    [testcontainers.org 00:00:28.69] Delete Docker container ec4acf098f50
  Error output
[testcontainers.org 00:00:28.69] Delete Docker container ec4acf098f50
[testcontainers.org 00:00:28.75] Delete Docker container f137301575a6
failed InitializeSchemaAsync_PerspectiveSqlNull_SkipsPerspectiveSqlAsync (883ms)
  TUnit.Engine.Exceptions.TestFailedException: AssertionException: Expected to be true
  but found False
  
  at Assert.That((bool)exists!).IsTrue()
  Standard output
    [testcontainers.org 00:00:24.86] Docker container f137301575a6 created
    [testcontainers.org 00:00:24.87] Start Docker container f137301575a6
    [testcontainers.org 00:00:25.55] Wait for Docker container f137301575a6 to complete readiness checks
    [testcontainers.org 00:00:25.58] Execute "pg_isready --host localhost --dbname whizbang_test --username postgres" at Docker container f137301575a6
    [testcontainers.org 00:00:26.73] Execute "pg_isready --host localhost --dbname whizbang_test --username postgres" at Docker container f137301575a6
    [testcontainers.org 00:00:27.80] Execute "pg_isready --host localhost --dbname whizbang_test --username postgres" at Docker container f137301575a6
    [testcontainers.org 00:00:27.94] Docker container f137301575a6 ready
    [testcontainers.org 00:00:28.07] Stop Docker container f137301575a6
    [testcontainers.org 00:00:28.75] Delete Docker container f137301575a6
  Error output
[testcontainers.org 00:00:28.83] Wait for Docker container d1b9f0fe9369 to complete readiness checks
[testcontainers.org 00:00:28.84] Execute "pg_isready --host localhost --dbname whizbang_test --username postgres" at Docker container d1b9f0fe9369
[testcontainers.org 00:00:28.89] Wait for Docker container 436fb2d8b175 to complete readiness checks
[testcontainers.org 00:00:28.89] Execute "pg_isready --host localhost --dbname whizbang_test --username postgres" at Docker container 436fb2d8b175
[testcontainers.org 00:00:29.01] Wait for Docker container 1407d99ca021 to complete readiness checks
[testcontainers.org 00:00:29.02] Execute "pg_isready --host localhost --dbname whizbang_test --username postgres" at Docker container 1407d99ca021
[testcontainers.org 00:00:29.06] Docker container 4296d643790b created
[testcontainers.org 00:00:29.07] Docker container 1d4d6b28edec created
[testcontainers.org 00:00:29.07] Start Docker container 4296d643790b
[testcontainers.org 00:00:29.08] Delete Docker container 70e88205f841
[testcontainers.org 00:00:29.09] Start Docker container 1d4d6b28edec
failed InitializeSchemaAsync_PerspectiveSqlEmpty_SkipsPerspectiveSqlAsync (724ms)
  TUnit.Engine.Exceptions.TestFailedException: AssertionException: Expected to be true
  but found False
  
  at Assert.That((bool)exists!).IsTrue()
  Standard output
    [testcontainers.org 00:00:25.32] Docker container 70e88205f841 created
    [testcontainers.org 00:00:25.35] Start Docker container 70e88205f841
    [testcontainers.org 00:00:26.02] Wait for Docker container 70e88205f841 to complete readiness checks
    [testcontainers.org 00:00:26.03] Execute "pg_isready --host localhost --dbname whizbang_test --username postgres" at Docker container 70e88205f841
    [testcontainers.org 00:00:27.18] Execute "pg_isready --host localhost --dbname whizbang_test --username postgres" at Docker container 70e88205f841
    [testcontainers.org 00:00:28.27] Execute "pg_isready --host localhost --dbname whizbang_test --username postgres" at Docker container 70e88205f841
    [testcontainers.org 00:00:28.50] Docker container 70e88205f841 ready
    [testcontainers.org 00:00:28.61] Stop Docker container 70e88205f841
    [testcontainers.org 00:00:29.08] Delete Docker container 70e88205f841
  Error output
[testcontainers.org 00:00:29.26] Delete Docker container a21c824180c3
failed InitializeSchemaAsync_WithPerspectiveSql_ExecutesBothSchemasAsync (820ms)
  TUnit.Engine.Exceptions.TestFailedException: AssertionException: Expected to be true
  but found False
  
  at Assert.That((bool)infraExists!).IsTrue()
  Standard output
    [testcontainers.org 00:00:25.08] Docker container a21c824180c3 created
    [testcontainers.org 00:00:25.13] Start Docker container a21c824180c3
    [testcontainers.org 00:00:25.79] Wait for Docker container a21c824180c3 to complete readiness checks
    [testcontainers.org 00:00:25.80] Execute "pg_isready --host localhost --dbname whizbang_test --username postgres" at Docker container a21c824180c3
    [testcontainers.org 00:00:27.17] Execute "pg_isready --host localhost --dbname whizbang_test --username postgres" at Docker container a21c824180c3
    [testcontainers.org 00:00:28.25] Execute "pg_isready --host localhost --dbname whizbang_test --username postgres" at Docker container a21c824180c3
    [testcontainers.org 00:00:28.51] Docker container a21c824180c3 ready
    [testcontainers.org 00:00:28.62] Stop Docker container a21c824180c3
    [testcontainers.org 00:00:29.26] Delete Docker container a21c824180c3
  Error output
[testcontainers.org 00:00:29.33] Docker container 1e995592912a created
[testcontainers.org 00:00:29.34] Start Docker container 1e995592912a
[testcontainers.org 00:00:29.37] Wait for Docker container 1d4d6b28edec to complete readiness checks
[testcontainers.org 00:00:29.38] Execute "pg_isready --host localhost --dbname empty_test --username postgres" at Docker container 1d4d6b28edec
[testcontainers.org 00:00:29.47] Wait for Docker container 4296d643790b to complete readiness checks
[testcontainers.org 00:00:29.48] Execute "pg_isready --host localhost --dbname whizbang_test --username postgres" at Docker container 4296d643790b
[testcontainers.org 00:00:29.57] Execute "pg_isready --host localhost --dbname whizbang_test --username postgres" at Docker container a7856522ce2a
[testcontainers.org 00:00:29.62] Execute "pg_isready --host localhost --dbname whizbang_test --username postgres" at Docker container 08f6e43d9343
[testcontainers.org 00:00:29.63] Execute "pg_isready --host localhost --dbname whizbang_test --username postgres" at Docker container 63f58b1e8ff9
[testcontainers.org 00:00:29.81] Docker container 08f6e43d9343 ready
[testcontainers.org 00:00:29.82] Stop Docker container 08f6e43d9343
[testcontainers.org 00:00:29.83] Docker container 63f58b1e8ff9 ready
[testcontainers.org 00:00:29.84] Stop Docker container 63f58b1e8ff9
[testcontainers.org 00:00:29.85] Wait for Docker container 1e995592912a to complete readiness checks
[testcontainers.org 00:00:29.86] Execute "pg_isready --host localhost --dbname whizbang_test --username postgres" at Docker container 1e995592912a
[testcontainers.org 00:00:29.93] Execute "pg_isready --host localhost --dbname whizbang_test --username postgres" at Docker container d1b9f0fe9369
[testcontainers.org 00:00:30.05] Execute "pg_isready --host localhost --dbname whizbang_test --username postgres" at Docker container 436fb2d8b175
[testcontainers.org 00:00:30.13] Execute "pg_isready --host localhost --dbname whizbang_test --username postgres" at Docker container 1407d99ca021
passed Constructor_WithConnectionStringOnly_InitializesSuccessfullyAsync (472ms)
  Standard output
    [testcontainers.org 00:00:26.90] Docker container 08f6e43d9343 created
    [testcontainers.org 00:00:26.91] Start Docker container 08f6e43d9343
    [testcontainers.org 00:00:27.39] Wait for Docker container 08f6e43d9343 to complete readiness checks
    [testcontainers.org 00:00:27.40] Execute "pg_isready --host localhost --dbname whizbang_test --username postgres" at Docker container 08f6e43d9343
    [testcontainers.org 00:00:28.53] Execute "pg_isready --host localhost --dbname whizbang_test --username postgres" at Docker container 08f6e43d9343
    [testcontainers.org 00:00:29.62] Execute "pg_isready --host localhost --dbname whizbang_test --username postgres" at Docker container 08f6e43d9343
    [testcontainers.org 00:00:29.81] Docker container 08f6e43d9343 ready
    [testcontainers.org 00:00:29.82] Stop Docker container 08f6e43d9343
    [testcontainers.org 00:00:30.25] Delete Docker container 08f6e43d9343
  Error output
[testcontainers.org 00:00:30.25] Delete Docker container 08f6e43d9343
passed Constructor_WithPerspectiveSql_InitializesSuccessfullyAsync (513ms)
  Standard output
    [testcontainers.org 00:00:26.49] Docker container 63f58b1e8ff9 created
    [testcontainers.org 00:00:26.51] Start Docker container 63f58b1e8ff9
    [testcontainers.org 00:00:27.32] Wait for Docker container 63f58b1e8ff9 to complete readiness checks
    [testcontainers.org 00:00:27.34] Execute "pg_isready --host localhost --dbname whizbang_test --username postgres" at Docker container 63f58b1e8ff9
    [testcontainers.org 00:00:28.53] Execute "pg_isready --host localhost --dbname whizbang_test --username postgres" at Docker container 63f58b1e8ff9
    [testcontainers.org 00:00:29.63] Execute "pg_isready --host localhost --dbname whizbang_test --username postgres" at Docker container 63f58b1e8ff9
    [testcontainers.org 00:00:29.83] Docker container 63f58b1e8ff9 ready
    [testcontainers.org 00:00:29.84] Stop Docker container 63f58b1e8ff9
    [testcontainers.org 00:00:30.30] Delete Docker container 63f58b1e8ff9
  Error output
[testcontainers.org 00:00:30.30] Delete Docker container 63f58b1e8ff9
[testcontainers.org 00:00:30.50] Execute "pg_isready --host localhost --dbname empty_test --username postgres" at Docker container 1d4d6b28edec
[testcontainers.org 00:00:30.78] Execute "pg_isready --host localhost --dbname whizbang_test --username postgres" at Docker container 4296d643790b
[testcontainers.org 00:00:30.82] Execute "pg_isready --host localhost --dbname whizbang_test --username postgres" at Docker container a7856522ce2a
[testcontainers.org 00:00:30.86] Docker container a7856522ce2a ready
[testcontainers.org 00:00:30.88] Stop Docker container a7856522ce2a
[testcontainers.org 00:00:30.98] Execute "pg_isready --host localhost --dbname whizbang_test --username postgres" at Docker container 1e995592912a
[testcontainers.org 00:00:31.01] Docker container 1e995592912a ready
[testcontainers.org 00:00:31.02] Stop Docker container 1e995592912a
failed InitializeSchemaAsync_NoPerspectiveSql_ExecutesInfrastructureOnlyAsync (260ms)
  TUnit.Engine.Exceptions.TestFailedException: AssertionException: Expected to be true
  but found False
  
  at Assert.That((bool)exists!).IsTrue()
  Standard output
    [testcontainers.org 00:00:27.67] Docker container a7856522ce2a created
    [testcontainers.org 00:00:27.69] Start Docker container a7856522ce2a
    [testcontainers.org 00:00:28.45] Wait for Docker container a7856522ce2a to complete readiness checks
    [testcontainers.org 00:00:28.47] Execute "pg_isready --host localhost --dbname whizbang_test --username postgres" at Docker container a7856522ce2a
    [testcontainers.org 00:00:29.57] Execute "pg_isready --host localhost --dbname whizbang_test --username postgres" at Docker container a7856522ce2a
    [testcontainers.org 00:00:30.82] Execute "pg_isready --host localhost --dbname whizbang_test --username postgres" at Docker container a7856522ce2a
    [testcontainers.org 00:00:30.86] Docker container a7856522ce2a ready
    [testcontainers.org 00:00:30.88] Stop Docker container a7856522ce2a
    [testcontainers.org 00:00:31.10] Delete Docker container a7856522ce2a
  Error output
[testcontainers.org 00:00:31.10] Delete Docker container a7856522ce2a
[testcontainers.org 00:00:31.10] Execute "pg_isready --host localhost --dbname whizbang_test --username postgres" at Docker container d1b9f0fe9369
[testcontainers.org 00:00:31.12] Execute "pg_isready --host localhost --dbname whizbang_test --username postgres" at Docker container 436fb2d8b175
[testcontainers.org 00:00:31.15] Docker container d1b9f0fe9369 ready
[testcontainers.org 00:00:31.15] Docker container 436fb2d8b175 ready
[testcontainers.org 00:00:31.16] Stop Docker container 436fb2d8b175
[testcontainers.org 00:00:31.18] Execute "pg_isready --host localhost --dbname whizbang_test --username postgres" at Docker container 1407d99ca021
[testcontainers.org 00:00:31.18] Stop Docker container d1b9f0fe9369
passed AddWhizbangPostgres_InitializeSchemaFalse_DoesNotInitializeAsync (245ms)
  Standard output
    [testcontainers.org 00:00:29.33] Docker container 1e995592912a created
    [testcontainers.org 00:00:29.34] Start Docker container 1e995592912a
    [testcontainers.org 00:00:29.85] Wait for Docker container 1e995592912a to complete readiness checks
    [testcontainers.org 00:00:29.86] Execute "pg_isready --host localhost --dbname whizbang_test --username postgres" at Docker container 1e995592912a
    [testcontainers.org 00:00:30.98] Execute "pg_isready --host localhost --dbname whizbang_test --username postgres" at Docker container 1e995592912a
    [testcontainers.org 00:00:31.01] Docker container 1e995592912a ready
    [testcontainers.org 00:00:31.02] Stop Docker container 1e995592912a
    [testcontainers.org 00:00:31.21] Delete Docker container 1e995592912a
  Error output
[testcontainers.org 00:00:31.21] Delete Docker container 1e995592912a
[testcontainers.org 00:00:31.22] Docker container 1407d99ca021 ready
[testcontainers.org 00:00:31.26] Stop Docker container 1407d99ca021
failed AddWhizbangPostgresHealthChecks_RegistersHealthCheckAsync (214ms)
  TUnit.Engine.Exceptions.TestFailedException: InvalidOperationException: Unable to resolve service for type 'Microsoft.Extensions.Logging.ILogger`1[Microsoft.Extensions.Diagnostics.HealthChecks.DefaultHealthCheckService]' while attempting to activate 'Microsoft.Extensions.Diagnostics.HealthChecks.DefaultHealthCheckService'.
    at Microsoft.Extensions.DependencyInjection.ServiceLookup.CallSiteFactory.CreateArgumentCallSites(ServiceIdentifier serviceIdentifier, Type implementationType, CallSiteChain callSiteChain, ParameterInfo[] parameters, Boolean throwIfCallSiteNotFound)
    at Microsoft.Extensions.DependencyInjection.ServiceLookup.CallSiteFactory.CreateConstructorCallSite(ResultCache lifetime, ServiceIdentifier serviceIdentifier, Type implementationType, CallSiteChain callSiteChain)
    at Microsoft.Extensions.DependencyInjection.ServiceLookup.CallSiteFactory.CreateExact(ServiceDescriptor descriptor, ServiceIdentifier serviceIdentifier, CallSiteChain callSiteChain, Int32 slot)
    at Microsoft.Extensions.DependencyInjection.ServiceLookup.CallSiteFactory.TryCreateExact(ServiceDescriptor descriptor, ServiceIdentifier serviceIdentifier, CallSiteChain callSiteChain, Int32 slot)
    at Microsoft.Extensions.DependencyInjection.ServiceLookup.CallSiteFactory.TryCreateExact(ServiceIdentifier serviceIdentifier, CallSiteChain callSiteChain)
    at Microsoft.Extensions.DependencyInjection.ServiceLookup.CallSiteFactory.CreateCallSite(ServiceIdentifier serviceIdentifier, CallSiteChain callSiteChain)
    at Microsoft.Extensions.DependencyInjection.ServiceLookup.CallSiteFactory.GetCallSite(ServiceIdentifier serviceIdentifier, CallSiteChain callSiteChain)
    at Microsoft.Extensions.DependencyInjection.ServiceProvider.CreateServiceAccessor(ServiceIdentifier serviceIdentifier)
    at Microsoft.Extensions.DependencyInjection.ServiceProvider.GetService(ServiceIdentifier serviceIdentifier, ServiceProviderEngineScope serviceProviderEngineScope)
    at Microsoft.Extensions.DependencyInjection.ServiceProvider.GetService(Type serviceType)
    at Microsoft.Extensions.DependencyInjection.ServiceProviderServiceExtensions.GetService[T](IServiceProvider provider)
    at Whizbang.Data.Postgres.Tests.ServiceCollectionExtensionsTests.AddWhizbangPostgresHealthChecks_RegistersHealthCheckAsync() in /Users/philcarbone/src/whizbang/tests/Whizbang.Data.Postgres.Tests/ServiceCollectionExtensionsTests.cs:168
  Standard output
    [testcontainers.org 00:00:28.18] Docker container 436fb2d8b175 created
    [testcontainers.org 00:00:28.19] Start Docker container 436fb2d8b175
    [testcontainers.org 00:00:28.89] Wait for Docker container 436fb2d8b175 to complete readiness checks
    [testcontainers.org 00:00:28.89] Execute "pg_isready --host localhost --dbname whizbang_test --username postgres" at Docker container 436fb2d8b175
    [testcontainers.org 00:00:30.05] Execute "pg_isready --host localhost --dbname whizbang_test --username postgres" at Docker container 436fb2d8b175
    [testcontainers.org 00:00:31.12] Execute "pg_isready --host localhost --dbname whizbang_test --username postgres" at Docker container 436fb2d8b175
    [testcontainers.org 00:00:31.15] Docker container 436fb2d8b175 ready
    [testcontainers.org 00:00:31.16] Stop Docker container 436fb2d8b175
    [testcontainers.org 00:00:31.34] Delete Docker container 436fb2d8b175
  Error output
[testcontainers.org 00:00:31.34] Delete Docker container 436fb2d8b175
failed InitializeSchema_WithPerspectiveSql_ExecutesBothSchemasAsync (274ms)
  TUnit.Engine.Exceptions.TestFailedException: AssertionException: Expected to be true
  but found False
  
  at Assert.That((bool)infraExists!).IsTrue()
  Standard output
    [testcontainers.org 00:00:28.07] Docker container d1b9f0fe9369 created
    [testcontainers.org 00:00:28.08] Start Docker container d1b9f0fe9369
    [testcontainers.org 00:00:28.83] Wait for Docker container d1b9f0fe9369 to complete readiness checks
    [testcontainers.org 00:00:28.84] Execute "pg_isready --host localhost --dbname whizbang_test --username postgres" at Docker container d1b9f0fe9369
    [testcontainers.org 00:00:29.93] Execute "pg_isready --host localhost --dbname whizbang_test --username postgres" at Docker container d1b9f0fe9369
    [testcontainers.org 00:00:31.10] Execute "pg_isready --host localhost --dbname whizbang_test --username postgres" at Docker container d1b9f0fe9369
    [testcontainers.org 00:00:31.15] Docker container d1b9f0fe9369 ready
    [testcontainers.org 00:00:31.18] Stop Docker container d1b9f0fe9369
    [testcontainers.org 00:00:31.40] Delete Docker container d1b9f0fe9369
  Error output
failed AddWhizbangPostgres_InitializeSchemaTrue_WithPerspective_InitializesBothAsync (251ms)
  TUnit.Engine.Exceptions.TestFailedException: AssertionException: Expected to be true
  but found False
  
  at Assert.That((bool)infraExists!).IsTrue()
  Standard output
    [testcontainers.org 00:00:28.42] Docker container 1407d99ca021 created
    [testcontainers.org 00:00:28.44] Start Docker container 1407d99ca021
    [testcontainers.org 00:00:29.01] Wait for Docker container 1407d99ca021 to complete readiness checks
    [testcontainers.org 00:00:29.02] Execute "pg_isready --host localhost --dbname whizbang_test --username postgres" at Docker container 1407d99ca021
    [testcontainers.org 00:00:30.13] Execute "pg_isready --host localhost --dbname whizbang_test --username postgres" at Docker container 1407d99ca021
    [testcontainers.org 00:00:31.18] Execute "pg_isready --host localhost --dbname whizbang_test --username postgres" at Docker container 1407d99ca021
    [testcontainers.org 00:00:31.22] Docker container 1407d99ca021 ready
    [testcontainers.org 00:00:31.26] Stop Docker container 1407d99ca021
    [testcontainers.org 00:00:31.45] Delete Docker container 1407d99ca021
  Error output
[testcontainers.org 00:00:31.40] Delete Docker container d1b9f0fe9369
[testcontainers.org 00:00:31.45] Delete Docker container 1407d99ca021
[+469/x13/?0] Whizbang.Data.Postgres.Tests.dll (net10.0|arm64) - 2 tests running (33s)

[testcontainers.org 00:00:31.55] Execute "pg_isready --host localhost --dbname empty_test --username postgres" at Docker container 1d4d6b28edec
[testcontainers.org 00:00:31.59] Docker container 1d4d6b28edec ready
[testcontainers.org 00:00:31.61] Stop Docker container 1d4d6b28edec
[testcontainers.org 00:00:31.79] Delete Docker container 1d4d6b28edec
[testcontainers.org 00:00:31.80] Stop Docker container e851b6d10f56
[testcontainers.org 00:00:31.82] Execute "pg_isready --host localhost --dbname whizbang_test --username postgres" at Docker container 4296d643790b
[testcontainers.org 00:00:31.86] Docker container 4296d643790b ready
[testcontainers.org 00:00:31.89] Stop Docker container 4296d643790b
[testcontainers.org 00:00:31.98] Delete Docker container e851b6d10f56
passed IsReadyAsync_WithMissingTables_ReturnsFalseAsync (3s 923ms)
  Standard output
    [testcontainers.org 00:00:23.89] Docker container e851b6d10f56 created
    [testcontainers.org 00:00:23.90] Start Docker container e851b6d10f56
    [testcontainers.org 00:00:24.39] Wait for Docker container e851b6d10f56 to complete readiness checks
    [testcontainers.org 00:00:24.41] Execute "pg_isready --host localhost --dbname whizbang_test --username postgres" at Docker container e851b6d10f56
    [testcontainers.org 00:00:25.56] Execute "pg_isready --host localhost --dbname whizbang_test --username postgres" at Docker container e851b6d10f56
    [testcontainers.org 00:00:26.66] Execute "pg_isready --host localhost --dbname whizbang_test --username postgres" at Docker container e851b6d10f56
    [testcontainers.org 00:00:27.78] Execute "pg_isready --host localhost --dbname whizbang_test --username postgres" at Docker container e851b6d10f56
    [testcontainers.org 00:00:27.89] Docker container e851b6d10f56 ready
    [testcontainers.org 00:00:29.07] Docker container 1d4d6b28edec created
    [testcontainers.org 00:00:29.09] Start Docker container 1d4d6b28edec
    [testcontainers.org 00:00:29.37] Wait for Docker container 1d4d6b28edec to complete readiness checks
    [testcontainers.org 00:00:29.38] Execute "pg_isready --host localhost --dbname empty_test --username postgres" at Docker container 1d4d6b28edec
    [testcontainers.org 00:00:30.50] Execute "pg_isready --host localhost --dbname empty_test --username postgres" at Docker container 1d4d6b28edec
    [testcontainers.org 00:00:31.55] Execute "pg_isready --host localhost --dbname empty_test --username postgres" at Docker container 1d4d6b28edec
    [testcontainers.org 00:00:31.59] Docker container 1d4d6b28edec ready
    [testcontainers.org 00:00:31.61] Stop Docker container 1d4d6b28edec
    [testcontainers.org 00:00:31.79] Delete Docker container 1d4d6b28edec
    [testcontainers.org 00:00:31.80] Stop Docker container e851b6d10f56
    [testcontainers.org 00:00:31.98] Delete Docker container e851b6d10f56
  Error output
[testcontainers.org 00:00:32.07] Delete Docker container 4296d643790b
failed AddWhizbangPostgres_InitializeSchemaTrue_NoPerspective_InitializesInfraOnlyAsync (280ms)
  TUnit.Engine.Exceptions.TestFailedException: AssertionException: Expected to be true
  but found False
  
  at Assert.That((bool)exists!).IsTrue()
  Standard output
    [testcontainers.org 00:00:29.06] Docker container 4296d643790b created
    [testcontainers.org 00:00:29.07] Start Docker container 4296d643790b
    [testcontainers.org 00:00:29.47] Wait for Docker container 4296d643790b to complete readiness checks
    [testcontainers.org 00:00:29.48] Execute "pg_isready --host localhost --dbname whizbang_test --username postgres" at Docker container 4296d643790b
    [testcontainers.org 00:00:30.78] Execute "pg_isready --host localhost --dbname whizbang_test --username postgres" at Docker container 4296d643790b
    [testcontainers.org 00:00:31.82] Execute "pg_isready --host localhost --dbname whizbang_test --username postgres" at Docker container 4296d643790b
    [testcontainers.org 00:00:31.86] Docker container 4296d643790b ready
    [testcontainers.org 00:00:31.89] Stop Docker container 4296d643790b
    [testcontainers.org 00:00:32.07] Delete Docker container 4296d643790b
  Error output
passed SetProvider_WithValidProvider_ShouldUseCustomProviderAsync (0ms)
passed SetProvider_WithNullProvider_ShouldThrowArgumentNullExceptionAsync (0ms)
passed SetProvider_CalledMultipleTimes_ShouldUseLatestProviderAsync (0ms)
passed NewGuid_WithCustomProvider_ShouldReturnCustomGuidAsync (0ms)
passed NewGuid_WithDefaultProvider_ShouldReturnUuidV7Async (0ms)
passed ConfigureWhizbangIdProvider_WithCustomProvider_ShouldAffectGlobalGenerationAsync (0ms)
passed ConfigureWhizbangIdProvider_ShouldReturnServiceCollectionAsync (0ms)
passed ConfigureWhizbangIdProvider_WithValidProvider_ShouldSetGlobalProviderAsync (0ms)
passed AddWhizbangIdProviders_WithCustomProvider_UsesCustomProviderAsync (0ms)
passed LocalInvokeAsync_VoidReceptor_WithContext_ShouldAcceptContextAsync (0ms)
passed SendManyAsync_Generic_CreatesTypedEnvelopesAsync (5ms)
passed LocalInvokeAsync_VoidReceptor_ShouldInvokeWithoutReturningResultAsync (0ms)
passed SendAsync_Generic_CreatesTypedEnvelopeForTracingAsync (2ms)
passed LocalInvokeAsync_VoidReceptor_WithTracing_StoresEnvelopeAsync (0ms)
passed LocalInvokeAsync_VoidReceptor_SynchronousCompletion_ShouldNotAllocateAsync (0ms)
passed LocalInvokeAsync_VoidReceptor_MultipleInvocations_ShouldTrackAllAsync (0ms)
passed LocalInvokeAsync_DoesNotRequireTypePreservation_ForInProcessRPCAsync (1ms)

Test run summary: Failed! - /Users/philcarbone/src/whizbang/tests/Whizbang.Data.Postgres.Tests/bin/Debug/net10.0/Whizbang.Data.Postgres.Tests.dll (net10.0|arm64)
  total: 501
  failed: 14
  succeeded: 487
  skipped: 0
  duration: 33s 689ms
